<?xml version="1.0" encoding="UTF-8"?>
<testsuite name="org.openbaton.vim_driver.test.DockerVimTest" tests="16" skipped="15" failures="0" errors="0" timestamp="2016-12-21T03:01:30" hostname="Thesis" time="18.665">
  <properties/>
  <testcase name="deleteNetworkTest" classname="org.openbaton.vim_driver.test.DockerVimTest" time="0.001">
    <skipped/>
  </testcase>
  <testcase name="listNetworksTest" classname="org.openbaton.vim_driver.test.DockerVimTest" time="0.0">
    <skipped/>
  </testcase>
  <testcase name="deleteServerByIdAndWaitTest" classname="org.openbaton.vim_driver.test.DockerVimTest" time="0.0">
    <skipped/>
  </testcase>
  <testcase name="disconnectContainerFromNetworkTest" classname="org.openbaton.vim_driver.test.DockerVimTest" time="0.0">
    <skipped/>
  </testcase>
  <testcase name="getNetworkByIdTest" classname="org.openbaton.vim_driver.test.DockerVimTest" time="0.0">
    <skipped/>
  </testcase>
  <testcase name="createDockerNetworkTest" classname="org.openbaton.vim_driver.test.DockerVimTest" time="0.0">
    <skipped/>
  </testcase>
  <testcase name="deleteImageTest" classname="org.openbaton.vim_driver.test.DockerVimTest" time="0.0">
    <skipped/>
  </testcase>
  <testcase name="pullImageTest" classname="org.openbaton.vim_driver.test.DockerVimTest" time="0.001">
    <skipped/>
  </testcase>
  <testcase name="createVolumeTest" classname="org.openbaton.vim_driver.test.DockerVimTest" time="0.0">
    <skipped/>
  </testcase>
  <testcase name="listServerTest" classname="org.openbaton.vim_driver.test.DockerVimTest" time="0.001">
    <skipped/>
  </testcase>
  <testcase name="copyArchiveToContainerTest" classname="org.openbaton.vim_driver.test.DockerVimTest" time="0.0">
    <skipped/>
  </testcase>
  <testcase name="listImagesTest" classname="org.openbaton.vim_driver.test.DockerVimTest" time="0.001">
    <skipped/>
  </testcase>
  <testcase name="deleteVolumeTest" classname="org.openbaton.vim_driver.test.DockerVimTest" time="0.0">
    <skipped/>
  </testcase>
  <testcase name="launchInstanceTest" classname="org.openbaton.vim_driver.test.DockerVimTest" time="0.0">
    <skipped/>
  </testcase>
  <testcase name="execCommandTest" classname="org.openbaton.vim_driver.test.DockerVimTest" time="0.001">
    <skipped/>
  </testcase>
  <testcase name="connectContainerToNetworkTest" classname="org.openbaton.vim_driver.test.DockerVimTest" time="18.653"/>
  <system-out><![CDATA[04:01:30.170 [Test worker] DEBUG org.openbaton.docker.DockerVim - Loading properties
04:01:30.174 [Test worker] DEBUG org.openbaton.docker.DockerVim - Loaded properties: {vim.instance.auth.url=tcp://Thesis:2376, docker.cert.path=/home/sakib/.docker, type=docker}
Cert Path : null
Cert Path : null
04:01:31.270 [Test worker] DEBUG c.g.d.core.command.AbstrDockerCmd - Cmd: -1,<null>,true,<null>,<null>,com.github.dockerjava.core.util.FiltersBuilder@0,com.github.dockerjava.jaxrs.ListContainersCmdExec@20107a21
04:01:31.477 [Test worker] DEBUG c.g.d.j.JerseyDockerCmdExecFactory - 1 * Sending client request on thread Test worker
1 > GET https://Thesis:2376/containers/json?all=true
1 > Accept: application/json

04:01:31.532 [Test worker] DEBUG o.a.h.c.protocol.RequestAddCookies - CookieSpec selected: default
04:01:31.538 [Test worker] DEBUG o.a.h.c.protocol.RequestAuthCache - Auth cache not set in the context
04:01:31.539 [Test worker] DEBUG c.g.d.j.JerseyDockerCmdExecFactory$1 - Connection request: [route: {s}->https://Thesis:2376][total kept alive: 0; route allocated: 0 of 2; total allocated: 0 of 20]
04:01:31.547 [Test worker] DEBUG c.g.d.j.JerseyDockerCmdExecFactory$1 - Connection leased: [id: 0][route: {s}->https://Thesis:2376][total kept alive: 0; route allocated: 1 of 2; total allocated: 1 of 20]
04:01:31.548 [Test worker] DEBUG o.a.h.impl.execchain.MainClientExec - Opening connection {s}->https://Thesis:2376
04:01:31.551 [Test worker] DEBUG o.a.h.i.c.DefaultHttpClientConnectionOperator - Connecting to Thesis/127.0.1.1:2376
04:01:31.551 [Test worker] DEBUG o.a.h.c.s.SSLConnectionSocketFactory - Connecting socket to Thesis/127.0.1.1:2376 with timeout 0
04:01:32.043 [Test worker] DEBUG o.a.h.c.s.SSLConnectionSocketFactory - Enabled protocols: [TLSv1]
04:01:32.044 [Test worker] DEBUG o.a.h.c.s.SSLConnectionSocketFactory - Enabled cipher suites:[TLS_ECDHE_ECDSA_WITH_AES_128_CBC_SHA, TLS_ECDHE_RSA_WITH_AES_128_CBC_SHA, TLS_RSA_WITH_AES_128_CBC_SHA, TLS_ECDH_ECDSA_WITH_AES_128_CBC_SHA, TLS_ECDH_RSA_WITH_AES_128_CBC_SHA, TLS_DHE_RSA_WITH_AES_128_CBC_SHA, TLS_DHE_DSS_WITH_AES_128_CBC_SHA, TLS_ECDHE_ECDSA_WITH_3DES_EDE_CBC_SHA, TLS_ECDHE_RSA_WITH_3DES_EDE_CBC_SHA, SSL_RSA_WITH_3DES_EDE_CBC_SHA, TLS_ECDH_ECDSA_WITH_3DES_EDE_CBC_SHA, TLS_ECDH_RSA_WITH_3DES_EDE_CBC_SHA, SSL_DHE_RSA_WITH_3DES_EDE_CBC_SHA, SSL_DHE_DSS_WITH_3DES_EDE_CBC_SHA, TLS_ECDHE_ECDSA_WITH_RC4_128_SHA, TLS_ECDHE_RSA_WITH_RC4_128_SHA, SSL_RSA_WITH_RC4_128_SHA, TLS_ECDH_ECDSA_WITH_RC4_128_SHA, TLS_ECDH_RSA_WITH_RC4_128_SHA, SSL_RSA_WITH_RC4_128_MD5, TLS_EMPTY_RENEGOTIATION_INFO_SCSV]
04:01:32.044 [Test worker] DEBUG o.a.h.c.s.SSLConnectionSocketFactory - Starting handshake
04:01:32.183 [Test worker] DEBUG o.a.h.c.s.SSLConnectionSocketFactory - Secure session established
04:01:32.184 [Test worker] DEBUG o.a.h.c.s.SSLConnectionSocketFactory -  negotiated protocol: TLSv1
04:01:32.184 [Test worker] DEBUG o.a.h.c.s.SSLConnectionSocketFactory -  negotiated cipher suite: TLS_ECDHE_RSA_WITH_AES_128_CBC_SHA
04:01:32.184 [Test worker] DEBUG o.a.h.c.s.SSLConnectionSocketFactory -  peer principal: CN=Thesis
04:01:32.184 [Test worker] DEBUG o.a.h.c.s.SSLConnectionSocketFactory -  issuer principal: EMAILADDRESS=sha@yamil.com, CN=Thesis, OU=Open, O=Fra, L=BER, ST=BER, C=DE
04:01:32.187 [Test worker] DEBUG o.a.h.i.c.DefaultHttpClientConnectionOperator - Connection established 127.0.0.1:60928<->127.0.1.1:2376
04:01:32.187 [Test worker] DEBUG o.a.h.impl.execchain.MainClientExec - Executing request GET /containers/json?all=true HTTP/1.1
04:01:32.187 [Test worker] DEBUG o.a.h.impl.execchain.MainClientExec - Target auth state: UNCHALLENGED
04:01:32.188 [Test worker] DEBUG o.a.h.impl.execchain.MainClientExec - Proxy auth state: UNCHALLENGED
04:01:32.188 [Test worker] DEBUG org.apache.http.headers - http-outgoing-0 >> GET /containers/json?all=true HTTP/1.1
04:01:32.189 [Test worker] DEBUG org.apache.http.headers - http-outgoing-0 >> Accept: application/json
04:01:32.189 [Test worker] DEBUG org.apache.http.headers - http-outgoing-0 >> User-Agent: Jersey/2.23.1 (Apache HttpClient 4.5.1)
04:01:32.189 [Test worker] DEBUG org.apache.http.headers - http-outgoing-0 >> Host: Thesis:2376
04:01:32.189 [Test worker] DEBUG org.apache.http.headers - http-outgoing-0 >> Connection: Keep-Alive
04:01:32.190 [Test worker] DEBUG org.apache.http.headers - http-outgoing-0 >> Accept-Encoding: gzip,deflate
04:01:32.190 [Test worker] DEBUG org.apache.http.wire - http-outgoing-0 >> "GET /containers/json?all=true HTTP/1.1[\r][\n]"
04:01:32.190 [Test worker] DEBUG org.apache.http.wire - http-outgoing-0 >> "Accept: application/json[\r][\n]"
04:01:32.190 [Test worker] DEBUG org.apache.http.wire - http-outgoing-0 >> "User-Agent: Jersey/2.23.1 (Apache HttpClient 4.5.1)[\r][\n]"
04:01:32.190 [Test worker] DEBUG org.apache.http.wire - http-outgoing-0 >> "Host: Thesis:2376[\r][\n]"
04:01:32.190 [Test worker] DEBUG org.apache.http.wire - http-outgoing-0 >> "Connection: Keep-Alive[\r][\n]"
04:01:32.191 [Test worker] DEBUG org.apache.http.wire - http-outgoing-0 >> "Accept-Encoding: gzip,deflate[\r][\n]"
04:01:32.191 [Test worker] DEBUG org.apache.http.wire - http-outgoing-0 >> "[\r][\n]"
04:01:32.191 [Test worker] DEBUG org.apache.http.wire - http-outgoing-0 << "H"
04:01:32.192 [Test worker] DEBUG org.apache.http.wire - http-outgoing-0 << "TTP/1.1 200 OK[\r][\n]"
04:01:32.192 [Test worker] DEBUG org.apache.http.wire - http-outgoing-0 << "Content-Type: application/json[\r][\n]"
04:01:32.192 [Test worker] DEBUG org.apache.http.wire - http-outgoing-0 << "Server: Docker/1.12.3 (linux)[\r][\n]"
04:01:32.192 [Test worker] DEBUG org.apache.http.wire - http-outgoing-0 << "Date: Wed, 21 Dec 2016 03:01:32 GMT[\r][\n]"
04:01:32.193 [Test worker] DEBUG org.apache.http.wire - http-outgoing-0 << "Content-Length: 914[\r][\n]"
04:01:32.193 [Test worker] DEBUG org.apache.http.wire - http-outgoing-0 << "[\r][\n]"
04:01:32.193 [Test worker] DEBUG org.apache.http.wire - http-outgoing-0 << "[{"Id":"d42716ab9b81617f3af151880a5f3240fbbba9d20c73da332476081a1074ab25","Names":["/iperf-client"],"Image":"ubuntu:14.04","ImageID":"sha256:aae2b63c49461fcae4962e4a8043f66acf8e3af7e62f5ebceb70b181d8ca01e0","Command":"sleep 99999","Created":1482288974,"Ports":[{"IP":"0.0.0.0","PrivatePort":5061,"PublicPort":5061,"Type":"tcp"},{"IP":"0.0.0.0","PrivatePort":3857,"PublicPort":3857,"Type":"tcp"}],"Labels":{},"State":"running","Status":"Up 5 minutes","HostConfig":{"NetworkMode":"default"},"NetworkSettings":{"Networks":{"bridge":{"IPAMConfig":null,"Links":null,"Aliases":null,"NetworkID":"efdbf560175b2fea9530e9bd81555f23f020db58853647978dae51acf69f47b1","EndpointID":"5abea24dd18139b454f542e7203597ff41e0fb5d9fac4463a8455dd494d1985b","Gateway":"172.17.0.1","IPAddress":"172.17.0.2","IPPrefixLen":16,"IPv6Gateway":"","GlobalIPv6Address":"","GlobalIPv6PrefixLen":0,"MacAddress":"02:42:ac:11:00:02"}}},"Mounts":[]}][\n]"
04:01:32.194 [Test worker] DEBUG org.apache.http.headers - http-outgoing-0 << HTTP/1.1 200 OK
04:01:32.203 [Test worker] DEBUG org.apache.http.headers - http-outgoing-0 << Content-Type: application/json
04:01:32.203 [Test worker] DEBUG org.apache.http.headers - http-outgoing-0 << Server: Docker/1.12.3 (linux)
04:01:32.203 [Test worker] DEBUG org.apache.http.headers - http-outgoing-0 << Date: Wed, 21 Dec 2016 03:01:32 GMT
04:01:32.203 [Test worker] DEBUG org.apache.http.headers - http-outgoing-0 << Content-Length: 914
04:01:32.205 [Test worker] DEBUG o.a.h.impl.execchain.MainClientExec - Connection can be kept alive indefinitely
04:01:32.210 [Test worker] DEBUG c.g.d.j.JerseyDockerCmdExecFactory - 2 * Client response received on thread Test worker
2 < 200
2 < Content-Length: 914
2 < Content-Type: application/json
2 < Date: Wed, 21 Dec 2016 03:01:32 GMT
2 < Server: Docker/1.12.3 (linux)
[{"Id":"d42716ab9b81617f3af151880a5f3240fbbba9d20c73da332476081a1074ab25","Names":["/iperf-client"],"Image":"ubuntu:14.04","ImageID":"sha256:aae2b63c49461fcae4962e4a8043f66acf8e3af7e62f5ebceb70b181d8ca01e0","Command":"sleep 99999","Created":1482288974,"Ports":[{"IP":"0.0.0.0","PrivatePort":5061,"PublicPort":5061,"Type":"tcp"},{"IP":"0.0.0.0","PrivatePort":3857,"PublicPort":3857,"Type":"tcp"}],"Labels":{},"State":"running","Status":"Up 5 minutes","HostConfig":{"NetworkMode":"default"},"NetworkSettings":{"Networks":{"bridge":{"IPAMConfig":null,"Links":null,"Aliases":null,"NetworkID":"efdbf560175b2fea9530e9bd81555f23f020db58853647978dae51acf69f47b1","EndpointID":"5abea24dd18139b454f542e7203597ff41e0fb5d9fac4463a8455dd494d1985b","Gateway":"172.17.0.1","IPAddress":"172.17.0.2","IPPrefixLen":16,"IPv6Gateway":"","GlobalIPv6Address":"","GlobalIPv6PrefixLen":0,"MacAddress":"02:42:ac:11:00:02"}}},"Mounts":[]}]


04:01:32.442 [Test worker] DEBUG o.a.h.i.c.DefaultManagedHttpClientConnection - http-outgoing-0: Close connection
04:01:32.459 [Test worker] DEBUG o.a.h.impl.execchain.MainClientExec - Connection discarded
04:01:32.459 [Test worker] DEBUG c.g.d.j.JerseyDockerCmdExecFactory$1 - Connection released: [id: 0][route: {s}->https://Thesis:2376][total kept alive: 0; route allocated: 0 of 2; total allocated: 0 of 20]
Cert Path : null
04:01:32.489 [Test worker] DEBUG c.g.d.core.command.AbstrDockerCmd - Cmd: ListImagesCmdImpl[imageNameFilter=<null>,showAll=true,filters=com.github.dockerjava.core.util.FiltersBuilder@0,execution=com.github.dockerjava.jaxrs.ListImagesCmdExec@6655cf60]
04:01:32.536 [Test worker] DEBUG c.g.d.j.JerseyDockerCmdExecFactory - 1 * Sending client request on thread Test worker
1 > GET https://Thesis:2376/images/json?all=true
1 > Accept: application/json

04:01:32.537 [Test worker] DEBUG o.a.h.c.protocol.RequestAddCookies - CookieSpec selected: default
04:01:32.540 [Test worker] DEBUG o.a.h.c.protocol.RequestAuthCache - Auth cache not set in the context
04:01:32.540 [Test worker] DEBUG c.g.d.j.JerseyDockerCmdExecFactory$1 - Connection request: [route: {s}->https://Thesis:2376][total kept alive: 0; route allocated: 0 of 2; total allocated: 0 of 20]
04:01:32.541 [Test worker] DEBUG c.g.d.j.JerseyDockerCmdExecFactory$1 - Connection leased: [id: 1][route: {s}->https://Thesis:2376][total kept alive: 0; route allocated: 1 of 2; total allocated: 1 of 20]
04:01:32.544 [Test worker] DEBUG o.a.h.impl.execchain.MainClientExec - Opening connection {s}->https://Thesis:2376
04:01:32.545 [Test worker] DEBUG o.a.h.i.c.DefaultHttpClientConnectionOperator - Connecting to Thesis/127.0.1.1:2376
04:01:32.545 [Test worker] DEBUG o.a.h.c.s.SSLConnectionSocketFactory - Connecting socket to Thesis/127.0.1.1:2376 with timeout 0
04:01:32.547 [Test worker] DEBUG o.a.h.c.s.SSLConnectionSocketFactory - Enabled protocols: [TLSv1]
04:01:32.549 [Test worker] DEBUG o.a.h.c.s.SSLConnectionSocketFactory - Enabled cipher suites:[TLS_ECDHE_ECDSA_WITH_AES_128_CBC_SHA, TLS_ECDHE_RSA_WITH_AES_128_CBC_SHA, TLS_RSA_WITH_AES_128_CBC_SHA, TLS_ECDH_ECDSA_WITH_AES_128_CBC_SHA, TLS_ECDH_RSA_WITH_AES_128_CBC_SHA, TLS_DHE_RSA_WITH_AES_128_CBC_SHA, TLS_DHE_DSS_WITH_AES_128_CBC_SHA, TLS_ECDHE_ECDSA_WITH_3DES_EDE_CBC_SHA, TLS_ECDHE_RSA_WITH_3DES_EDE_CBC_SHA, SSL_RSA_WITH_3DES_EDE_CBC_SHA, TLS_ECDH_ECDSA_WITH_3DES_EDE_CBC_SHA, TLS_ECDH_RSA_WITH_3DES_EDE_CBC_SHA, SSL_DHE_RSA_WITH_3DES_EDE_CBC_SHA, SSL_DHE_DSS_WITH_3DES_EDE_CBC_SHA, TLS_ECDHE_ECDSA_WITH_RC4_128_SHA, TLS_ECDHE_RSA_WITH_RC4_128_SHA, SSL_RSA_WITH_RC4_128_SHA, TLS_ECDH_ECDSA_WITH_RC4_128_SHA, TLS_ECDH_RSA_WITH_RC4_128_SHA, SSL_RSA_WITH_RC4_128_MD5, TLS_EMPTY_RENEGOTIATION_INFO_SCSV]
04:01:32.549 [Test worker] DEBUG o.a.h.c.s.SSLConnectionSocketFactory - Starting handshake
04:01:32.614 [Test worker] DEBUG o.a.h.c.s.SSLConnectionSocketFactory - Secure session established
04:01:32.615 [Test worker] DEBUG o.a.h.c.s.SSLConnectionSocketFactory -  negotiated protocol: TLSv1
04:01:32.615 [Test worker] DEBUG o.a.h.c.s.SSLConnectionSocketFactory -  negotiated cipher suite: TLS_ECDHE_RSA_WITH_AES_128_CBC_SHA
04:01:32.615 [Test worker] DEBUG o.a.h.c.s.SSLConnectionSocketFactory -  peer principal: CN=Thesis
04:01:32.615 [Test worker] DEBUG o.a.h.c.s.SSLConnectionSocketFactory -  issuer principal: EMAILADDRESS=sha@yamil.com, CN=Thesis, OU=Open, O=Fra, L=BER, ST=BER, C=DE
04:01:32.616 [Test worker] DEBUG o.a.h.i.c.DefaultHttpClientConnectionOperator - Connection established 127.0.0.1:60930<->127.0.1.1:2376
04:01:32.616 [Test worker] DEBUG o.a.h.impl.execchain.MainClientExec - Executing request GET /images/json?all=true HTTP/1.1
04:01:32.616 [Test worker] DEBUG o.a.h.impl.execchain.MainClientExec - Target auth state: UNCHALLENGED
04:01:32.616 [Test worker] DEBUG o.a.h.impl.execchain.MainClientExec - Proxy auth state: UNCHALLENGED
04:01:32.616 [Test worker] DEBUG org.apache.http.headers - http-outgoing-1 >> GET /images/json?all=true HTTP/1.1
04:01:32.617 [Test worker] DEBUG org.apache.http.headers - http-outgoing-1 >> Accept: application/json
04:01:32.617 [Test worker] DEBUG org.apache.http.headers - http-outgoing-1 >> User-Agent: Jersey/2.23.1 (Apache HttpClient 4.5.1)
04:01:32.617 [Test worker] DEBUG org.apache.http.headers - http-outgoing-1 >> Host: Thesis:2376
04:01:32.617 [Test worker] DEBUG org.apache.http.headers - http-outgoing-1 >> Connection: Keep-Alive
04:01:32.617 [Test worker] DEBUG org.apache.http.headers - http-outgoing-1 >> Accept-Encoding: gzip,deflate
04:01:32.617 [Test worker] DEBUG org.apache.http.wire - http-outgoing-1 >> "GET /images/json?all=true HTTP/1.1[\r][\n]"
04:01:32.618 [Test worker] DEBUG org.apache.http.wire - http-outgoing-1 >> "Accept: application/json[\r][\n]"
04:01:32.618 [Test worker] DEBUG org.apache.http.wire - http-outgoing-1 >> "User-Agent: Jersey/2.23.1 (Apache HttpClient 4.5.1)[\r][\n]"
04:01:32.618 [Test worker] DEBUG org.apache.http.wire - http-outgoing-1 >> "Host: Thesis:2376[\r][\n]"
04:01:32.618 [Test worker] DEBUG org.apache.http.wire - http-outgoing-1 >> "Connection: Keep-Alive[\r][\n]"
04:01:32.618 [Test worker] DEBUG org.apache.http.wire - http-outgoing-1 >> "Accept-Encoding: gzip,deflate[\r][\n]"
04:01:32.618 [Test worker] DEBUG org.apache.http.wire - http-outgoing-1 >> "[\r][\n]"
04:01:32.619 [Test worker] DEBUG org.apache.http.wire - http-outgoing-1 << "H"
04:01:32.620 [Test worker] DEBUG org.apache.http.wire - http-outgoing-1 << "TTP/1.1 200 OK[\r][\n]"
04:01:32.620 [Test worker] DEBUG org.apache.http.wire - http-outgoing-1 << "Content-Type: application/json[\r][\n]"
04:01:32.620 [Test worker] DEBUG org.apache.http.wire - http-outgoing-1 << "Server: Docker/1.12.3 (linux)[\r][\n]"
04:01:32.620 [Test worker] DEBUG org.apache.http.wire - http-outgoing-1 << "Date: Wed, 21 Dec 2016 03:01:32 GMT[\r][\n]"
04:01:32.620 [Test worker] DEBUG org.apache.http.wire - http-outgoing-1 << "Content-Length: 1490[\r][\n]"
04:01:32.621 [Test worker] DEBUG org.apache.http.wire - http-outgoing-1 << "[\r][\n]"
04:01:32.621 [Test worker] DEBUG org.apache.http.wire - http-outgoing-1 << "[{"Id":"sha256:4ca3a192ff2a5b7e225e81dc006b6379c10776ed3619757a65608cb72de0a7f6","ParentId":"","RepoTags":["ubuntu:latest"],"RepoDigests":["ubuntu@sha256:3b64c309deae7ab0f7dbdd42b6b326261ccd6261da5d88396439353162703fb5"],"Created":1480449877,"Size":128206574,"VirtualSize":128206574,"Labels":{}},{"Id":"sha256:aae2b63c49461fcae4962e4a8043f66acf8e3af7e62f5ebceb70b181d8ca01e0","ParentId":"","RepoTags":["ubuntu:14.04"],"RepoDigests":["ubuntu@sha256:edb984703bd3e8981ff541a5b9297ca1b81fde6e6e8094d86e390a38ebc30b4d"],"Created":1480449856,"Size":187952254,"VirtualSize":187952254,"Labels":{}},{"Id":"sha256:e02e811dd08fd49e7f6032625495118e63f597eb150403d02e3238af1df240ba","ParentId":"","RepoTags":["busybox:latest"],"RepoDigests":["busybox@sha256:29f5d56d12684887bdfa50dcd29fc31eea4aaf4ad3bec43daf19026a7ce69912"],"Created":1475874238,"Size":1093484,"VirtualSize":1093484,"Labels":{}},{"Id":"sha256:d654de4499473ed41349b54a988b6f46a7fc92e3fa2d61e102bf2660a0116e25","ParentId":"","RepoTags":["sakib37/iperf3:latest"],"RepoDigests":["sakib37/iperf3@sha256:8d80a810f8f508c074b14d02555f20110eac382c8dbda7252075392983629d40"],"Created":1474907599,"Size":199456654,"VirtualSize":199456654,"Labels":{}},{"Id":"sha256:c54a2cc56cbb2f04003c1cd4507e118af7c0d340fe7e2720f70976c4b75237dc","ParentId":"","RepoTags":["hello-world:latest"],"RepoDigests":["hello-world@sha256:0256e8a36e2070f7bf2d0b0763dbabdd67798512411de4cdcf9431a1feb60fd9"],"Created":1467401967,"Size":1848,"VirtualSize":1848,"Labels":{}}][\n]"
04:01:32.621 [Test worker] DEBUG org.apache.http.headers - http-outgoing-1 << HTTP/1.1 200 OK
04:01:32.621 [Test worker] DEBUG org.apache.http.headers - http-outgoing-1 << Content-Type: application/json
04:01:32.621 [Test worker] DEBUG org.apache.http.headers - http-outgoing-1 << Server: Docker/1.12.3 (linux)
04:01:32.622 [Test worker] DEBUG org.apache.http.headers - http-outgoing-1 << Date: Wed, 21 Dec 2016 03:01:32 GMT
04:01:32.622 [Test worker] DEBUG org.apache.http.headers - http-outgoing-1 << Content-Length: 1490
04:01:32.622 [Test worker] DEBUG o.a.h.impl.execchain.MainClientExec - Connection can be kept alive indefinitely
04:01:32.622 [Test worker] DEBUG c.g.d.j.JerseyDockerCmdExecFactory - 2 * Client response received on thread Test worker
2 < 200
2 < Content-Length: 1490
2 < Content-Type: application/json
2 < Date: Wed, 21 Dec 2016 03:01:32 GMT
2 < Server: Docker/1.12.3 (linux)
[{"Id":"sha256:4ca3a192ff2a5b7e225e81dc006b6379c10776ed3619757a65608cb72de0a7f6","ParentId":"","RepoTags":["ubuntu:latest"],"RepoDigests":["ubuntu@sha256:3b64c309deae7ab0f7dbdd42b6b326261ccd6261da5d88396439353162703fb5"],"Created":1480449877,"Size":128206574,"VirtualSize":128206574,"Labels":{}},{"Id":"sha256:aae2b63c49461fcae4962e4a8043f66acf8e3af7e62f5ebceb70b181d8ca01e0","ParentId":"","RepoTags":["ubuntu:14.04"],"RepoDigests":["ubuntu@sha256:edb984703bd3e8981ff541a5b9297ca1b81fde6e6e8094d86e390a38ebc30b4d"],"Created":1480449856,"Size":187952254,"VirtualSize":187952254,"Labels":{}},{"Id":"sha256:e02e811dd08fd49e7f6032625495118e63f597eb150403d02e3238af1df240ba","ParentId":"","RepoTags":["busybox:latest"],"RepoDigests":["busybox@sha256:29f5d56d12684887bdfa50dcd29fc31eea4aaf4ad3bec43daf19026a7ce69912"],"Created":1475874238,"Size":1093484,"VirtualSize":1093484,"Labels":{}},{"Id":"sha256:d654de4499473ed41349b54a988b6f46a7fc92e3fa2d61e102bf2660a0116e25","ParentId":"","RepoTags":["sakib37/iperf3:latest"],"RepoDigests":["sakib37/iperf3@sha256:8d80a810f8f508c074b14d02555f20110eac382c8dbda7252075392983629d40"],"Created":1474907599,"Size":199456654,"VirtualSize":199456654,"Labels":{}},{"Id":"sha256:c54a2cc56cbb2f04003c1cd4507e118af7c0d340fe7e2720f70976c4b75237dc","ParentId":"","RepoTags":["hello-world:latest"],"RepoDigests":["hello-world@sha256:0256e8a36e2070f7bf2d0b0763dbabdd67798512411de4cdcf9431a1feb60fd9"],"Created":1467401967,"Size":1848,"VirtualSize":1848,"Labels":{}}]


04:01:32.626 [Test worker] DEBUG o.a.h.i.c.DefaultManagedHttpClientConnection - http-outgoing-1: Close connection
04:01:32.626 [Test worker] DEBUG o.a.h.impl.execchain.MainClientExec - Connection discarded
04:01:32.626 [Test worker] DEBUG c.g.d.j.JerseyDockerCmdExecFactory$1 - Connection released: [id: 1][route: {s}->https://Thesis:2376][total kept alive: 0; route allocated: 0 of 2; total allocated: 0 of 20]
Finding launched container Image: ubuntu:latest
Image without tagfalse
Finding launched container Image: ubuntu:14.04
Image without tagfalse
04:01:32.629 [Test worker] DEBUG org.openbaton.docker.DockerVim - Found a docker image, transformed into a NFV Image Image{id='sha256:aae2b63c49461fcae4962e4a8043f66acf8e3af7e62f5ebceb70b181d8ca01e0', name='ubuntu:14.04', version=0, extId='null', minRam='0', minDiskSpace='0', minCPU='null', public='true', diskFormat='null', containerFormat='docker', created='Sun Jan 18 04:14:09 CET 1970', updated='null'}
Cert Path : null
04:01:32.640 [Test worker] DEBUG c.g.d.core.command.AbstrDockerCmd - Cmd: d42716ab9b81617f3af151880a5f3240fbbba9d20c73da332476081a1074ab25,<null>,true,com.github.dockerjava.jaxrs.RemoveContainerCmdExec@22bc7675
04:01:32.661 [Test worker] DEBUG c.g.d.j.JerseyDockerCmdExecFactory - 1 * Sending client request on thread Test worker
1 > DELETE https://Thesis:2376/containers/d42716ab9b81617f3af151880a5f3240fbbba9d20c73da332476081a1074ab25?force=true
1 > Accept: application/json

04:01:32.662 [Test worker] DEBUG o.a.h.c.protocol.RequestAddCookies - CookieSpec selected: default
04:01:32.662 [Test worker] DEBUG o.a.h.c.protocol.RequestAuthCache - Auth cache not set in the context
04:01:32.662 [Test worker] DEBUG c.g.d.j.JerseyDockerCmdExecFactory$1 - Connection request: [route: {s}->https://Thesis:2376][total kept alive: 0; route allocated: 0 of 2; total allocated: 0 of 20]
04:01:32.662 [Test worker] DEBUG c.g.d.j.JerseyDockerCmdExecFactory$1 - Connection leased: [id: 2][route: {s}->https://Thesis:2376][total kept alive: 0; route allocated: 1 of 2; total allocated: 1 of 20]
04:01:32.662 [Test worker] DEBUG o.a.h.impl.execchain.MainClientExec - Opening connection {s}->https://Thesis:2376
04:01:32.663 [Test worker] DEBUG o.a.h.i.c.DefaultHttpClientConnectionOperator - Connecting to Thesis/127.0.1.1:2376
04:01:32.663 [Test worker] DEBUG o.a.h.c.s.SSLConnectionSocketFactory - Connecting socket to Thesis/127.0.1.1:2376 with timeout 0
04:01:32.665 [Test worker] DEBUG o.a.h.c.s.SSLConnectionSocketFactory - Enabled protocols: [TLSv1]
04:01:32.665 [Test worker] DEBUG o.a.h.c.s.SSLConnectionSocketFactory - Enabled cipher suites:[TLS_ECDHE_ECDSA_WITH_AES_128_CBC_SHA, TLS_ECDHE_RSA_WITH_AES_128_CBC_SHA, TLS_RSA_WITH_AES_128_CBC_SHA, TLS_ECDH_ECDSA_WITH_AES_128_CBC_SHA, TLS_ECDH_RSA_WITH_AES_128_CBC_SHA, TLS_DHE_RSA_WITH_AES_128_CBC_SHA, TLS_DHE_DSS_WITH_AES_128_CBC_SHA, TLS_ECDHE_ECDSA_WITH_3DES_EDE_CBC_SHA, TLS_ECDHE_RSA_WITH_3DES_EDE_CBC_SHA, SSL_RSA_WITH_3DES_EDE_CBC_SHA, TLS_ECDH_ECDSA_WITH_3DES_EDE_CBC_SHA, TLS_ECDH_RSA_WITH_3DES_EDE_CBC_SHA, SSL_DHE_RSA_WITH_3DES_EDE_CBC_SHA, SSL_DHE_DSS_WITH_3DES_EDE_CBC_SHA, TLS_ECDHE_ECDSA_WITH_RC4_128_SHA, TLS_ECDHE_RSA_WITH_RC4_128_SHA, SSL_RSA_WITH_RC4_128_SHA, TLS_ECDH_ECDSA_WITH_RC4_128_SHA, TLS_ECDH_RSA_WITH_RC4_128_SHA, SSL_RSA_WITH_RC4_128_MD5, TLS_EMPTY_RENEGOTIATION_INFO_SCSV]
04:01:32.665 [Test worker] DEBUG o.a.h.c.s.SSLConnectionSocketFactory - Starting handshake
04:01:32.728 [Test worker] DEBUG o.a.h.c.s.SSLConnectionSocketFactory - Secure session established
04:01:32.728 [Test worker] DEBUG o.a.h.c.s.SSLConnectionSocketFactory -  negotiated protocol: TLSv1
04:01:32.728 [Test worker] DEBUG o.a.h.c.s.SSLConnectionSocketFactory -  negotiated cipher suite: TLS_ECDHE_RSA_WITH_AES_128_CBC_SHA
04:01:32.728 [Test worker] DEBUG o.a.h.c.s.SSLConnectionSocketFactory -  peer principal: CN=Thesis
04:01:32.728 [Test worker] DEBUG o.a.h.c.s.SSLConnectionSocketFactory -  issuer principal: EMAILADDRESS=sha@yamil.com, CN=Thesis, OU=Open, O=Fra, L=BER, ST=BER, C=DE
04:01:32.729 [Test worker] DEBUG o.a.h.i.c.DefaultHttpClientConnectionOperator - Connection established 127.0.0.1:60932<->127.0.1.1:2376
04:01:32.729 [Test worker] DEBUG o.a.h.impl.execchain.MainClientExec - Executing request DELETE /containers/d42716ab9b81617f3af151880a5f3240fbbba9d20c73da332476081a1074ab25?force=true HTTP/1.1
04:01:32.729 [Test worker] DEBUG o.a.h.impl.execchain.MainClientExec - Target auth state: UNCHALLENGED
04:01:32.729 [Test worker] DEBUG o.a.h.impl.execchain.MainClientExec - Proxy auth state: UNCHALLENGED
04:01:32.729 [Test worker] DEBUG org.apache.http.headers - http-outgoing-2 >> DELETE /containers/d42716ab9b81617f3af151880a5f3240fbbba9d20c73da332476081a1074ab25?force=true HTTP/1.1
04:01:32.730 [Test worker] DEBUG org.apache.http.headers - http-outgoing-2 >> Accept: application/json
04:01:32.730 [Test worker] DEBUG org.apache.http.headers - http-outgoing-2 >> User-Agent: Jersey/2.23.1 (Apache HttpClient 4.5.1)
04:01:32.730 [Test worker] DEBUG org.apache.http.headers - http-outgoing-2 >> Host: Thesis:2376
04:01:32.730 [Test worker] DEBUG org.apache.http.headers - http-outgoing-2 >> Connection: Keep-Alive
04:01:32.731 [Test worker] DEBUG org.apache.http.headers - http-outgoing-2 >> Accept-Encoding: gzip,deflate
04:01:32.731 [Test worker] DEBUG org.apache.http.wire - http-outgoing-2 >> "DELETE /containers/d42716ab9b81617f3af151880a5f3240fbbba9d20c73da332476081a1074ab25?force=true HTTP/1.1[\r][\n]"
04:01:32.731 [Test worker] DEBUG org.apache.http.wire - http-outgoing-2 >> "Accept: application/json[\r][\n]"
04:01:32.731 [Test worker] DEBUG org.apache.http.wire - http-outgoing-2 >> "User-Agent: Jersey/2.23.1 (Apache HttpClient 4.5.1)[\r][\n]"
04:01:32.731 [Test worker] DEBUG org.apache.http.wire - http-outgoing-2 >> "Host: Thesis:2376[\r][\n]"
04:01:32.731 [Test worker] DEBUG org.apache.http.wire - http-outgoing-2 >> "Connection: Keep-Alive[\r][\n]"
04:01:32.732 [Test worker] DEBUG org.apache.http.wire - http-outgoing-2 >> "Accept-Encoding: gzip,deflate[\r][\n]"
04:01:32.732 [Test worker] DEBUG org.apache.http.wire - http-outgoing-2 >> "[\r][\n]"
04:01:32.810 [Test worker] DEBUG org.apache.http.wire - http-outgoing-2 << "H"
04:01:32.810 [Test worker] DEBUG org.apache.http.wire - http-outgoing-2 << "TTP/1.1 204 No Content[\r][\n]"
04:01:32.810 [Test worker] DEBUG org.apache.http.wire - http-outgoing-2 << "Server: Docker/1.12.3 (linux)[\r][\n]"
04:01:32.810 [Test worker] DEBUG org.apache.http.wire - http-outgoing-2 << "Date: Wed, 21 Dec 2016 03:01:32 GMT[\r][\n]"
04:01:32.810 [Test worker] DEBUG org.apache.http.wire - http-outgoing-2 << "[\r][\n]"
04:01:32.811 [Test worker] DEBUG org.apache.http.headers - http-outgoing-2 << HTTP/1.1 204 No Content
04:01:32.811 [Test worker] DEBUG org.apache.http.headers - http-outgoing-2 << Server: Docker/1.12.3 (linux)
04:01:32.811 [Test worker] DEBUG org.apache.http.headers - http-outgoing-2 << Date: Wed, 21 Dec 2016 03:01:32 GMT
04:01:32.811 [Test worker] DEBUG o.a.h.impl.execchain.MainClientExec - Connection can be kept alive indefinitely
04:01:32.814 [Test worker] DEBUG c.g.d.j.JerseyDockerCmdExecFactory$1 - Connection [id: 2][route: {s}->https://Thesis:2376][state: CN=Thesis] can be kept alive indefinitely
04:01:32.815 [Test worker] DEBUG c.g.d.j.JerseyDockerCmdExecFactory$1 - Connection released: [id: 2][route: {s}->https://Thesis:2376][state: CN=Thesis][total kept alive: 1; route allocated: 1 of 2; total allocated: 1 of 20]
04:01:32.815 [Test worker] DEBUG c.g.d.j.JerseyDockerCmdExecFactory - 2 * Client response received on thread Test worker
2 < 204
2 < Date: Wed, 21 Dec 2016 03:01:32 GMT
2 < Server: Docker/1.12.3 (linux)

04:01:32.815 [Test worker] DEBUG org.openbaton.docker.DockerVim - Server deleted successfully
Cert Path : null
04:01:32.828 [Test worker] DEBUG c.g.d.core.command.AbstrDockerCmd - Cmd: com.github.dockerjava.core.util.FiltersBuilder@0,com.github.dockerjava.jaxrs.ListNetworksCmdExec@6dfefcc7
04:01:32.876 [Test worker] DEBUG c.g.d.j.JerseyDockerCmdExecFactory - 1 * Sending client request on thread Test worker
1 > GET https://Thesis:2376/networks
1 > Accept: application/json

04:01:32.877 [Test worker] DEBUG o.a.h.c.protocol.RequestAddCookies - CookieSpec selected: default
04:01:32.877 [Test worker] DEBUG o.a.h.c.protocol.RequestAuthCache - Auth cache not set in the context
04:01:32.877 [Test worker] DEBUG c.g.d.j.JerseyDockerCmdExecFactory$1 - Connection request: [route: {s}->https://Thesis:2376][total kept alive: 0; route allocated: 0 of 2; total allocated: 0 of 20]
04:01:32.877 [Test worker] DEBUG c.g.d.j.JerseyDockerCmdExecFactory$1 - Connection leased: [id: 3][route: {s}->https://Thesis:2376][total kept alive: 0; route allocated: 1 of 2; total allocated: 1 of 20]
04:01:32.877 [Test worker] DEBUG o.a.h.impl.execchain.MainClientExec - Opening connection {s}->https://Thesis:2376
04:01:32.878 [Test worker] DEBUG o.a.h.i.c.DefaultHttpClientConnectionOperator - Connecting to Thesis/127.0.1.1:2376
04:01:32.878 [Test worker] DEBUG o.a.h.c.s.SSLConnectionSocketFactory - Connecting socket to Thesis/127.0.1.1:2376 with timeout 0
04:01:32.880 [Test worker] DEBUG o.a.h.c.s.SSLConnectionSocketFactory - Enabled protocols: [TLSv1]
04:01:32.880 [Test worker] DEBUG o.a.h.c.s.SSLConnectionSocketFactory - Enabled cipher suites:[TLS_ECDHE_ECDSA_WITH_AES_128_CBC_SHA, TLS_ECDHE_RSA_WITH_AES_128_CBC_SHA, TLS_RSA_WITH_AES_128_CBC_SHA, TLS_ECDH_ECDSA_WITH_AES_128_CBC_SHA, TLS_ECDH_RSA_WITH_AES_128_CBC_SHA, TLS_DHE_RSA_WITH_AES_128_CBC_SHA, TLS_DHE_DSS_WITH_AES_128_CBC_SHA, TLS_ECDHE_ECDSA_WITH_3DES_EDE_CBC_SHA, TLS_ECDHE_RSA_WITH_3DES_EDE_CBC_SHA, SSL_RSA_WITH_3DES_EDE_CBC_SHA, TLS_ECDH_ECDSA_WITH_3DES_EDE_CBC_SHA, TLS_ECDH_RSA_WITH_3DES_EDE_CBC_SHA, SSL_DHE_RSA_WITH_3DES_EDE_CBC_SHA, SSL_DHE_DSS_WITH_3DES_EDE_CBC_SHA, TLS_ECDHE_ECDSA_WITH_RC4_128_SHA, TLS_ECDHE_RSA_WITH_RC4_128_SHA, SSL_RSA_WITH_RC4_128_SHA, TLS_ECDH_ECDSA_WITH_RC4_128_SHA, TLS_ECDH_RSA_WITH_RC4_128_SHA, SSL_RSA_WITH_RC4_128_MD5, TLS_EMPTY_RENEGOTIATION_INFO_SCSV]
04:01:32.880 [Test worker] DEBUG o.a.h.c.s.SSLConnectionSocketFactory - Starting handshake
04:01:32.946 [Test worker] DEBUG o.a.h.c.s.SSLConnectionSocketFactory - Secure session established
04:01:32.946 [Test worker] DEBUG o.a.h.c.s.SSLConnectionSocketFactory -  negotiated protocol: TLSv1
04:01:32.946 [Test worker] DEBUG o.a.h.c.s.SSLConnectionSocketFactory -  negotiated cipher suite: TLS_ECDHE_RSA_WITH_AES_128_CBC_SHA
04:01:32.947 [Test worker] DEBUG o.a.h.c.s.SSLConnectionSocketFactory -  peer principal: CN=Thesis
04:01:32.947 [Test worker] DEBUG o.a.h.c.s.SSLConnectionSocketFactory -  issuer principal: EMAILADDRESS=sha@yamil.com, CN=Thesis, OU=Open, O=Fra, L=BER, ST=BER, C=DE
04:01:32.947 [Test worker] DEBUG o.a.h.i.c.DefaultHttpClientConnectionOperator - Connection established 127.0.0.1:60934<->127.0.1.1:2376
04:01:32.947 [Test worker] DEBUG o.a.h.impl.execchain.MainClientExec - Executing request GET /networks HTTP/1.1
04:01:32.947 [Test worker] DEBUG o.a.h.impl.execchain.MainClientExec - Target auth state: UNCHALLENGED
04:01:32.947 [Test worker] DEBUG o.a.h.impl.execchain.MainClientExec - Proxy auth state: UNCHALLENGED
04:01:32.948 [Test worker] DEBUG org.apache.http.headers - http-outgoing-3 >> GET /networks HTTP/1.1
04:01:32.948 [Test worker] DEBUG org.apache.http.headers - http-outgoing-3 >> Accept: application/json
04:01:32.948 [Test worker] DEBUG org.apache.http.headers - http-outgoing-3 >> User-Agent: Jersey/2.23.1 (Apache HttpClient 4.5.1)
04:01:32.948 [Test worker] DEBUG org.apache.http.headers - http-outgoing-3 >> Host: Thesis:2376
04:01:32.948 [Test worker] DEBUG org.apache.http.headers - http-outgoing-3 >> Connection: Keep-Alive
04:01:32.948 [Test worker] DEBUG org.apache.http.headers - http-outgoing-3 >> Accept-Encoding: gzip,deflate
04:01:32.949 [Test worker] DEBUG org.apache.http.wire - http-outgoing-3 >> "GET /networks HTTP/1.1[\r][\n]"
04:01:32.949 [Test worker] DEBUG org.apache.http.wire - http-outgoing-3 >> "Accept: application/json[\r][\n]"
04:01:32.949 [Test worker] DEBUG org.apache.http.wire - http-outgoing-3 >> "User-Agent: Jersey/2.23.1 (Apache HttpClient 4.5.1)[\r][\n]"
04:01:32.949 [Test worker] DEBUG org.apache.http.wire - http-outgoing-3 >> "Host: Thesis:2376[\r][\n]"
04:01:32.949 [Test worker] DEBUG org.apache.http.wire - http-outgoing-3 >> "Connection: Keep-Alive[\r][\n]"
04:01:32.949 [Test worker] DEBUG org.apache.http.wire - http-outgoing-3 >> "Accept-Encoding: gzip,deflate[\r][\n]"
04:01:32.950 [Test worker] DEBUG org.apache.http.wire - http-outgoing-3 >> "[\r][\n]"
04:01:32.950 [Test worker] DEBUG org.apache.http.wire - http-outgoing-3 << "H"
04:01:32.951 [Test worker] DEBUG org.apache.http.wire - http-outgoing-3 << "TTP/1.1 200 OK[\r][\n]"
04:01:32.951 [Test worker] DEBUG org.apache.http.wire - http-outgoing-3 << "Content-Type: application/json[\r][\n]"
04:01:32.951 [Test worker] DEBUG org.apache.http.wire - http-outgoing-3 << "Server: Docker/1.12.3 (linux)[\r][\n]"
04:01:32.951 [Test worker] DEBUG org.apache.http.wire - http-outgoing-3 << "Date: Wed, 21 Dec 2016 03:01:32 GMT[\r][\n]"
04:01:32.951 [Test worker] DEBUG org.apache.http.wire - http-outgoing-3 << "Content-Length: 1411[\r][\n]"
04:01:32.952 [Test worker] DEBUG org.apache.http.wire - http-outgoing-3 << "[\r][\n]"
04:01:32.952 [Test worker] DEBUG org.apache.http.wire - http-outgoing-3 << "[{"Name":"bridge","Id":"efdbf560175b2fea9530e9bd81555f23f020db58853647978dae51acf69f47b1","Scope":"local","Driver":"bridge","EnableIPv6":false,"IPAM":{"Driver":"default","Options":null,"Config":[{"Subnet":"172.17.0.0/16","Gateway":"172.17.0.1"}]},"Internal":false,"Containers":{},"Options":{"com.docker.network.bridge.default_bridge":"true","com.docker.network.bridge.enable_icc":"true","com.docker.network.bridge.enable_ip_masquerade":"true","com.docker.network.bridge.host_binding_ipv4":"0.0.0.0","com.docker.network.bridge.name":"docker0","com.docker.network.driver.mtu":"1500"},"Labels":{}},{"Name":"none","Id":"4d89c194eb79cd2beb38458d10a1b98c74d6b8462af72afde29ae7aca53ed5ca","Scope":"local","Driver":"null","EnableIPv6":false,"IPAM":{"Driver":"default","Options":null,"Config":[]},"Internal":false,"Containers":{},"Options":{},"Labels":{}},{"Name":"MyNetwork","Id":"c06c67ce02b4e424ea922ec9cc218df769e6768eb312499ce6656b4467cac719","Scope":"local","Driver":"bridge","EnableIPv6":false,"IPAM":{"Driver":"default","Options":null,"Config":[{"Subnet":"172.18.0.0/16","Gateway":"172.18.0.1/16"}]},"Internal":false,"Containers":{},"Options":{},"Labels":{}},{"Name":"host","Id":"fe042b0866671b5be4f097ba43830c0a02959c058702d18e18c14a24d88a357d","Scope":"local","Driver":"host","EnableIPv6":false,"IPAM":{"Driver":"default","Options":null,"Config":[]},"Internal":false,"Containers":{},"Options":{},"Labels":{}}][\n]"
04:01:32.952 [Test worker] DEBUG org.apache.http.headers - http-outgoing-3 << HTTP/1.1 200 OK
04:01:32.952 [Test worker] DEBUG org.apache.http.headers - http-outgoing-3 << Content-Type: application/json
04:01:32.952 [Test worker] DEBUG org.apache.http.headers - http-outgoing-3 << Server: Docker/1.12.3 (linux)
04:01:32.952 [Test worker] DEBUG org.apache.http.headers - http-outgoing-3 << Date: Wed, 21 Dec 2016 03:01:32 GMT
04:01:32.953 [Test worker] DEBUG org.apache.http.headers - http-outgoing-3 << Content-Length: 1411
04:01:32.953 [Test worker] DEBUG o.a.h.impl.execchain.MainClientExec - Connection can be kept alive indefinitely
04:01:32.953 [Test worker] DEBUG c.g.d.j.JerseyDockerCmdExecFactory - 2 * Client response received on thread Test worker
2 < 200
2 < Content-Length: 1411
2 < Content-Type: application/json
2 < Date: Wed, 21 Dec 2016 03:01:32 GMT
2 < Server: Docker/1.12.3 (linux)
[{"Name":"bridge","Id":"efdbf560175b2fea9530e9bd81555f23f020db58853647978dae51acf69f47b1","Scope":"local","Driver":"bridge","EnableIPv6":false,"IPAM":{"Driver":"default","Options":null,"Config":[{"Subnet":"172.17.0.0/16","Gateway":"172.17.0.1"}]},"Internal":false,"Containers":{},"Options":{"com.docker.network.bridge.default_bridge":"true","com.docker.network.bridge.enable_icc":"true","com.docker.network.bridge.enable_ip_masquerade":"true","com.docker.network.bridge.host_binding_ipv4":"0.0.0.0","com.docker.network.bridge.name":"docker0","com.docker.network.driver.mtu":"1500"},"Labels":{}},{"Name":"none","Id":"4d89c194eb79cd2beb38458d10a1b98c74d6b8462af72afde29ae7aca53ed5ca","Scope":"local","Driver":"null","EnableIPv6":false,"IPAM":{"Driver":"default","Options":null,"Config":[]},"Internal":false,"Containers":{},"Options":{},"Labels":{}},{"Name":"MyNetwork","Id":"c06c67ce02b4e424ea922ec9cc218df769e6768eb312499ce6656b4467cac719","Scope":"local","Driver":"bridge","EnableIPv6":false,"IPAM":{"Driver":"default","Options":null,"Config":[{"Subnet":"172.18.0.0/16","Gateway":"172.18.0.1/16"}]},"Internal":false,"Containers":{},"Options":{},"Labels":{}},{"Name":"host","Id":"fe042b0866671b5be4f097ba43830c0a02959c058702d18e18c14a24d88a357d","Scope":"local","Driver":"host","EnableIPv6":false,"IPAM":{"Driver":"default","Options":null,"Config":[]},"Internal":false,"Containers":{},"Options":{},"Labels":{}}]


04:01:32.960 [Test worker] DEBUG o.a.h.i.c.DefaultManagedHttpClientConnection - http-outgoing-3: Close connection
04:01:32.960 [Test worker] DEBUG o.a.h.impl.execchain.MainClientExec - Connection discarded
04:01:32.960 [Test worker] DEBUG c.g.d.j.JerseyDockerCmdExecFactory$1 - Connection released: [id: 3][route: {s}->https://Thesis:2376][total kept alive: 0; route allocated: 0 of 2; total allocated: 0 of 20]
04:01:32.961 [Test worker] DEBUG org.openbaton.docker.DockerVim - Found a docker network, transformed into a NFV network Network{id='c06c67ce02b4e424ea922ec9cc218df769e6768eb312499ce6656b4467cac719', name='MyNetwork', extId='null', external=false, shared=false, subnets=[Subnet{id='null', version=0, name='bridge', extId='null', networkId='172.18.0.0/16', cidr='null', gatewayIp='172.18.0.1/16'}]}
Cert Path : null
04:01:32.976 [Test worker] DEBUG c.g.d.core.command.AbstrDockerCmd - Cmd: c06c67ce02b4e424ea922ec9cc218df769e6768eb312499ce6656b4467cac719,com.github.dockerjava.jaxrs.RemoveNetworkCmdExec@5a7c6987
04:01:33.021 [Test worker] DEBUG c.g.d.j.JerseyDockerCmdExecFactory - 1 * Sending client request on thread Test worker
1 > DELETE https://Thesis:2376/networks/c06c67ce02b4e424ea922ec9cc218df769e6768eb312499ce6656b4467cac719
1 > Accept: application/json

04:01:33.022 [Test worker] DEBUG o.a.h.c.protocol.RequestAddCookies - CookieSpec selected: default
04:01:33.022 [Test worker] DEBUG o.a.h.c.protocol.RequestAuthCache - Auth cache not set in the context
04:01:33.022 [Test worker] DEBUG c.g.d.j.JerseyDockerCmdExecFactory$1 - Connection request: [route: {s}->https://Thesis:2376][total kept alive: 0; route allocated: 0 of 2; total allocated: 0 of 20]
04:01:33.022 [Test worker] DEBUG c.g.d.j.JerseyDockerCmdExecFactory$1 - Connection leased: [id: 4][route: {s}->https://Thesis:2376][total kept alive: 0; route allocated: 1 of 2; total allocated: 1 of 20]
04:01:33.023 [Test worker] DEBUG o.a.h.impl.execchain.MainClientExec - Opening connection {s}->https://Thesis:2376
04:01:33.023 [Test worker] DEBUG o.a.h.i.c.DefaultHttpClientConnectionOperator - Connecting to Thesis/127.0.1.1:2376
04:01:33.023 [Test worker] DEBUG o.a.h.c.s.SSLConnectionSocketFactory - Connecting socket to Thesis/127.0.1.1:2376 with timeout 0
04:01:33.027 [Test worker] DEBUG o.a.h.c.s.SSLConnectionSocketFactory - Enabled protocols: [TLSv1]
04:01:33.027 [Test worker] DEBUG o.a.h.c.s.SSLConnectionSocketFactory - Enabled cipher suites:[TLS_ECDHE_ECDSA_WITH_AES_128_CBC_SHA, TLS_ECDHE_RSA_WITH_AES_128_CBC_SHA, TLS_RSA_WITH_AES_128_CBC_SHA, TLS_ECDH_ECDSA_WITH_AES_128_CBC_SHA, TLS_ECDH_RSA_WITH_AES_128_CBC_SHA, TLS_DHE_RSA_WITH_AES_128_CBC_SHA, TLS_DHE_DSS_WITH_AES_128_CBC_SHA, TLS_ECDHE_ECDSA_WITH_3DES_EDE_CBC_SHA, TLS_ECDHE_RSA_WITH_3DES_EDE_CBC_SHA, SSL_RSA_WITH_3DES_EDE_CBC_SHA, TLS_ECDH_ECDSA_WITH_3DES_EDE_CBC_SHA, TLS_ECDH_RSA_WITH_3DES_EDE_CBC_SHA, SSL_DHE_RSA_WITH_3DES_EDE_CBC_SHA, SSL_DHE_DSS_WITH_3DES_EDE_CBC_SHA, TLS_ECDHE_ECDSA_WITH_RC4_128_SHA, TLS_ECDHE_RSA_WITH_RC4_128_SHA, SSL_RSA_WITH_RC4_128_SHA, TLS_ECDH_ECDSA_WITH_RC4_128_SHA, TLS_ECDH_RSA_WITH_RC4_128_SHA, SSL_RSA_WITH_RC4_128_MD5, TLS_EMPTY_RENEGOTIATION_INFO_SCSV]
04:01:33.028 [Test worker] DEBUG o.a.h.c.s.SSLConnectionSocketFactory - Starting handshake
04:01:33.105 [Test worker] DEBUG o.a.h.c.s.SSLConnectionSocketFactory - Secure session established
04:01:33.106 [Test worker] DEBUG o.a.h.c.s.SSLConnectionSocketFactory -  negotiated protocol: TLSv1
04:01:33.106 [Test worker] DEBUG o.a.h.c.s.SSLConnectionSocketFactory -  negotiated cipher suite: TLS_ECDHE_RSA_WITH_AES_128_CBC_SHA
04:01:33.106 [Test worker] DEBUG o.a.h.c.s.SSLConnectionSocketFactory -  peer principal: CN=Thesis
04:01:33.106 [Test worker] DEBUG o.a.h.c.s.SSLConnectionSocketFactory -  issuer principal: EMAILADDRESS=sha@yamil.com, CN=Thesis, OU=Open, O=Fra, L=BER, ST=BER, C=DE
04:01:33.107 [Test worker] DEBUG o.a.h.i.c.DefaultHttpClientConnectionOperator - Connection established 127.0.0.1:60936<->127.0.1.1:2376
04:01:33.107 [Test worker] DEBUG o.a.h.impl.execchain.MainClientExec - Executing request DELETE /networks/c06c67ce02b4e424ea922ec9cc218df769e6768eb312499ce6656b4467cac719 HTTP/1.1
04:01:33.107 [Test worker] DEBUG o.a.h.impl.execchain.MainClientExec - Target auth state: UNCHALLENGED
04:01:33.108 [Test worker] DEBUG o.a.h.impl.execchain.MainClientExec - Proxy auth state: UNCHALLENGED
04:01:33.108 [Test worker] DEBUG org.apache.http.headers - http-outgoing-4 >> DELETE /networks/c06c67ce02b4e424ea922ec9cc218df769e6768eb312499ce6656b4467cac719 HTTP/1.1
04:01:33.108 [Test worker] DEBUG org.apache.http.headers - http-outgoing-4 >> Accept: application/json
04:01:33.108 [Test worker] DEBUG org.apache.http.headers - http-outgoing-4 >> User-Agent: Jersey/2.23.1 (Apache HttpClient 4.5.1)
04:01:33.108 [Test worker] DEBUG org.apache.http.headers - http-outgoing-4 >> Host: Thesis:2376
04:01:33.108 [Test worker] DEBUG org.apache.http.headers - http-outgoing-4 >> Connection: Keep-Alive
04:01:33.109 [Test worker] DEBUG org.apache.http.headers - http-outgoing-4 >> Accept-Encoding: gzip,deflate
04:01:33.109 [Test worker] DEBUG org.apache.http.wire - http-outgoing-4 >> "DELETE /networks/c06c67ce02b4e424ea922ec9cc218df769e6768eb312499ce6656b4467cac719 HTTP/1.1[\r][\n]"
04:01:33.109 [Test worker] DEBUG org.apache.http.wire - http-outgoing-4 >> "Accept: application/json[\r][\n]"
04:01:33.109 [Test worker] DEBUG org.apache.http.wire - http-outgoing-4 >> "User-Agent: Jersey/2.23.1 (Apache HttpClient 4.5.1)[\r][\n]"
04:01:33.109 [Test worker] DEBUG org.apache.http.wire - http-outgoing-4 >> "Host: Thesis:2376[\r][\n]"
04:01:33.109 [Test worker] DEBUG org.apache.http.wire - http-outgoing-4 >> "Connection: Keep-Alive[\r][\n]"
04:01:33.110 [Test worker] DEBUG org.apache.http.wire - http-outgoing-4 >> "Accept-Encoding: gzip,deflate[\r][\n]"
04:01:33.110 [Test worker] DEBUG org.apache.http.wire - http-outgoing-4 >> "[\r][\n]"
04:01:33.186 [Test worker] DEBUG org.apache.http.wire - http-outgoing-4 << "H"
04:01:33.187 [Test worker] DEBUG org.apache.http.wire - http-outgoing-4 << "TTP/1.1 204 No Content[\r][\n]"
04:01:33.187 [Test worker] DEBUG org.apache.http.wire - http-outgoing-4 << "Server: Docker/1.12.3 (linux)[\r][\n]"
04:01:33.187 [Test worker] DEBUG org.apache.http.wire - http-outgoing-4 << "Date: Wed, 21 Dec 2016 03:01:33 GMT[\r][\n]"
04:01:33.187 [Test worker] DEBUG org.apache.http.wire - http-outgoing-4 << "[\r][\n]"
04:01:33.187 [Test worker] DEBUG org.apache.http.headers - http-outgoing-4 << HTTP/1.1 204 No Content
04:01:33.187 [Test worker] DEBUG org.apache.http.headers - http-outgoing-4 << Server: Docker/1.12.3 (linux)
04:01:33.187 [Test worker] DEBUG org.apache.http.headers - http-outgoing-4 << Date: Wed, 21 Dec 2016 03:01:33 GMT
04:01:33.187 [Test worker] DEBUG o.a.h.impl.execchain.MainClientExec - Connection can be kept alive indefinitely
04:01:33.187 [Test worker] DEBUG c.g.d.j.JerseyDockerCmdExecFactory$1 - Connection [id: 4][route: {s}->https://Thesis:2376][state: CN=Thesis] can be kept alive indefinitely
04:01:33.187 [Test worker] DEBUG c.g.d.j.JerseyDockerCmdExecFactory$1 - Connection released: [id: 4][route: {s}->https://Thesis:2376][state: CN=Thesis][total kept alive: 1; route allocated: 1 of 2; total allocated: 1 of 20]
04:01:33.188 [Test worker] DEBUG c.g.d.j.JerseyDockerCmdExecFactory - 2 * Client response received on thread Test worker
2 < 204
2 < Date: Wed, 21 Dec 2016 03:01:33 GMT
2 < Server: Docker/1.12.3 (linux)

04:01:33.188 [Test worker] INFO  org.openbaton.docker.DockerVim - Network deleted successfully
04:01:33.189 [Test worker] DEBUG c.g.d.core.command.AbstrDockerCmd - Cmd: com.github.dockerjava.core.util.FiltersBuilder@0,com.github.dockerjava.jaxrs.ListVolumesCmdExec@fda8f12
04:01:33.242 [Test worker] DEBUG c.g.d.j.JerseyDockerCmdExecFactory - 1 * Sending client request on thread Test worker
1 > GET https://Thesis:2376/volumes
1 > Accept: application/json

04:01:33.250 [Test worker] DEBUG o.a.h.c.protocol.RequestAddCookies - CookieSpec selected: default
04:01:33.250 [Test worker] DEBUG o.a.h.c.protocol.RequestAuthCache - Auth cache not set in the context
04:01:33.251 [Test worker] DEBUG c.g.d.j.JerseyDockerCmdExecFactory$1 - Connection request: [route: {s}->https://Thesis:2376][total kept alive: 0; route allocated: 0 of 2; total allocated: 0 of 20]
04:01:33.251 [Test worker] DEBUG c.g.d.j.JerseyDockerCmdExecFactory$1 - Connection leased: [id: 5][route: {s}->https://Thesis:2376][total kept alive: 0; route allocated: 1 of 2; total allocated: 1 of 20]
04:01:33.251 [Test worker] DEBUG o.a.h.impl.execchain.MainClientExec - Opening connection {s}->https://Thesis:2376
04:01:33.251 [Test worker] DEBUG o.a.h.i.c.DefaultHttpClientConnectionOperator - Connecting to Thesis/127.0.1.1:2376
04:01:33.252 [Test worker] DEBUG o.a.h.c.s.SSLConnectionSocketFactory - Connecting socket to Thesis/127.0.1.1:2376 with timeout 0
04:01:33.254 [Test worker] DEBUG o.a.h.c.s.SSLConnectionSocketFactory - Enabled protocols: [TLSv1]
04:01:33.259 [Test worker] DEBUG o.a.h.c.s.SSLConnectionSocketFactory - Enabled cipher suites:[TLS_ECDHE_ECDSA_WITH_AES_128_CBC_SHA, TLS_ECDHE_RSA_WITH_AES_128_CBC_SHA, TLS_RSA_WITH_AES_128_CBC_SHA, TLS_ECDH_ECDSA_WITH_AES_128_CBC_SHA, TLS_ECDH_RSA_WITH_AES_128_CBC_SHA, TLS_DHE_RSA_WITH_AES_128_CBC_SHA, TLS_DHE_DSS_WITH_AES_128_CBC_SHA, TLS_ECDHE_ECDSA_WITH_3DES_EDE_CBC_SHA, TLS_ECDHE_RSA_WITH_3DES_EDE_CBC_SHA, SSL_RSA_WITH_3DES_EDE_CBC_SHA, TLS_ECDH_ECDSA_WITH_3DES_EDE_CBC_SHA, TLS_ECDH_RSA_WITH_3DES_EDE_CBC_SHA, SSL_DHE_RSA_WITH_3DES_EDE_CBC_SHA, SSL_DHE_DSS_WITH_3DES_EDE_CBC_SHA, TLS_ECDHE_ECDSA_WITH_RC4_128_SHA, TLS_ECDHE_RSA_WITH_RC4_128_SHA, SSL_RSA_WITH_RC4_128_SHA, TLS_ECDH_ECDSA_WITH_RC4_128_SHA, TLS_ECDH_RSA_WITH_RC4_128_SHA, SSL_RSA_WITH_RC4_128_MD5, TLS_EMPTY_RENEGOTIATION_INFO_SCSV]
04:01:33.259 [Test worker] DEBUG o.a.h.c.s.SSLConnectionSocketFactory - Starting handshake
04:01:33.339 [Test worker] DEBUG o.a.h.c.s.SSLConnectionSocketFactory - Secure session established
04:01:33.340 [Test worker] DEBUG o.a.h.c.s.SSLConnectionSocketFactory -  negotiated protocol: TLSv1
04:01:33.340 [Test worker] DEBUG o.a.h.c.s.SSLConnectionSocketFactory -  negotiated cipher suite: TLS_ECDHE_RSA_WITH_AES_128_CBC_SHA
04:01:33.340 [Test worker] DEBUG o.a.h.c.s.SSLConnectionSocketFactory -  peer principal: CN=Thesis
04:01:33.340 [Test worker] DEBUG o.a.h.c.s.SSLConnectionSocketFactory -  issuer principal: EMAILADDRESS=sha@yamil.com, CN=Thesis, OU=Open, O=Fra, L=BER, ST=BER, C=DE
04:01:33.340 [Test worker] DEBUG o.a.h.i.c.DefaultHttpClientConnectionOperator - Connection established 127.0.0.1:60938<->127.0.1.1:2376
04:01:33.341 [Test worker] DEBUG o.a.h.impl.execchain.MainClientExec - Executing request GET /volumes HTTP/1.1
04:01:33.341 [Test worker] DEBUG o.a.h.impl.execchain.MainClientExec - Target auth state: UNCHALLENGED
04:01:33.341 [Test worker] DEBUG o.a.h.impl.execchain.MainClientExec - Proxy auth state: UNCHALLENGED
04:01:33.341 [Test worker] DEBUG org.apache.http.headers - http-outgoing-5 >> GET /volumes HTTP/1.1
04:01:33.341 [Test worker] DEBUG org.apache.http.headers - http-outgoing-5 >> Accept: application/json
04:01:33.341 [Test worker] DEBUG org.apache.http.headers - http-outgoing-5 >> User-Agent: Jersey/2.23.1 (Apache HttpClient 4.5.1)
04:01:33.342 [Test worker] DEBUG org.apache.http.headers - http-outgoing-5 >> Host: Thesis:2376
04:01:33.342 [Test worker] DEBUG org.apache.http.headers - http-outgoing-5 >> Connection: Keep-Alive
04:01:33.342 [Test worker] DEBUG org.apache.http.headers - http-outgoing-5 >> Accept-Encoding: gzip,deflate
04:01:33.342 [Test worker] DEBUG org.apache.http.wire - http-outgoing-5 >> "GET /volumes HTTP/1.1[\r][\n]"
04:01:33.342 [Test worker] DEBUG org.apache.http.wire - http-outgoing-5 >> "Accept: application/json[\r][\n]"
04:01:33.342 [Test worker] DEBUG org.apache.http.wire - http-outgoing-5 >> "User-Agent: Jersey/2.23.1 (Apache HttpClient 4.5.1)[\r][\n]"
04:01:33.343 [Test worker] DEBUG org.apache.http.wire - http-outgoing-5 >> "Host: Thesis:2376[\r][\n]"
04:01:33.343 [Test worker] DEBUG org.apache.http.wire - http-outgoing-5 >> "Connection: Keep-Alive[\r][\n]"
04:01:33.343 [Test worker] DEBUG org.apache.http.wire - http-outgoing-5 >> "Accept-Encoding: gzip,deflate[\r][\n]"
04:01:33.343 [Test worker] DEBUG org.apache.http.wire - http-outgoing-5 >> "[\r][\n]"
04:01:33.344 [Test worker] DEBUG org.apache.http.wire - http-outgoing-5 << "H"
04:01:33.344 [Test worker] DEBUG org.apache.http.wire - http-outgoing-5 << "TTP/1.1 200 OK[\r][\n]"
04:01:33.344 [Test worker] DEBUG org.apache.http.wire - http-outgoing-5 << "Content-Type: application/json[\r][\n]"
04:01:33.344 [Test worker] DEBUG org.apache.http.wire - http-outgoing-5 << "Server: Docker/1.12.3 (linux)[\r][\n]"
04:01:33.344 [Test worker] DEBUG org.apache.http.wire - http-outgoing-5 << "Date: Wed, 21 Dec 2016 03:01:33 GMT[\r][\n]"
04:01:33.345 [Test worker] DEBUG org.apache.http.wire - http-outgoing-5 << "Content-Length: 33[\r][\n]"
04:01:33.345 [Test worker] DEBUG org.apache.http.wire - http-outgoing-5 << "[\r][\n]"
04:01:33.345 [Test worker] DEBUG org.apache.http.wire - http-outgoing-5 << "{"Volumes":null,"Warnings":null}[\n]"
04:01:33.345 [Test worker] DEBUG org.apache.http.headers - http-outgoing-5 << HTTP/1.1 200 OK
04:01:33.345 [Test worker] DEBUG org.apache.http.headers - http-outgoing-5 << Content-Type: application/json
04:01:33.346 [Test worker] DEBUG org.apache.http.headers - http-outgoing-5 << Server: Docker/1.12.3 (linux)
04:01:33.346 [Test worker] DEBUG org.apache.http.headers - http-outgoing-5 << Date: Wed, 21 Dec 2016 03:01:33 GMT
04:01:33.346 [Test worker] DEBUG org.apache.http.headers - http-outgoing-5 << Content-Length: 33
04:01:33.346 [Test worker] DEBUG o.a.h.impl.execchain.MainClientExec - Connection can be kept alive indefinitely
04:01:33.347 [Test worker] DEBUG c.g.d.j.JerseyDockerCmdExecFactory - 2 * Client response received on thread Test worker
2 < 200
2 < Content-Length: 33
2 < Content-Type: application/json
2 < Date: Wed, 21 Dec 2016 03:01:33 GMT
2 < Server: Docker/1.12.3 (linux)
{"Volumes":null,"Warnings":null}


04:01:33.355 [Test worker] DEBUG o.a.h.i.c.DefaultManagedHttpClientConnection - http-outgoing-5: Close connection
04:01:33.363 [Test worker] DEBUG o.a.h.impl.execchain.MainClientExec - Connection discarded
04:01:33.364 [Test worker] DEBUG c.g.d.j.JerseyDockerCmdExecFactory$1 - Connection released: [id: 5][route: {s}->https://Thesis:2376][total kept alive: 0; route allocated: 0 of 2; total allocated: 0 of 20]
List of volumes: null
Cert Path : null
04:01:33.377 [Test worker] DEBUG c.g.d.core.command.AbstrDockerCmd - Cmd: MyNetwork,<null>,<null>,{},true,<null>,<null>,com.github.dockerjava.jaxrs.CreateNetworkCmdExec@1d69f46b
04:01:33.422 [Test worker] DEBUG o.a.h.c.protocol.RequestAddCookies - CookieSpec selected: default
04:01:33.425 [Test worker] DEBUG o.a.h.c.protocol.RequestAuthCache - Auth cache not set in the context
04:01:33.426 [Test worker] DEBUG c.g.d.j.JerseyDockerCmdExecFactory$1 - Connection request: [route: {s}->https://Thesis:2376][total kept alive: 0; route allocated: 0 of 2; total allocated: 0 of 20]
04:01:33.426 [Test worker] DEBUG c.g.d.j.JerseyDockerCmdExecFactory$1 - Connection leased: [id: 6][route: {s}->https://Thesis:2376][total kept alive: 0; route allocated: 1 of 2; total allocated: 1 of 20]
04:01:33.426 [Test worker] DEBUG o.a.h.impl.execchain.MainClientExec - Opening connection {s}->https://Thesis:2376
04:01:33.426 [Test worker] DEBUG o.a.h.i.c.DefaultHttpClientConnectionOperator - Connecting to Thesis/127.0.1.1:2376
04:01:33.427 [Test worker] DEBUG o.a.h.c.s.SSLConnectionSocketFactory - Connecting socket to Thesis/127.0.1.1:2376 with timeout 0
04:01:33.434 [Test worker] DEBUG o.a.h.c.s.SSLConnectionSocketFactory - Enabled protocols: [TLSv1]
04:01:33.434 [Test worker] DEBUG o.a.h.c.s.SSLConnectionSocketFactory - Enabled cipher suites:[TLS_ECDHE_ECDSA_WITH_AES_128_CBC_SHA, TLS_ECDHE_RSA_WITH_AES_128_CBC_SHA, TLS_RSA_WITH_AES_128_CBC_SHA, TLS_ECDH_ECDSA_WITH_AES_128_CBC_SHA, TLS_ECDH_RSA_WITH_AES_128_CBC_SHA, TLS_DHE_RSA_WITH_AES_128_CBC_SHA, TLS_DHE_DSS_WITH_AES_128_CBC_SHA, TLS_ECDHE_ECDSA_WITH_3DES_EDE_CBC_SHA, TLS_ECDHE_RSA_WITH_3DES_EDE_CBC_SHA, SSL_RSA_WITH_3DES_EDE_CBC_SHA, TLS_ECDH_ECDSA_WITH_3DES_EDE_CBC_SHA, TLS_ECDH_RSA_WITH_3DES_EDE_CBC_SHA, SSL_DHE_RSA_WITH_3DES_EDE_CBC_SHA, SSL_DHE_DSS_WITH_3DES_EDE_CBC_SHA, TLS_ECDHE_ECDSA_WITH_RC4_128_SHA, TLS_ECDHE_RSA_WITH_RC4_128_SHA, SSL_RSA_WITH_RC4_128_SHA, TLS_ECDH_ECDSA_WITH_RC4_128_SHA, TLS_ECDH_RSA_WITH_RC4_128_SHA, SSL_RSA_WITH_RC4_128_MD5, TLS_EMPTY_RENEGOTIATION_INFO_SCSV]
04:01:33.434 [Test worker] DEBUG o.a.h.c.s.SSLConnectionSocketFactory - Starting handshake
04:01:33.521 [Test worker] DEBUG o.a.h.c.s.SSLConnectionSocketFactory - Secure session established
04:01:33.521 [Test worker] DEBUG o.a.h.c.s.SSLConnectionSocketFactory -  negotiated protocol: TLSv1
04:01:33.521 [Test worker] DEBUG o.a.h.c.s.SSLConnectionSocketFactory -  negotiated cipher suite: TLS_ECDHE_RSA_WITH_AES_128_CBC_SHA
04:01:33.521 [Test worker] DEBUG o.a.h.c.s.SSLConnectionSocketFactory -  peer principal: CN=Thesis
04:01:33.522 [Test worker] DEBUG o.a.h.c.s.SSLConnectionSocketFactory -  issuer principal: EMAILADDRESS=sha@yamil.com, CN=Thesis, OU=Open, O=Fra, L=BER, ST=BER, C=DE
04:01:33.522 [Test worker] DEBUG o.a.h.i.c.DefaultHttpClientConnectionOperator - Connection established 127.0.0.1:60940<->127.0.1.1:2376
04:01:33.522 [Test worker] DEBUG o.a.h.impl.execchain.MainClientExec - Executing request POST /networks/create HTTP/1.1
04:01:33.522 [Test worker] DEBUG o.a.h.impl.execchain.MainClientExec - Target auth state: UNCHALLENGED
04:01:33.522 [Test worker] DEBUG o.a.h.impl.execchain.MainClientExec - Proxy auth state: UNCHALLENGED
04:01:33.523 [Test worker] DEBUG org.apache.http.headers - http-outgoing-6 >> POST /networks/create HTTP/1.1
04:01:33.523 [Test worker] DEBUG org.apache.http.headers - http-outgoing-6 >> Accept: application/json
04:01:33.523 [Test worker] DEBUG org.apache.http.headers - http-outgoing-6 >> Content-Type: application/json
04:01:33.523 [Test worker] DEBUG org.apache.http.headers - http-outgoing-6 >> User-Agent: Jersey/2.23.1 (Apache HttpClient 4.5.1)
04:01:33.523 [Test worker] DEBUG org.apache.http.headers - http-outgoing-6 >> Transfer-Encoding: chunked
04:01:33.523 [Test worker] DEBUG org.apache.http.headers - http-outgoing-6 >> Host: Thesis:2376
04:01:33.524 [Test worker] DEBUG org.apache.http.headers - http-outgoing-6 >> Connection: Keep-Alive
04:01:33.524 [Test worker] DEBUG org.apache.http.headers - http-outgoing-6 >> Accept-Encoding: gzip,deflate
04:01:33.551 [Test worker] DEBUG c.g.d.j.JerseyDockerCmdExecFactory - 1 * Sending client request on thread Test worker
1 > POST https://Thesis:2376/networks/create
1 > Accept: application/json
1 > Content-Type: application/json
{"enableIPv6":null,"Name":"MyNetwork","Driver":null,"IPAM":null,"Options":{},"CheckDuplicate":true,"Internal":null,"EnableIPv6":null}

04:01:33.553 [Test worker] DEBUG org.apache.http.wire - http-outgoing-6 >> "POST /networks/create HTTP/1.1[\r][\n]"
04:01:33.556 [Test worker] DEBUG org.apache.http.wire - http-outgoing-6 >> "Accept: application/json[\r][\n]"
04:01:33.556 [Test worker] DEBUG org.apache.http.wire - http-outgoing-6 >> "Content-Type: application/json[\r][\n]"
04:01:33.556 [Test worker] DEBUG org.apache.http.wire - http-outgoing-6 >> "User-Agent: Jersey/2.23.1 (Apache HttpClient 4.5.1)[\r][\n]"
04:01:33.556 [Test worker] DEBUG org.apache.http.wire - http-outgoing-6 >> "Transfer-Encoding: chunked[\r][\n]"
04:01:33.556 [Test worker] DEBUG org.apache.http.wire - http-outgoing-6 >> "Host: Thesis:2376[\r][\n]"
04:01:33.556 [Test worker] DEBUG org.apache.http.wire - http-outgoing-6 >> "Connection: Keep-Alive[\r][\n]"
04:01:33.557 [Test worker] DEBUG org.apache.http.wire - http-outgoing-6 >> "Accept-Encoding: gzip,deflate[\r][\n]"
04:01:33.557 [Test worker] DEBUG org.apache.http.wire - http-outgoing-6 >> "[\r][\n]"
04:01:33.557 [Test worker] DEBUG org.apache.http.wire - http-outgoing-6 >> "85[\r][\n]"
04:01:33.557 [Test worker] DEBUG org.apache.http.wire - http-outgoing-6 >> "{"enableIPv6":null,"Name":"MyNetwork","Driver":null,"IPAM":null,"Options":{},"CheckDuplicate":true,"Internal":null,"EnableIPv6":null}[\r][\n]"
04:01:33.557 [Test worker] DEBUG org.apache.http.wire - http-outgoing-6 >> "0[\r][\n]"
04:01:33.558 [Test worker] DEBUG org.apache.http.wire - http-outgoing-6 >> "[\r][\n]"
04:01:33.622 [Test worker] DEBUG org.apache.http.wire - http-outgoing-6 << "H"
04:01:33.623 [Test worker] DEBUG org.apache.http.wire - http-outgoing-6 << "TTP/1.1 201 Created[\r][\n]"
04:01:33.623 [Test worker] DEBUG org.apache.http.wire - http-outgoing-6 << "Content-Type: application/json[\r][\n]"
04:01:33.623 [Test worker] DEBUG org.apache.http.wire - http-outgoing-6 << "Server: Docker/1.12.3 (linux)[\r][\n]"
04:01:33.623 [Test worker] DEBUG org.apache.http.wire - http-outgoing-6 << "Date: Wed, 21 Dec 2016 03:01:33 GMT[\r][\n]"
04:01:33.623 [Test worker] DEBUG org.apache.http.wire - http-outgoing-6 << "Content-Length: 87[\r][\n]"
04:01:33.623 [Test worker] DEBUG org.apache.http.wire - http-outgoing-6 << "[\r][\n]"
04:01:33.623 [Test worker] DEBUG org.apache.http.wire - http-outgoing-6 << "{"Id":"5a30f19dac10c223dbe71b1245ebc6269c8438db4bef2ef5c9428ed0fa719c10","Warning":""}[\n]"
04:01:33.623 [Test worker] DEBUG org.apache.http.headers - http-outgoing-6 << HTTP/1.1 201 Created
04:01:33.623 [Test worker] DEBUG org.apache.http.headers - http-outgoing-6 << Content-Type: application/json
04:01:33.623 [Test worker] DEBUG org.apache.http.headers - http-outgoing-6 << Server: Docker/1.12.3 (linux)
04:01:33.623 [Test worker] DEBUG org.apache.http.headers - http-outgoing-6 << Date: Wed, 21 Dec 2016 03:01:33 GMT
04:01:33.623 [Test worker] DEBUG org.apache.http.headers - http-outgoing-6 << Content-Length: 87
04:01:33.623 [Test worker] DEBUG o.a.h.impl.execchain.MainClientExec - Connection can be kept alive indefinitely
04:01:33.624 [Test worker] DEBUG c.g.d.j.JerseyDockerCmdExecFactory - 2 * Client response received on thread Test worker
2 < 201
2 < Content-Length: 87
2 < Content-Type: application/json
2 < Date: Wed, 21 Dec 2016 03:01:33 GMT
2 < Server: Docker/1.12.3 (linux)
{"Id":"5a30f19dac10c223dbe71b1245ebc6269c8438db4bef2ef5c9428ed0fa719c10","Warning":""}


04:01:33.625 [Test worker] DEBUG o.a.h.i.c.DefaultManagedHttpClientConnection - http-outgoing-6: Close connection
04:01:33.633 [Test worker] DEBUG o.a.h.impl.execchain.MainClientExec - Connection discarded
04:01:33.633 [Test worker] DEBUG c.g.d.j.JerseyDockerCmdExecFactory$1 - Connection released: [id: 6][route: {s}->https://Thesis:2376][total kept alive: 0; route allocated: 0 of 2; total allocated: 0 of 20]
04:01:33.634 [Test worker] DEBUG c.g.d.core.command.AbstrDockerCmd - Cmd: 5a30f19dac10c223dbe71b1245ebc6269c8438db4bef2ef5c9428ed0fa719c10,com.github.dockerjava.jaxrs.InspectNetworkCmdExec@3c450bb2
04:01:33.636 [Test worker] DEBUG c.g.d.jaxrs.ListNetworksCmdExec - GET: JerseyWebTarget { https://Thesis:2376/networks/5a30f19dac10c223dbe71b1245ebc6269c8438db4bef2ef5c9428ed0fa719c10 }
04:01:33.650 [Test worker] DEBUG c.g.d.j.JerseyDockerCmdExecFactory - 3 * Sending client request on thread Test worker
3 > GET https://Thesis:2376/networks/5a30f19dac10c223dbe71b1245ebc6269c8438db4bef2ef5c9428ed0fa719c10
3 > Accept: application/json

04:01:33.651 [Test worker] DEBUG o.a.h.c.protocol.RequestAddCookies - CookieSpec selected: default
04:01:33.651 [Test worker] DEBUG o.a.h.c.protocol.RequestAuthCache - Auth cache not set in the context
04:01:33.654 [Test worker] DEBUG c.g.d.j.JerseyDockerCmdExecFactory$1 - Connection request: [route: {s}->https://Thesis:2376][total kept alive: 0; route allocated: 0 of 2; total allocated: 0 of 20]
04:01:33.655 [Test worker] DEBUG c.g.d.j.JerseyDockerCmdExecFactory$1 - Connection leased: [id: 7][route: {s}->https://Thesis:2376][total kept alive: 0; route allocated: 1 of 2; total allocated: 1 of 20]
04:01:33.655 [Test worker] DEBUG o.a.h.impl.execchain.MainClientExec - Opening connection {s}->https://Thesis:2376
04:01:33.655 [Test worker] DEBUG o.a.h.i.c.DefaultHttpClientConnectionOperator - Connecting to Thesis/127.0.1.1:2376
04:01:33.655 [Test worker] DEBUG o.a.h.c.s.SSLConnectionSocketFactory - Connecting socket to Thesis/127.0.1.1:2376 with timeout 0
04:01:33.659 [Test worker] DEBUG o.a.h.c.s.SSLConnectionSocketFactory - Enabled protocols: [TLSv1]
04:01:33.662 [Test worker] DEBUG o.a.h.c.s.SSLConnectionSocketFactory - Enabled cipher suites:[TLS_ECDHE_ECDSA_WITH_AES_128_CBC_SHA, TLS_ECDHE_RSA_WITH_AES_128_CBC_SHA, TLS_RSA_WITH_AES_128_CBC_SHA, TLS_ECDH_ECDSA_WITH_AES_128_CBC_SHA, TLS_ECDH_RSA_WITH_AES_128_CBC_SHA, TLS_DHE_RSA_WITH_AES_128_CBC_SHA, TLS_DHE_DSS_WITH_AES_128_CBC_SHA, TLS_ECDHE_ECDSA_WITH_3DES_EDE_CBC_SHA, TLS_ECDHE_RSA_WITH_3DES_EDE_CBC_SHA, SSL_RSA_WITH_3DES_EDE_CBC_SHA, TLS_ECDH_ECDSA_WITH_3DES_EDE_CBC_SHA, TLS_ECDH_RSA_WITH_3DES_EDE_CBC_SHA, SSL_DHE_RSA_WITH_3DES_EDE_CBC_SHA, SSL_DHE_DSS_WITH_3DES_EDE_CBC_SHA, TLS_ECDHE_ECDSA_WITH_RC4_128_SHA, TLS_ECDHE_RSA_WITH_RC4_128_SHA, SSL_RSA_WITH_RC4_128_SHA, TLS_ECDH_ECDSA_WITH_RC4_128_SHA, TLS_ECDH_RSA_WITH_RC4_128_SHA, SSL_RSA_WITH_RC4_128_MD5, TLS_EMPTY_RENEGOTIATION_INFO_SCSV]
04:01:33.662 [Test worker] DEBUG o.a.h.c.s.SSLConnectionSocketFactory - Starting handshake
04:01:33.745 [Test worker] DEBUG o.a.h.c.s.SSLConnectionSocketFactory - Secure session established
04:01:33.745 [Test worker] DEBUG o.a.h.c.s.SSLConnectionSocketFactory -  negotiated protocol: TLSv1
04:01:33.745 [Test worker] DEBUG o.a.h.c.s.SSLConnectionSocketFactory -  negotiated cipher suite: TLS_ECDHE_RSA_WITH_AES_128_CBC_SHA
04:01:33.746 [Test worker] DEBUG o.a.h.c.s.SSLConnectionSocketFactory -  peer principal: CN=Thesis
04:01:33.746 [Test worker] DEBUG o.a.h.c.s.SSLConnectionSocketFactory -  issuer principal: EMAILADDRESS=sha@yamil.com, CN=Thesis, OU=Open, O=Fra, L=BER, ST=BER, C=DE
04:01:33.746 [Test worker] DEBUG o.a.h.i.c.DefaultHttpClientConnectionOperator - Connection established 127.0.0.1:60942<->127.0.1.1:2376
04:01:33.746 [Test worker] DEBUG o.a.h.impl.execchain.MainClientExec - Executing request GET /networks/5a30f19dac10c223dbe71b1245ebc6269c8438db4bef2ef5c9428ed0fa719c10 HTTP/1.1
04:01:33.746 [Test worker] DEBUG o.a.h.impl.execchain.MainClientExec - Target auth state: UNCHALLENGED
04:01:33.746 [Test worker] DEBUG o.a.h.impl.execchain.MainClientExec - Proxy auth state: UNCHALLENGED
04:01:33.747 [Test worker] DEBUG org.apache.http.headers - http-outgoing-7 >> GET /networks/5a30f19dac10c223dbe71b1245ebc6269c8438db4bef2ef5c9428ed0fa719c10 HTTP/1.1
04:01:33.747 [Test worker] DEBUG org.apache.http.headers - http-outgoing-7 >> Accept: application/json
04:01:33.747 [Test worker] DEBUG org.apache.http.headers - http-outgoing-7 >> User-Agent: Jersey/2.23.1 (Apache HttpClient 4.5.1)
04:01:33.747 [Test worker] DEBUG org.apache.http.headers - http-outgoing-7 >> Host: Thesis:2376
04:01:33.747 [Test worker] DEBUG org.apache.http.headers - http-outgoing-7 >> Connection: Keep-Alive
04:01:33.748 [Test worker] DEBUG org.apache.http.headers - http-outgoing-7 >> Accept-Encoding: gzip,deflate
04:01:33.748 [Test worker] DEBUG org.apache.http.wire - http-outgoing-7 >> "GET /networks/5a30f19dac10c223dbe71b1245ebc6269c8438db4bef2ef5c9428ed0fa719c10 HTTP/1.1[\r][\n]"
04:01:33.748 [Test worker] DEBUG org.apache.http.wire - http-outgoing-7 >> "Accept: application/json[\r][\n]"
04:01:33.748 [Test worker] DEBUG org.apache.http.wire - http-outgoing-7 >> "User-Agent: Jersey/2.23.1 (Apache HttpClient 4.5.1)[\r][\n]"
04:01:33.748 [Test worker] DEBUG org.apache.http.wire - http-outgoing-7 >> "Host: Thesis:2376[\r][\n]"
04:01:33.748 [Test worker] DEBUG org.apache.http.wire - http-outgoing-7 >> "Connection: Keep-Alive[\r][\n]"
04:01:33.749 [Test worker] DEBUG org.apache.http.wire - http-outgoing-7 >> "Accept-Encoding: gzip,deflate[\r][\n]"
04:01:33.749 [Test worker] DEBUG org.apache.http.wire - http-outgoing-7 >> "[\r][\n]"
04:01:33.750 [Test worker] DEBUG org.apache.http.wire - http-outgoing-7 << "H"
04:01:33.750 [Test worker] DEBUG org.apache.http.wire - http-outgoing-7 << "TTP/1.1 200 OK[\r][\n]"
04:01:33.750 [Test worker] DEBUG org.apache.http.wire - http-outgoing-7 << "Content-Type: application/json[\r][\n]"
04:01:33.750 [Test worker] DEBUG org.apache.http.wire - http-outgoing-7 << "Server: Docker/1.12.3 (linux)[\r][\n]"
04:01:33.750 [Test worker] DEBUG org.apache.http.wire - http-outgoing-7 << "Date: Wed, 21 Dec 2016 03:01:33 GMT[\r][\n]"
04:01:33.750 [Test worker] DEBUG org.apache.http.wire - http-outgoing-7 << "Content-Length: 311[\r][\n]"
04:01:33.751 [Test worker] DEBUG org.apache.http.wire - http-outgoing-7 << "[\r][\n]"
04:01:33.751 [Test worker] DEBUG org.apache.http.wire - http-outgoing-7 << "{"Name":"MyNetwork","Id":"5a30f19dac10c223dbe71b1245ebc6269c8438db4bef2ef5c9428ed0fa719c10","Scope":"local","Driver":"bridge","EnableIPv6":false,"IPAM":{"Driver":"default","Options":null,"Config":[{"Subnet":"172.18.0.0/16","Gateway":"172.18.0.1/16"}]},"Internal":false,"Containers":{},"Options":{},"Labels":{}}[\n]"
04:01:33.751 [Test worker] DEBUG org.apache.http.headers - http-outgoing-7 << HTTP/1.1 200 OK
04:01:33.751 [Test worker] DEBUG org.apache.http.headers - http-outgoing-7 << Content-Type: application/json
04:01:33.751 [Test worker] DEBUG org.apache.http.headers - http-outgoing-7 << Server: Docker/1.12.3 (linux)
04:01:33.752 [Test worker] DEBUG org.apache.http.headers - http-outgoing-7 << Date: Wed, 21 Dec 2016 03:01:33 GMT
04:01:33.752 [Test worker] DEBUG org.apache.http.headers - http-outgoing-7 << Content-Length: 311
04:01:33.752 [Test worker] DEBUG o.a.h.impl.execchain.MainClientExec - Connection can be kept alive indefinitely
04:01:33.752 [Test worker] DEBUG c.g.d.j.JerseyDockerCmdExecFactory - 4 * Client response received on thread Test worker
4 < 200
4 < Content-Length: 311
4 < Content-Type: application/json
4 < Date: Wed, 21 Dec 2016 03:01:33 GMT
4 < Server: Docker/1.12.3 (linux)
{"Name":"MyNetwork","Id":"5a30f19dac10c223dbe71b1245ebc6269c8438db4bef2ef5c9428ed0fa719c10","Scope":"local","Driver":"bridge","EnableIPv6":false,"IPAM":{"Driver":"default","Options":null,"Config":[{"Subnet":"172.18.0.0/16","Gateway":"172.18.0.1/16"}]},"Internal":false,"Containers":{},"Options":{},"Labels":{}}


04:01:33.758 [Test worker] DEBUG o.a.h.i.c.DefaultManagedHttpClientConnection - http-outgoing-7: Close connection
04:01:33.760 [Test worker] DEBUG o.a.h.impl.execchain.MainClientExec - Connection discarded
04:01:33.760 [Test worker] DEBUG c.g.d.j.JerseyDockerCmdExecFactory$1 - Connection released: [id: 7][route: {s}->https://Thesis:2376][total kept alive: 0; route allocated: 0 of 2; total allocated: 0 of 20]
04:01:33.761 [Test worker] DEBUG org.openbaton.docker.DockerVim - Network successfully created
Cert Path : null
04:01:33.771 [Test worker] DEBUG c.g.d.core.command.AbstrDockerCmd - Cmd: MyNetwork2,<null>,<null>,{},true,<null>,<null>,com.github.dockerjava.jaxrs.CreateNetworkCmdExec@6111490c
04:01:33.802 [Test worker] DEBUG o.a.h.c.protocol.RequestAddCookies - CookieSpec selected: default
04:01:33.802 [Test worker] DEBUG o.a.h.c.protocol.RequestAuthCache - Auth cache not set in the context
04:01:33.803 [Test worker] DEBUG c.g.d.j.JerseyDockerCmdExecFactory$1 - Connection request: [route: {s}->https://Thesis:2376][total kept alive: 0; route allocated: 0 of 2; total allocated: 0 of 20]
04:01:33.803 [Test worker] DEBUG c.g.d.j.JerseyDockerCmdExecFactory$1 - Connection leased: [id: 8][route: {s}->https://Thesis:2376][total kept alive: 0; route allocated: 1 of 2; total allocated: 1 of 20]
04:01:33.803 [Test worker] DEBUG o.a.h.impl.execchain.MainClientExec - Opening connection {s}->https://Thesis:2376
04:01:33.804 [Test worker] DEBUG o.a.h.i.c.DefaultHttpClientConnectionOperator - Connecting to Thesis/127.0.1.1:2376
04:01:33.804 [Test worker] DEBUG o.a.h.c.s.SSLConnectionSocketFactory - Connecting socket to Thesis/127.0.1.1:2376 with timeout 0
04:01:33.805 [Test worker] DEBUG o.a.h.c.s.SSLConnectionSocketFactory - Enabled protocols: [TLSv1]
04:01:33.806 [Test worker] DEBUG o.a.h.c.s.SSLConnectionSocketFactory - Enabled cipher suites:[TLS_ECDHE_ECDSA_WITH_AES_128_CBC_SHA, TLS_ECDHE_RSA_WITH_AES_128_CBC_SHA, TLS_RSA_WITH_AES_128_CBC_SHA, TLS_ECDH_ECDSA_WITH_AES_128_CBC_SHA, TLS_ECDH_RSA_WITH_AES_128_CBC_SHA, TLS_DHE_RSA_WITH_AES_128_CBC_SHA, TLS_DHE_DSS_WITH_AES_128_CBC_SHA, TLS_ECDHE_ECDSA_WITH_3DES_EDE_CBC_SHA, TLS_ECDHE_RSA_WITH_3DES_EDE_CBC_SHA, SSL_RSA_WITH_3DES_EDE_CBC_SHA, TLS_ECDH_ECDSA_WITH_3DES_EDE_CBC_SHA, TLS_ECDH_RSA_WITH_3DES_EDE_CBC_SHA, SSL_DHE_RSA_WITH_3DES_EDE_CBC_SHA, SSL_DHE_DSS_WITH_3DES_EDE_CBC_SHA, TLS_ECDHE_ECDSA_WITH_RC4_128_SHA, TLS_ECDHE_RSA_WITH_RC4_128_SHA, SSL_RSA_WITH_RC4_128_SHA, TLS_ECDH_ECDSA_WITH_RC4_128_SHA, TLS_ECDH_RSA_WITH_RC4_128_SHA, SSL_RSA_WITH_RC4_128_MD5, TLS_EMPTY_RENEGOTIATION_INFO_SCSV]
04:01:33.806 [Test worker] DEBUG o.a.h.c.s.SSLConnectionSocketFactory - Starting handshake
04:01:33.880 [Test worker] DEBUG o.a.h.c.s.SSLConnectionSocketFactory - Secure session established
04:01:33.881 [Test worker] DEBUG o.a.h.c.s.SSLConnectionSocketFactory -  negotiated protocol: TLSv1
04:01:33.881 [Test worker] DEBUG o.a.h.c.s.SSLConnectionSocketFactory -  negotiated cipher suite: TLS_ECDHE_RSA_WITH_AES_128_CBC_SHA
04:01:33.881 [Test worker] DEBUG o.a.h.c.s.SSLConnectionSocketFactory -  peer principal: CN=Thesis
04:01:33.881 [Test worker] DEBUG o.a.h.c.s.SSLConnectionSocketFactory -  issuer principal: EMAILADDRESS=sha@yamil.com, CN=Thesis, OU=Open, O=Fra, L=BER, ST=BER, C=DE
04:01:33.881 [Test worker] DEBUG o.a.h.i.c.DefaultHttpClientConnectionOperator - Connection established 127.0.0.1:60944<->127.0.1.1:2376
04:01:33.881 [Test worker] DEBUG o.a.h.impl.execchain.MainClientExec - Executing request POST /networks/create HTTP/1.1
04:01:33.882 [Test worker] DEBUG o.a.h.impl.execchain.MainClientExec - Target auth state: UNCHALLENGED
04:01:33.882 [Test worker] DEBUG o.a.h.impl.execchain.MainClientExec - Proxy auth state: UNCHALLENGED
04:01:33.882 [Test worker] DEBUG org.apache.http.headers - http-outgoing-8 >> POST /networks/create HTTP/1.1
04:01:33.882 [Test worker] DEBUG org.apache.http.headers - http-outgoing-8 >> Accept: application/json
04:01:33.882 [Test worker] DEBUG org.apache.http.headers - http-outgoing-8 >> Content-Type: application/json
04:01:33.883 [Test worker] DEBUG org.apache.http.headers - http-outgoing-8 >> User-Agent: Jersey/2.23.1 (Apache HttpClient 4.5.1)
04:01:33.883 [Test worker] DEBUG org.apache.http.headers - http-outgoing-8 >> Transfer-Encoding: chunked
04:01:33.883 [Test worker] DEBUG org.apache.http.headers - http-outgoing-8 >> Host: Thesis:2376
04:01:33.883 [Test worker] DEBUG org.apache.http.headers - http-outgoing-8 >> Connection: Keep-Alive
04:01:33.883 [Test worker] DEBUG org.apache.http.headers - http-outgoing-8 >> Accept-Encoding: gzip,deflate
04:01:33.886 [Test worker] DEBUG c.g.d.j.JerseyDockerCmdExecFactory - 1 * Sending client request on thread Test worker
1 > POST https://Thesis:2376/networks/create
1 > Accept: application/json
1 > Content-Type: application/json
{"enableIPv6":null,"Name":"MyNetwork2","Driver":null,"IPAM":null,"Options":{},"CheckDuplicate":true,"Internal":null,"EnableIPv6":null}

04:01:33.887 [Test worker] DEBUG org.apache.http.wire - http-outgoing-8 >> "POST /networks/create HTTP/1.1[\r][\n]"
04:01:33.887 [Test worker] DEBUG org.apache.http.wire - http-outgoing-8 >> "Accept: application/json[\r][\n]"
04:01:33.888 [Test worker] DEBUG org.apache.http.wire - http-outgoing-8 >> "Content-Type: application/json[\r][\n]"
04:01:33.888 [Test worker] DEBUG org.apache.http.wire - http-outgoing-8 >> "User-Agent: Jersey/2.23.1 (Apache HttpClient 4.5.1)[\r][\n]"
04:01:33.888 [Test worker] DEBUG org.apache.http.wire - http-outgoing-8 >> "Transfer-Encoding: chunked[\r][\n]"
04:01:33.888 [Test worker] DEBUG org.apache.http.wire - http-outgoing-8 >> "Host: Thesis:2376[\r][\n]"
04:01:33.888 [Test worker] DEBUG org.apache.http.wire - http-outgoing-8 >> "Connection: Keep-Alive[\r][\n]"
04:01:33.889 [Test worker] DEBUG org.apache.http.wire - http-outgoing-8 >> "Accept-Encoding: gzip,deflate[\r][\n]"
04:01:33.889 [Test worker] DEBUG org.apache.http.wire - http-outgoing-8 >> "[\r][\n]"
04:01:33.889 [Test worker] DEBUG org.apache.http.wire - http-outgoing-8 >> "86[\r][\n]"
04:01:33.889 [Test worker] DEBUG org.apache.http.wire - http-outgoing-8 >> "{"enableIPv6":null,"Name":"MyNetwork2","Driver":null,"IPAM":null,"Options":{},"CheckDuplicate":true,"Internal":null,"EnableIPv6":null}[\r][\n]"
04:01:33.889 [Test worker] DEBUG org.apache.http.wire - http-outgoing-8 >> "0[\r][\n]"
04:01:33.889 [Test worker] DEBUG org.apache.http.wire - http-outgoing-8 >> "[\r][\n]"
04:01:33.990 [Test worker] DEBUG org.apache.http.wire - http-outgoing-8 << "H"
04:01:33.991 [Test worker] DEBUG org.apache.http.wire - http-outgoing-8 << "TTP/1.1 201 Created[\r][\n]"
04:01:33.991 [Test worker] DEBUG org.apache.http.wire - http-outgoing-8 << "Content-Type: application/json[\r][\n]"
04:01:33.991 [Test worker] DEBUG org.apache.http.wire - http-outgoing-8 << "Server: Docker/1.12.3 (linux)[\r][\n]"
04:01:33.991 [Test worker] DEBUG org.apache.http.wire - http-outgoing-8 << "Date: Wed, 21 Dec 2016 03:01:33 GMT[\r][\n]"
04:01:33.991 [Test worker] DEBUG org.apache.http.wire - http-outgoing-8 << "Content-Length: 87[\r][\n]"
04:01:33.991 [Test worker] DEBUG org.apache.http.wire - http-outgoing-8 << "[\r][\n]"
04:01:33.991 [Test worker] DEBUG org.apache.http.wire - http-outgoing-8 << "{"Id":"904fffc745cd34fd5af27123bb333dad50b450e73ff80cdb9c321d0a743812db","Warning":""}[\n]"
04:01:33.991 [Test worker] DEBUG org.apache.http.headers - http-outgoing-8 << HTTP/1.1 201 Created
04:01:33.991 [Test worker] DEBUG org.apache.http.headers - http-outgoing-8 << Content-Type: application/json
04:01:33.991 [Test worker] DEBUG org.apache.http.headers - http-outgoing-8 << Server: Docker/1.12.3 (linux)
04:01:33.991 [Test worker] DEBUG org.apache.http.headers - http-outgoing-8 << Date: Wed, 21 Dec 2016 03:01:33 GMT
04:01:33.991 [Test worker] DEBUG org.apache.http.headers - http-outgoing-8 << Content-Length: 87
04:01:33.991 [Test worker] DEBUG o.a.h.impl.execchain.MainClientExec - Connection can be kept alive indefinitely
04:01:33.992 [Test worker] DEBUG c.g.d.j.JerseyDockerCmdExecFactory - 2 * Client response received on thread Test worker
2 < 201
2 < Content-Length: 87
2 < Content-Type: application/json
2 < Date: Wed, 21 Dec 2016 03:01:33 GMT
2 < Server: Docker/1.12.3 (linux)
{"Id":"904fffc745cd34fd5af27123bb333dad50b450e73ff80cdb9c321d0a743812db","Warning":""}


04:01:34.001 [Test worker] DEBUG o.a.h.i.c.DefaultManagedHttpClientConnection - http-outgoing-8: Close connection
04:01:34.002 [Test worker] DEBUG o.a.h.impl.execchain.MainClientExec - Connection discarded
04:01:34.002 [Test worker] DEBUG c.g.d.j.JerseyDockerCmdExecFactory$1 - Connection released: [id: 8][route: {s}->https://Thesis:2376][total kept alive: 0; route allocated: 0 of 2; total allocated: 0 of 20]
04:01:34.002 [Test worker] DEBUG c.g.d.core.command.AbstrDockerCmd - Cmd: 904fffc745cd34fd5af27123bb333dad50b450e73ff80cdb9c321d0a743812db,com.github.dockerjava.jaxrs.InspectNetworkCmdExec@22dfab12
04:01:34.002 [Test worker] DEBUG c.g.d.jaxrs.ListNetworksCmdExec - GET: JerseyWebTarget { https://Thesis:2376/networks/904fffc745cd34fd5af27123bb333dad50b450e73ff80cdb9c321d0a743812db }
04:01:34.004 [Test worker] DEBUG c.g.d.j.JerseyDockerCmdExecFactory - 3 * Sending client request on thread Test worker
3 > GET https://Thesis:2376/networks/904fffc745cd34fd5af27123bb333dad50b450e73ff80cdb9c321d0a743812db
3 > Accept: application/json

04:01:34.008 [Test worker] DEBUG o.a.h.c.protocol.RequestAddCookies - CookieSpec selected: default
04:01:34.009 [Test worker] DEBUG o.a.h.c.protocol.RequestAuthCache - Auth cache not set in the context
04:01:34.010 [Test worker] DEBUG c.g.d.j.JerseyDockerCmdExecFactory$1 - Connection request: [route: {s}->https://Thesis:2376][total kept alive: 0; route allocated: 0 of 2; total allocated: 0 of 20]
04:01:34.012 [Test worker] DEBUG c.g.d.j.JerseyDockerCmdExecFactory$1 - Connection leased: [id: 9][route: {s}->https://Thesis:2376][total kept alive: 0; route allocated: 1 of 2; total allocated: 1 of 20]
04:01:34.013 [Test worker] DEBUG o.a.h.impl.execchain.MainClientExec - Opening connection {s}->https://Thesis:2376
04:01:34.013 [Test worker] DEBUG o.a.h.i.c.DefaultHttpClientConnectionOperator - Connecting to Thesis/127.0.1.1:2376
04:01:34.013 [Test worker] DEBUG o.a.h.c.s.SSLConnectionSocketFactory - Connecting socket to Thesis/127.0.1.1:2376 with timeout 0
04:01:34.025 [Test worker] DEBUG o.a.h.c.s.SSLConnectionSocketFactory - Enabled protocols: [TLSv1]
04:01:34.025 [Test worker] DEBUG o.a.h.c.s.SSLConnectionSocketFactory - Enabled cipher suites:[TLS_ECDHE_ECDSA_WITH_AES_128_CBC_SHA, TLS_ECDHE_RSA_WITH_AES_128_CBC_SHA, TLS_RSA_WITH_AES_128_CBC_SHA, TLS_ECDH_ECDSA_WITH_AES_128_CBC_SHA, TLS_ECDH_RSA_WITH_AES_128_CBC_SHA, TLS_DHE_RSA_WITH_AES_128_CBC_SHA, TLS_DHE_DSS_WITH_AES_128_CBC_SHA, TLS_ECDHE_ECDSA_WITH_3DES_EDE_CBC_SHA, TLS_ECDHE_RSA_WITH_3DES_EDE_CBC_SHA, SSL_RSA_WITH_3DES_EDE_CBC_SHA, TLS_ECDH_ECDSA_WITH_3DES_EDE_CBC_SHA, TLS_ECDH_RSA_WITH_3DES_EDE_CBC_SHA, SSL_DHE_RSA_WITH_3DES_EDE_CBC_SHA, SSL_DHE_DSS_WITH_3DES_EDE_CBC_SHA, TLS_ECDHE_ECDSA_WITH_RC4_128_SHA, TLS_ECDHE_RSA_WITH_RC4_128_SHA, SSL_RSA_WITH_RC4_128_SHA, TLS_ECDH_ECDSA_WITH_RC4_128_SHA, TLS_ECDH_RSA_WITH_RC4_128_SHA, SSL_RSA_WITH_RC4_128_MD5, TLS_EMPTY_RENEGOTIATION_INFO_SCSV]
04:01:34.026 [Test worker] DEBUG o.a.h.c.s.SSLConnectionSocketFactory - Starting handshake
04:01:34.108 [Test worker] DEBUG o.a.h.c.s.SSLConnectionSocketFactory - Secure session established
[...]
04:01:48.154 [Test worker] DEBUG c.g.d.j.JerseyDockerCmdExecFactory$1 - Connection request: [route: {s}->https://Thesis:2376][total kept alive: 0; route allocated: 0 of 2; total allocated: 0 of 20]
04:01:48.154 [Test worker] DEBUG c.g.d.j.JerseyDockerCmdExecFactory$1 - Connection leased: [id: 40][route: {s}->https://Thesis:2376][total kept alive: 0; route allocated: 1 of 2; total allocated: 1 of 20]
04:01:48.154 [Test worker] DEBUG o.a.h.impl.execchain.MainClientExec - Opening connection {s}->https://Thesis:2376
04:01:48.154 [Test worker] DEBUG o.a.h.i.c.DefaultHttpClientConnectionOperator - Connecting to Thesis/127.0.1.1:2376
04:01:48.154 [Test worker] DEBUG o.a.h.c.s.SSLConnectionSocketFactory - Connecting socket to Thesis/127.0.1.1:2376 with timeout 0
04:01:48.155 [Test worker] DEBUG o.a.h.c.s.SSLConnectionSocketFactory - Enabled protocols: [TLSv1]
04:01:48.155 [Test worker] DEBUG o.a.h.c.s.SSLConnectionSocketFactory - Enabled cipher suites:[TLS_ECDHE_ECDSA_WITH_AES_128_CBC_SHA, TLS_ECDHE_RSA_WITH_AES_128_CBC_SHA, TLS_RSA_WITH_AES_128_CBC_SHA, TLS_ECDH_ECDSA_WITH_AES_128_CBC_SHA, TLS_ECDH_RSA_WITH_AES_128_CBC_SHA, TLS_DHE_RSA_WITH_AES_128_CBC_SHA, TLS_DHE_DSS_WITH_AES_128_CBC_SHA, TLS_ECDHE_ECDSA_WITH_3DES_EDE_CBC_SHA, TLS_ECDHE_RSA_WITH_3DES_EDE_CBC_SHA, SSL_RSA_WITH_3DES_EDE_CBC_SHA, TLS_ECDH_ECDSA_WITH_3DES_EDE_CBC_SHA, TLS_ECDH_RSA_WITH_3DES_EDE_CBC_SHA, SSL_DHE_RSA_WITH_3DES_EDE_CBC_SHA, SSL_DHE_DSS_WITH_3DES_EDE_CBC_SHA, TLS_ECDHE_ECDSA_WITH_RC4_128_SHA, TLS_ECDHE_RSA_WITH_RC4_128_SHA, SSL_RSA_WITH_RC4_128_SHA, TLS_ECDH_ECDSA_WITH_RC4_128_SHA, TLS_ECDH_RSA_WITH_RC4_128_SHA, SSL_RSA_WITH_RC4_128_MD5, TLS_EMPTY_RENEGOTIATION_INFO_SCSV]
04:01:48.156 [Test worker] DEBUG o.a.h.c.s.SSLConnectionSocketFactory - Starting handshake
04:01:48.215 [Test worker] DEBUG o.a.h.c.s.SSLConnectionSocketFactory - Secure session established
04:01:48.215 [Test worker] DEBUG o.a.h.c.s.SSLConnectionSocketFactory -  negotiated protocol: TLSv1
04:01:48.215 [Test worker] DEBUG o.a.h.c.s.SSLConnectionSocketFactory -  negotiated cipher suite: TLS_ECDHE_RSA_WITH_AES_128_CBC_SHA
04:01:48.215 [Test worker] DEBUG o.a.h.c.s.SSLConnectionSocketFactory -  peer principal: CN=Thesis
04:01:48.215 [Test worker] DEBUG o.a.h.c.s.SSLConnectionSocketFactory -  issuer principal: EMAILADDRESS=sha@yamil.com, CN=Thesis, OU=Open, O=Fra, L=BER, ST=BER, C=DE
04:01:48.216 [Test worker] DEBUG o.a.h.i.c.DefaultHttpClientConnectionOperator - Connection established 127.0.0.1:32782<->127.0.1.1:2376
04:01:48.216 [Test worker] DEBUG o.a.h.impl.execchain.MainClientExec - Executing request DELETE /networks/904fffc745cd34fd5af27123bb333dad50b450e73ff80cdb9c321d0a743812db HTTP/1.1
04:01:48.216 [Test worker] DEBUG o.a.h.impl.execchain.MainClientExec - Target auth state: UNCHALLENGED
04:01:48.216 [Test worker] DEBUG o.a.h.impl.execchain.MainClientExec - Proxy auth state: UNCHALLENGED
04:01:48.216 [Test worker] DEBUG org.apache.http.headers - http-outgoing-40 >> DELETE /networks/904fffc745cd34fd5af27123bb333dad50b450e73ff80cdb9c321d0a743812db HTTP/1.1
04:01:48.217 [Test worker] DEBUG org.apache.http.headers - http-outgoing-40 >> Accept: application/json
04:01:48.217 [Test worker] DEBUG org.apache.http.headers - http-outgoing-40 >> User-Agent: Jersey/2.23.1 (Apache HttpClient 4.5.1)
04:01:48.217 [Test worker] DEBUG org.apache.http.headers - http-outgoing-40 >> Host: Thesis:2376
04:01:48.217 [Test worker] DEBUG org.apache.http.headers - http-outgoing-40 >> Connection: Keep-Alive
04:01:48.217 [Test worker] DEBUG org.apache.http.headers - http-outgoing-40 >> Accept-Encoding: gzip,deflate
04:01:48.217 [Test worker] DEBUG org.apache.http.wire - http-outgoing-40 >> "DELETE /networks/904fffc745cd34fd5af27123bb333dad50b450e73ff80cdb9c321d0a743812db HTTP/1.1[\r][\n]"
04:01:48.217 [Test worker] DEBUG org.apache.http.wire - http-outgoing-40 >> "Accept: application/json[\r][\n]"
04:01:48.217 [Test worker] DEBUG org.apache.http.wire - http-outgoing-40 >> "User-Agent: Jersey/2.23.1 (Apache HttpClient 4.5.1)[\r][\n]"
04:01:48.218 [Test worker] DEBUG org.apache.http.wire - http-outgoing-40 >> "Host: Thesis:2376[\r][\n]"
04:01:48.218 [Test worker] DEBUG org.apache.http.wire - http-outgoing-40 >> "Connection: Keep-Alive[\r][\n]"
04:01:48.218 [Test worker] DEBUG org.apache.http.wire - http-outgoing-40 >> "Accept-Encoding: gzip,deflate[\r][\n]"
04:01:48.218 [Test worker] DEBUG org.apache.http.wire - http-outgoing-40 >> "[\r][\n]"
04:01:48.290 [Test worker] DEBUG org.apache.http.wire - http-outgoing-40 << "H"
04:01:48.290 [Test worker] DEBUG org.apache.http.wire - http-outgoing-40 << "TTP/1.1 204 No Content[\r][\n]"
04:01:48.290 [Test worker] DEBUG org.apache.http.wire - http-outgoing-40 << "Server: Docker/1.12.3 (linux)[\r][\n]"
04:01:48.290 [Test worker] DEBUG org.apache.http.wire - http-outgoing-40 << "Date: Wed, 21 Dec 2016 03:01:48 GMT[\r][\n]"
04:01:48.290 [Test worker] DEBUG org.apache.http.wire - http-outgoing-40 << "[\r][\n]"
04:01:48.290 [Test worker] DEBUG org.apache.http.headers - http-outgoing-40 << HTTP/1.1 204 No Content
04:01:48.290 [Test worker] DEBUG org.apache.http.headers - http-outgoing-40 << Server: Docker/1.12.3 (linux)
04:01:48.290 [Test worker] DEBUG org.apache.http.headers - http-outgoing-40 << Date: Wed, 21 Dec 2016 03:01:48 GMT
04:01:48.290 [Test worker] DEBUG o.a.h.impl.execchain.MainClientExec - Connection can be kept alive indefinitely
04:01:48.290 [Test worker] DEBUG c.g.d.j.JerseyDockerCmdExecFactory$1 - Connection [id: 40][route: {s}->https://Thesis:2376][state: CN=Thesis] can be kept alive indefinitely
04:01:48.291 [Test worker] DEBUG c.g.d.j.JerseyDockerCmdExecFactory$1 - Connection released: [id: 40][route: {s}->https://Thesis:2376][state: CN=Thesis][total kept alive: 1; route allocated: 1 of 2; total allocated: 1 of 20]
04:01:48.291 [Test worker] DEBUG c.g.d.j.JerseyDockerCmdExecFactory - 2 * Client response received on thread Test worker
2 < 204
2 < Date: Wed, 21 Dec 2016 03:01:48 GMT
2 < Server: Docker/1.12.3 (linux)

04:01:48.291 [Test worker] INFO  org.openbaton.docker.DockerVim - Network deleted successfully
Cert Path : null
04:01:48.313 [Test worker] DEBUG c.g.d.core.command.AbstrDockerCmd - Cmd: 5a30f19dac10c223dbe71b1245ebc6269c8438db4bef2ef5c9428ed0fa719c10,com.github.dockerjava.jaxrs.RemoveNetworkCmdExec@1549dd29
04:01:48.338 [Test worker] DEBUG c.g.d.j.JerseyDockerCmdExecFactory - 1 * Sending client request on thread Test worker
1 > DELETE https://Thesis:2376/networks/5a30f19dac10c223dbe71b1245ebc6269c8438db4bef2ef5c9428ed0fa719c10
1 > Accept: application/json

04:01:48.339 [Test worker] DEBUG o.a.h.c.protocol.RequestAddCookies - CookieSpec selected: default
04:01:48.339 [Test worker] DEBUG o.a.h.c.protocol.RequestAuthCache - Auth cache not set in the context
04:01:48.339 [Test worker] DEBUG c.g.d.j.JerseyDockerCmdExecFactory$1 - Connection request: [route: {s}->https://Thesis:2376][total kept alive: 0; route allocated: 0 of 2; total allocated: 0 of 20]
04:01:48.339 [Test worker] DEBUG c.g.d.j.JerseyDockerCmdExecFactory$1 - Connection leased: [id: 41][route: {s}->https://Thesis:2376][total kept alive: 0; route allocated: 1 of 2; total allocated: 1 of 20]
04:01:48.339 [Test worker] DEBUG o.a.h.impl.execchain.MainClientExec - Opening connection {s}->https://Thesis:2376
04:01:48.340 [Test worker] DEBUG o.a.h.i.c.DefaultHttpClientConnectionOperator - Connecting to Thesis/127.0.1.1:2376
04:01:48.340 [Test worker] DEBUG o.a.h.c.s.SSLConnectionSocketFactory - Connecting socket to Thesis/127.0.1.1:2376 with timeout 0
04:01:48.341 [Test worker] DEBUG o.a.h.c.s.SSLConnectionSocketFactory - Enabled protocols: [TLSv1]
04:01:48.341 [Test worker] DEBUG o.a.h.c.s.SSLConnectionSocketFactory - Enabled cipher suites:[TLS_ECDHE_ECDSA_WITH_AES_128_CBC_SHA, TLS_ECDHE_RSA_WITH_AES_128_CBC_SHA, TLS_RSA_WITH_AES_128_CBC_SHA, TLS_ECDH_ECDSA_WITH_AES_128_CBC_SHA, TLS_ECDH_RSA_WITH_AES_128_CBC_SHA, TLS_DHE_RSA_WITH_AES_128_CBC_SHA, TLS_DHE_DSS_WITH_AES_128_CBC_SHA, TLS_ECDHE_ECDSA_WITH_3DES_EDE_CBC_SHA, TLS_ECDHE_RSA_WITH_3DES_EDE_CBC_SHA, SSL_RSA_WITH_3DES_EDE_CBC_SHA, TLS_ECDH_ECDSA_WITH_3DES_EDE_CBC_SHA, TLS_ECDH_RSA_WITH_3DES_EDE_CBC_SHA, SSL_DHE_RSA_WITH_3DES_EDE_CBC_SHA, SSL_DHE_DSS_WITH_3DES_EDE_CBC_SHA, TLS_ECDHE_ECDSA_WITH_RC4_128_SHA, TLS_ECDHE_RSA_WITH_RC4_128_SHA, SSL_RSA_WITH_RC4_128_SHA, TLS_ECDH_ECDSA_WITH_RC4_128_SHA, TLS_ECDH_RSA_WITH_RC4_128_SHA, SSL_RSA_WITH_RC4_128_MD5, TLS_EMPTY_RENEGOTIATION_INFO_SCSV]
04:01:48.341 [Test worker] DEBUG o.a.h.c.s.SSLConnectionSocketFactory - Starting handshake
04:01:48.462 [Test worker] DEBUG o.a.h.c.s.SSLConnectionSocketFactory - Secure session established
04:01:48.463 [Test worker] DEBUG o.a.h.c.s.SSLConnectionSocketFactory -  negotiated protocol: TLSv1
04:01:48.463 [Test worker] DEBUG o.a.h.c.s.SSLConnectionSocketFactory -  negotiated cipher suite: TLS_ECDHE_RSA_WITH_AES_128_CBC_SHA
04:01:48.463 [Test worker] DEBUG o.a.h.c.s.SSLConnectionSocketFactory -  peer principal: CN=Thesis
04:01:48.463 [Test worker] DEBUG o.a.h.c.s.SSLConnectionSocketFactory -  issuer principal: EMAILADDRESS=sha@yamil.com, CN=Thesis, OU=Open, O=Fra, L=BER, ST=BER, C=DE
04:01:48.463 [Test worker] DEBUG o.a.h.i.c.DefaultHttpClientConnectionOperator - Connection established 127.0.0.1:32784<->127.0.1.1:2376
04:01:48.463 [Test worker] DEBUG o.a.h.impl.execchain.MainClientExec - Executing request DELETE /networks/5a30f19dac10c223dbe71b1245ebc6269c8438db4bef2ef5c9428ed0fa719c10 HTTP/1.1
04:01:48.464 [Test worker] DEBUG o.a.h.impl.execchain.MainClientExec - Target auth state: UNCHALLENGED
04:01:48.464 [Test worker] DEBUG o.a.h.impl.execchain.MainClientExec - Proxy auth state: UNCHALLENGED
04:01:48.464 [Test worker] DEBUG org.apache.http.headers - http-outgoing-41 >> DELETE /networks/5a30f19dac10c223dbe71b1245ebc6269c8438db4bef2ef5c9428ed0fa719c10 HTTP/1.1
04:01:48.464 [Test worker] DEBUG org.apache.http.headers - http-outgoing-41 >> Accept: application/json
04:01:48.464 [Test worker] DEBUG org.apache.http.headers - http-outgoing-41 >> User-Agent: Jersey/2.23.1 (Apache HttpClient 4.5.1)
04:01:48.464 [Test worker] DEBUG org.apache.http.headers - http-outgoing-41 >> Host: Thesis:2376
04:01:48.465 [Test worker] DEBUG org.apache.http.headers - http-outgoing-41 >> Connection: Keep-Alive
04:01:48.465 [Test worker] DEBUG org.apache.http.headers - http-outgoing-41 >> Accept-Encoding: gzip,deflate
04:01:48.465 [Test worker] DEBUG org.apache.http.wire - http-outgoing-41 >> "DELETE /networks/5a30f19dac10c223dbe71b1245ebc6269c8438db4bef2ef5c9428ed0fa719c10 HTTP/1.1[\r][\n]"
04:01:48.465 [Test worker] DEBUG org.apache.http.wire - http-outgoing-41 >> "Accept: application/json[\r][\n]"
04:01:48.465 [Test worker] DEBUG org.apache.http.wire - http-outgoing-41 >> "User-Agent: Jersey/2.23.1 (Apache HttpClient 4.5.1)[\r][\n]"
04:01:48.465 [Test worker] DEBUG org.apache.http.wire - http-outgoing-41 >> "Host: Thesis:2376[\r][\n]"
04:01:48.466 [Test worker] DEBUG org.apache.http.wire - http-outgoing-41 >> "Connection: Keep-Alive[\r][\n]"
04:01:48.466 [Test worker] DEBUG org.apache.http.wire - http-outgoing-41 >> "Accept-Encoding: gzip,deflate[\r][\n]"
04:01:48.466 [Test worker] DEBUG org.apache.http.wire - http-outgoing-41 >> "[\r][\n]"
04:01:48.568 [Test worker] DEBUG org.apache.http.wire - http-outgoing-41 << "H"
04:01:48.568 [Test worker] DEBUG org.apache.http.wire - http-outgoing-41 << "TTP/1.1 204 No Content[\r][\n]"
04:01:48.568 [Test worker] DEBUG org.apache.http.wire - http-outgoing-41 << "Server: Docker/1.12.3 (linux)[\r][\n]"
04:01:48.568 [Test worker] DEBUG org.apache.http.wire - http-outgoing-41 << "Date: Wed, 21 Dec 2016 03:01:48 GMT[\r][\n]"
04:01:48.568 [Test worker] DEBUG org.apache.http.wire - http-outgoing-41 << "[\r][\n]"
04:01:48.568 [Test worker] DEBUG org.apache.http.headers - http-outgoing-41 << HTTP/1.1 204 No Content
04:01:48.568 [Test worker] DEBUG org.apache.http.headers - http-outgoing-41 << Server: Docker/1.12.3 (linux)
04:01:48.568 [Test worker] DEBUG org.apache.http.headers - http-outgoing-41 << Date: Wed, 21 Dec 2016 03:01:48 GMT
04:01:48.568 [Test worker] DEBUG o.a.h.impl.execchain.MainClientExec - Connection can be kept alive indefinitely
04:01:48.568 [Test worker] DEBUG c.g.d.j.JerseyDockerCmdExecFactory$1 - Connection [id: 41][route: {s}->https://Thesis:2376][state: CN=Thesis] can be kept alive indefinitely
04:01:48.568 [Test worker] DEBUG c.g.d.j.JerseyDockerCmdExecFactory$1 - Connection released: [id: 41][route: {s}->https://Thesis:2376][state: CN=Thesis][total kept alive: 1; route allocated: 1 of 2; total allocated: 1 of 20]
04:01:48.568 [Test worker] DEBUG c.g.d.j.JerseyDockerCmdExecFactory - 2 * Client response received on thread Test worker
2 < 204
2 < Date: Wed, 21 Dec 2016 03:01:48 GMT
2 < Server: Docker/1.12.3 (linux)

04:01:48.568 [Test worker] INFO  org.openbaton.docker.DockerVim - Network deleted successfully
04:01:48.568 [Test worker] DEBUG c.g.d.core.command.AbstrDockerCmd - Cmd: com.github.dockerjava.core.util.FiltersBuilder@0,com.github.dockerjava.jaxrs.ListVolumesCmdExec@5972a2aa
04:01:48.569 [Test worker] DEBUG c.g.d.j.JerseyDockerCmdExecFactory - 7 * Sending client request on thread Test worker
7 > GET https://Thesis:2376/volumes
7 > Accept: application/json

04:01:48.569 [Test worker] DEBUG o.a.h.c.protocol.RequestAddCookies - CookieSpec selected: default
04:01:48.569 [Test worker] DEBUG o.a.h.c.protocol.RequestAuthCache - Auth cache not set in the context
04:01:48.569 [Test worker] DEBUG c.g.d.j.JerseyDockerCmdExecFactory$1 - Connection request: [route: {s}->https://Thesis:2376][total kept alive: 0; route allocated: 0 of 2; total allocated: 0 of 20]
04:01:48.569 [Test worker] DEBUG c.g.d.j.JerseyDockerCmdExecFactory$1 - Connection leased: [id: 42][route: {s}->https://Thesis:2376][total kept alive: 0; route allocated: 1 of 2; total allocated: 1 of 20]
04:01:48.569 [Test worker] DEBUG o.a.h.impl.execchain.MainClientExec - Opening connection {s}->https://Thesis:2376
04:01:48.569 [Test worker] DEBUG o.a.h.i.c.DefaultHttpClientConnectionOperator - Connecting to Thesis/127.0.1.1:2376
04:01:48.569 [Test worker] DEBUG o.a.h.c.s.SSLConnectionSocketFactory - Connecting socket to Thesis/127.0.1.1:2376 with timeout 0
04:01:48.571 [Test worker] DEBUG o.a.h.c.s.SSLConnectionSocketFactory - Enabled protocols: [TLSv1]
04:01:48.571 [Test worker] DEBUG o.a.h.c.s.SSLConnectionSocketFactory - Enabled cipher suites:[TLS_ECDHE_ECDSA_WITH_AES_128_CBC_SHA, TLS_ECDHE_RSA_WITH_AES_128_CBC_SHA, TLS_RSA_WITH_AES_128_CBC_SHA, TLS_ECDH_ECDSA_WITH_AES_128_CBC_SHA, TLS_ECDH_RSA_WITH_AES_128_CBC_SHA, TLS_DHE_RSA_WITH_AES_128_CBC_SHA, TLS_DHE_DSS_WITH_AES_128_CBC_SHA, TLS_ECDHE_ECDSA_WITH_3DES_EDE_CBC_SHA, TLS_ECDHE_RSA_WITH_3DES_EDE_CBC_SHA, SSL_RSA_WITH_3DES_EDE_CBC_SHA, TLS_ECDH_ECDSA_WITH_3DES_EDE_CBC_SHA, TLS_ECDH_RSA_WITH_3DES_EDE_CBC_SHA, SSL_DHE_RSA_WITH_3DES_EDE_CBC_SHA, SSL_DHE_DSS_WITH_3DES_EDE_CBC_SHA, TLS_ECDHE_ECDSA_WITH_RC4_128_SHA, TLS_ECDHE_RSA_WITH_RC4_128_SHA, SSL_RSA_WITH_RC4_128_SHA, TLS_ECDH_ECDSA_WITH_RC4_128_SHA, TLS_ECDH_RSA_WITH_RC4_128_SHA, SSL_RSA_WITH_RC4_128_MD5, TLS_EMPTY_RENEGOTIATION_INFO_SCSV]
04:01:48.572 [Test worker] DEBUG o.a.h.c.s.SSLConnectionSocketFactory - Starting handshake
04:01:48.681 [Test worker] DEBUG o.a.h.c.s.SSLConnectionSocketFactory - Secure session established
04:01:48.681 [Test worker] DEBUG o.a.h.c.s.SSLConnectionSocketFactory -  negotiated protocol: TLSv1
04:01:48.682 [Test worker] DEBUG o.a.h.c.s.SSLConnectionSocketFactory -  negotiated cipher suite: TLS_ECDHE_RSA_WITH_AES_128_CBC_SHA
04:01:48.682 [Test worker] DEBUG o.a.h.c.s.SSLConnectionSocketFactory -  peer principal: CN=Thesis
04:01:48.682 [Test worker] DEBUG o.a.h.c.s.SSLConnectionSocketFactory -  issuer principal: EMAILADDRESS=sha@yamil.com, CN=Thesis, OU=Open, O=Fra, L=BER, ST=BER, C=DE
04:01:48.682 [Test worker] DEBUG o.a.h.i.c.DefaultHttpClientConnectionOperator - Connection established 127.0.0.1:32786<->127.0.1.1:2376
04:01:48.682 [Test worker] DEBUG o.a.h.impl.execchain.MainClientExec - Executing request GET /volumes HTTP/1.1
04:01:48.683 [Test worker] DEBUG o.a.h.impl.execchain.MainClientExec - Target auth state: UNCHALLENGED
04:01:48.683 [Test worker] DEBUG o.a.h.impl.execchain.MainClientExec - Proxy auth state: UNCHALLENGED
04:01:48.683 [Test worker] DEBUG org.apache.http.headers - http-outgoing-42 >> GET /volumes HTTP/1.1
04:01:48.683 [Test worker] DEBUG org.apache.http.headers - http-outgoing-42 >> Accept: application/json
04:01:48.683 [Test worker] DEBUG org.apache.http.headers - http-outgoing-42 >> User-Agent: Jersey/2.23.1 (Apache HttpClient 4.5.1)
04:01:48.683 [Test worker] DEBUG org.apache.http.headers - http-outgoing-42 >> Host: Thesis:2376
04:01:48.683 [Test worker] DEBUG org.apache.http.headers - http-outgoing-42 >> Connection: Keep-Alive
04:01:48.684 [Test worker] DEBUG org.apache.http.headers - http-outgoing-42 >> Accept-Encoding: gzip,deflate
04:01:48.684 [Test worker] DEBUG org.apache.http.wire - http-outgoing-42 >> "GET /volumes HTTP/1.1[\r][\n]"
04:01:48.684 [Test worker] DEBUG org.apache.http.wire - http-outgoing-42 >> "Accept: application/json[\r][\n]"
04:01:48.684 [Test worker] DEBUG org.apache.http.wire - http-outgoing-42 >> "User-Agent: Jersey/2.23.1 (Apache HttpClient 4.5.1)[\r][\n]"
04:01:48.684 [Test worker] DEBUG org.apache.http.wire - http-outgoing-42 >> "Host: Thesis:2376[\r][\n]"
04:01:48.684 [Test worker] DEBUG org.apache.http.wire - http-outgoing-42 >> "Connection: Keep-Alive[\r][\n]"
04:01:48.684 [Test worker] DEBUG org.apache.http.wire - http-outgoing-42 >> "Accept-Encoding: gzip,deflate[\r][\n]"
04:01:48.685 [Test worker] DEBUG org.apache.http.wire - http-outgoing-42 >> "[\r][\n]"
04:01:48.685 [Test worker] DEBUG org.apache.http.wire - http-outgoing-42 << "H"
04:01:48.685 [Test worker] DEBUG org.apache.http.wire - http-outgoing-42 << "TTP/1.1 200 OK[\r][\n]"
04:01:48.686 [Test worker] DEBUG org.apache.http.wire - http-outgoing-42 << "Content-Type: application/json[\r][\n]"
04:01:48.686 [Test worker] DEBUG org.apache.http.wire - http-outgoing-42 << "Server: Docker/1.12.3 (linux)[\r][\n]"
04:01:48.686 [Test worker] DEBUG org.apache.http.wire - http-outgoing-42 << "Date: Wed, 21 Dec 2016 03:01:48 GMT[\r][\n]"
04:01:48.686 [Test worker] DEBUG org.apache.http.wire - http-outgoing-42 << "Content-Length: 33[\r][\n]"
04:01:48.686 [Test worker] DEBUG org.apache.http.wire - http-outgoing-42 << "[\r][\n]"
04:01:48.686 [Test worker] DEBUG org.apache.http.wire - http-outgoing-42 << "{"Volumes":null,"Warnings":null}[\n]"
04:01:48.686 [Test worker] DEBUG org.apache.http.headers - http-outgoing-42 << HTTP/1.1 200 OK
04:01:48.687 [Test worker] DEBUG org.apache.http.headers - http-outgoing-42 << Content-Type: application/json
04:01:48.687 [Test worker] DEBUG org.apache.http.headers - http-outgoing-42 << Server: Docker/1.12.3 (linux)
04:01:48.687 [Test worker] DEBUG org.apache.http.headers - http-outgoing-42 << Date: Wed, 21 Dec 2016 03:01:48 GMT
04:01:48.687 [Test worker] DEBUG org.apache.http.headers - http-outgoing-42 << Content-Length: 33
04:01:48.687 [Test worker] DEBUG o.a.h.impl.execchain.MainClientExec - Connection can be kept alive indefinitely
04:01:48.688 [Test worker] DEBUG c.g.d.j.JerseyDockerCmdExecFactory - 8 * Client response received on thread Test worker
8 < 200
8 < Content-Length: 33
8 < Content-Type: application/json
8 < Date: Wed, 21 Dec 2016 03:01:48 GMT
8 < Server: Docker/1.12.3 (linux)
{"Volumes":null,"Warnings":null}


04:01:48.689 [Test worker] DEBUG o.a.h.i.c.DefaultManagedHttpClientConnection - http-outgoing-42: Close connection
04:01:48.689 [Test worker] DEBUG o.a.h.impl.execchain.MainClientExec - Connection discarded
04:01:48.689 [Test worker] DEBUG c.g.d.j.JerseyDockerCmdExecFactory$1 - Connection released: [id: 42][route: {s}->https://Thesis:2376][total kept alive: 0; route allocated: 0 of 2; total allocated: 0 of 20]
]]></system-out>
  <system-err><![CDATA[]]></system-err>
</testsuite>
