<?xml version="1.0" encoding="UTF-8"?>
<testsuite name="org.openbaton.vim_driver.test.DockerVimTest" tests="14" skipped="2" failures="0" errors="0" timestamp="2016-10-18T00:44:22" hostname="Thesis" time="21.038">
  <properties/>
  <testcase name="deleteNetworkTest" classname="org.openbaton.vim_driver.test.DockerVimTest" time="1.923"/>
  <testcase name="listNetworksTest" classname="org.openbaton.vim_driver.test.DockerVimTest" time="0.54"/>
  <testcase name="deleteServerByIdAndWaitTest" classname="org.openbaton.vim_driver.test.DockerVimTest" time="2.669"/>
  <testcase name="createNetworkTest" classname="org.openbaton.vim_driver.test.DockerVimTest" time="0.383"/>
  <testcase name="disconnectContainerFromNetworkTest" classname="org.openbaton.vim_driver.test.DockerVimTest" time="2.98"/>
  <testcase name="getNetworkByIdTest" classname="org.openbaton.vim_driver.test.DockerVimTest" time="0.468"/>
  <testcase name="deleteImageTest" classname="org.openbaton.vim_driver.test.DockerVimTest" time="3.773"/>
  <testcase name="pullImageTest" classname="org.openbaton.vim_driver.test.DockerVimTest" time="0.0">
    <skipped/>
  </testcase>
  <testcase name="createVolumeTest" classname="org.openbaton.vim_driver.test.DockerVimTest" time="0.203"/>
  <testcase name="listServerTest" classname="org.openbaton.vim_driver.test.DockerVimTest" time="2.563"/>
  <testcase name="listImagesTest" classname="org.openbaton.vim_driver.test.DockerVimTest" time="0.0">
    <skipped/>
  </testcase>
  <testcase name="deleteVolumeTest" classname="org.openbaton.vim_driver.test.DockerVimTest" time="0.211"/>
  <testcase name="launchInstanceTest" classname="org.openbaton.vim_driver.test.DockerVimTest" time="2.451"/>
  <testcase name="connectContainerToNetworkTest" classname="org.openbaton.vim_driver.test.DockerVimTest" time="2.869"/>
  <system-out><![CDATA[02:44:22.860 [Test worker] DEBUG org.openbaton.docker.DockerVim - Loading properties
02:44:22.863 [Test worker] DEBUG org.openbaton.docker.DockerVim - Loaded properties: {type=docker}
02:44:23.183 [Test worker] DEBUG c.g.d.core.command.AbstrDockerCmd - Cmd: -1,<null>,true,<null>,<null>,com.github.dockerjava.core.util.FiltersBuilder@0,com.github.dockerjava.jaxrs.ListContainersCmdExec@185c1d56
02:44:23.712 [Test worker] DEBUG c.g.d.j.JerseyDockerCmdExecFactory - 1 * Sending client request on thread Test worker
1 > GET http://localhost:2375/containers/json?all=true
1 > Accept: application/json

02:44:23.738 [Test worker] DEBUG o.a.h.c.protocol.RequestAddCookies - CookieSpec selected: default
02:44:23.749 [Test worker] DEBUG o.a.h.c.protocol.RequestAuthCache - Auth cache not set in the context
02:44:23.750 [Test worker] DEBUG c.g.d.j.JerseyDockerCmdExecFactory$1 - Connection request: [route: {}->http://localhost:2375][total kept alive: 0; route allocated: 0 of 2; total allocated: 0 of 20]
02:44:23.758 [Test worker] DEBUG c.g.d.j.JerseyDockerCmdExecFactory$1 - Connection leased: [id: 0][route: {}->http://localhost:2375][total kept alive: 0; route allocated: 1 of 2; total allocated: 1 of 20]
02:44:23.759 [Test worker] DEBUG o.a.h.impl.execchain.MainClientExec - Opening connection {}->http://localhost:2375
02:44:23.761 [Test worker] DEBUG o.a.h.i.c.DefaultHttpClientConnectionOperator - Connecting to localhost/127.0.0.1:2375
02:44:23.761 [Test worker] DEBUG o.a.h.i.c.DefaultHttpClientConnectionOperator - Connection established 127.0.0.1:57000<->127.0.0.1:2375
02:44:23.761 [Test worker] DEBUG o.a.h.impl.execchain.MainClientExec - Executing request GET /containers/json?all=true HTTP/1.1
02:44:23.762 [Test worker] DEBUG o.a.h.impl.execchain.MainClientExec - Target auth state: UNCHALLENGED
02:44:23.762 [Test worker] DEBUG o.a.h.impl.execchain.MainClientExec - Proxy auth state: UNCHALLENGED
02:44:23.763 [Test worker] DEBUG org.apache.http.headers - http-outgoing-0 >> GET /containers/json?all=true HTTP/1.1
02:44:23.763 [Test worker] DEBUG org.apache.http.headers - http-outgoing-0 >> Accept: application/json
02:44:23.763 [Test worker] DEBUG org.apache.http.headers - http-outgoing-0 >> User-Agent: Jersey/2.23.1 (Apache HttpClient 4.5.1)
02:44:23.763 [Test worker] DEBUG org.apache.http.headers - http-outgoing-0 >> Host: localhost:2375
02:44:23.763 [Test worker] DEBUG org.apache.http.headers - http-outgoing-0 >> Connection: Keep-Alive
02:44:23.763 [Test worker] DEBUG org.apache.http.headers - http-outgoing-0 >> Accept-Encoding: gzip,deflate
02:44:23.764 [Test worker] DEBUG org.apache.http.wire - http-outgoing-0 >> "GET /containers/json?all=true HTTP/1.1[\r][\n]"
02:44:23.764 [Test worker] DEBUG org.apache.http.wire - http-outgoing-0 >> "Accept: application/json[\r][\n]"
02:44:23.764 [Test worker] DEBUG org.apache.http.wire - http-outgoing-0 >> "User-Agent: Jersey/2.23.1 (Apache HttpClient 4.5.1)[\r][\n]"
02:44:23.764 [Test worker] DEBUG org.apache.http.wire - http-outgoing-0 >> "Host: localhost:2375[\r][\n]"
02:44:23.764 [Test worker] DEBUG org.apache.http.wire - http-outgoing-0 >> "Connection: Keep-Alive[\r][\n]"
02:44:23.764 [Test worker] DEBUG org.apache.http.wire - http-outgoing-0 >> "Accept-Encoding: gzip,deflate[\r][\n]"
02:44:23.764 [Test worker] DEBUG org.apache.http.wire - http-outgoing-0 >> "[\r][\n]"
02:44:23.765 [Test worker] DEBUG org.apache.http.wire - http-outgoing-0 << "HTTP/1.1 200 OK[\r][\n]"
02:44:23.765 [Test worker] DEBUG org.apache.http.wire - http-outgoing-0 << "Content-Type: application/json[\r][\n]"
02:44:23.765 [Test worker] DEBUG org.apache.http.wire - http-outgoing-0 << "Server: Docker/1.12.1 (linux)[\r][\n]"
02:44:23.765 [Test worker] DEBUG org.apache.http.wire - http-outgoing-0 << "Date: Tue, 18 Oct 2016 00:44:23 GMT[\r][\n]"
02:44:23.765 [Test worker] DEBUG org.apache.http.wire - http-outgoing-0 << "Content-Length: 3[\r][\n]"
02:44:23.765 [Test worker] DEBUG org.apache.http.wire - http-outgoing-0 << "[\r][\n]"
02:44:23.765 [Test worker] DEBUG org.apache.http.wire - http-outgoing-0 << "[][\n]"
02:44:23.766 [Test worker] DEBUG org.apache.http.headers - http-outgoing-0 << HTTP/1.1 200 OK
02:44:23.767 [Test worker] DEBUG org.apache.http.headers - http-outgoing-0 << Content-Type: application/json
02:44:23.767 [Test worker] DEBUG org.apache.http.headers - http-outgoing-0 << Server: Docker/1.12.1 (linux)
02:44:23.767 [Test worker] DEBUG org.apache.http.headers - http-outgoing-0 << Date: Tue, 18 Oct 2016 00:44:23 GMT
02:44:23.767 [Test worker] DEBUG org.apache.http.headers - http-outgoing-0 << Content-Length: 3
02:44:23.769 [Test worker] DEBUG o.a.h.impl.execchain.MainClientExec - Connection can be kept alive indefinitely
02:44:23.774 [Test worker] DEBUG c.g.d.j.JerseyDockerCmdExecFactory - 2 * Client response received on thread Test worker
2 < 200
2 < Content-Length: 3
2 < Content-Type: application/json
2 < Date: Tue, 18 Oct 2016 00:44:23 GMT
2 < Server: Docker/1.12.1 (linux)
[]


02:44:23.900 [Test worker] DEBUG c.g.d.j.JerseyDockerCmdExecFactory$1 - Connection [id: 0][route: {}->http://localhost:2375] can be kept alive indefinitely
02:44:23.900 [Test worker] DEBUG c.g.d.j.JerseyDockerCmdExecFactory$1 - Connection released: [id: 0][route: {}->http://localhost:2375][total kept alive: 1; route allocated: 1 of 2; total allocated: 1 of 20]
02:44:23.973 [Test worker] DEBUG c.g.d.core.command.AbstrDockerCmd - Cmd: com.github.dockerjava.core.util.FiltersBuilder@0,com.github.dockerjava.jaxrs.ListNetworksCmdExec@2e5e7733
02:44:24.018 [Test worker] DEBUG c.g.d.j.JerseyDockerCmdExecFactory - 1 * Sending client request on thread Test worker
1 > GET http://localhost:2375/networks
1 > Accept: application/json

02:44:24.019 [Test worker] DEBUG o.a.h.c.protocol.RequestAddCookies - CookieSpec selected: default
02:44:24.019 [Test worker] DEBUG o.a.h.c.protocol.RequestAuthCache - Auth cache not set in the context
02:44:24.019 [Test worker] DEBUG c.g.d.j.JerseyDockerCmdExecFactory$1 - Connection request: [route: {}->http://localhost:2375][total kept alive: 0; route allocated: 0 of 2; total allocated: 0 of 20]
02:44:24.019 [Test worker] DEBUG c.g.d.j.JerseyDockerCmdExecFactory$1 - Connection leased: [id: 1][route: {}->http://localhost:2375][total kept alive: 0; route allocated: 1 of 2; total allocated: 1 of 20]
02:44:24.019 [Test worker] DEBUG o.a.h.impl.execchain.MainClientExec - Opening connection {}->http://localhost:2375
02:44:24.019 [Test worker] DEBUG o.a.h.i.c.DefaultHttpClientConnectionOperator - Connecting to localhost/127.0.0.1:2375
02:44:24.020 [Test worker] DEBUG o.a.h.i.c.DefaultHttpClientConnectionOperator - Connection established 127.0.0.1:57002<->127.0.0.1:2375
02:44:24.020 [Test worker] DEBUG o.a.h.impl.execchain.MainClientExec - Executing request GET /networks HTTP/1.1
02:44:24.020 [Test worker] DEBUG o.a.h.impl.execchain.MainClientExec - Target auth state: UNCHALLENGED
02:44:24.020 [Test worker] DEBUG o.a.h.impl.execchain.MainClientExec - Proxy auth state: UNCHALLENGED
02:44:24.020 [Test worker] DEBUG org.apache.http.headers - http-outgoing-1 >> GET /networks HTTP/1.1
02:44:24.020 [Test worker] DEBUG org.apache.http.headers - http-outgoing-1 >> Accept: application/json
02:44:24.020 [Test worker] DEBUG org.apache.http.headers - http-outgoing-1 >> User-Agent: Jersey/2.23.1 (Apache HttpClient 4.5.1)
02:44:24.020 [Test worker] DEBUG org.apache.http.headers - http-outgoing-1 >> Host: localhost:2375
02:44:24.021 [Test worker] DEBUG org.apache.http.headers - http-outgoing-1 >> Connection: Keep-Alive
02:44:24.021 [Test worker] DEBUG org.apache.http.headers - http-outgoing-1 >> Accept-Encoding: gzip,deflate
02:44:24.021 [Test worker] DEBUG org.apache.http.wire - http-outgoing-1 >> "GET /networks HTTP/1.1[\r][\n]"
02:44:24.021 [Test worker] DEBUG org.apache.http.wire - http-outgoing-1 >> "Accept: application/json[\r][\n]"
02:44:24.021 [Test worker] DEBUG org.apache.http.wire - http-outgoing-1 >> "User-Agent: Jersey/2.23.1 (Apache HttpClient 4.5.1)[\r][\n]"
02:44:24.021 [Test worker] DEBUG org.apache.http.wire - http-outgoing-1 >> "Host: localhost:2375[\r][\n]"
02:44:24.021 [Test worker] DEBUG org.apache.http.wire - http-outgoing-1 >> "Connection: Keep-Alive[\r][\n]"
02:44:24.021 [Test worker] DEBUG org.apache.http.wire - http-outgoing-1 >> "Accept-Encoding: gzip,deflate[\r][\n]"
02:44:24.022 [Test worker] DEBUG org.apache.http.wire - http-outgoing-1 >> "[\r][\n]"
02:44:24.022 [Test worker] DEBUG org.apache.http.wire - http-outgoing-1 << "HTTP/1.1 200 OK[\r][\n]"
02:44:24.022 [Test worker] DEBUG org.apache.http.wire - http-outgoing-1 << "Content-Type: application/json[\r][\n]"
02:44:24.022 [Test worker] DEBUG org.apache.http.wire - http-outgoing-1 << "Server: Docker/1.12.1 (linux)[\r][\n]"
02:44:24.022 [Test worker] DEBUG org.apache.http.wire - http-outgoing-1 << "Date: Tue, 18 Oct 2016 00:44:24 GMT[\r][\n]"
02:44:24.022 [Test worker] DEBUG org.apache.http.wire - http-outgoing-1 << "Content-Length: 1100[\r][\n]"
02:44:24.022 [Test worker] DEBUG org.apache.http.wire - http-outgoing-1 << "[\r][\n]"
02:44:24.023 [Test worker] DEBUG org.apache.http.wire - http-outgoing-1 << "[{"Name":"bridge","Id":"90941628611ab58d4fa4db6bcd1806afb9bf994c4562bea7ae3dc9153b373da5","Scope":"local","Driver":"bridge","EnableIPv6":false,"IPAM":{"Driver":"default","Options":null,"Config":[{"Subnet":"172.17.0.0/16","Gateway":"172.17.0.1"}]},"Internal":false,"Containers":{},"Options":{"com.docker.network.bridge.default_bridge":"true","com.docker.network.bridge.enable_icc":"true","com.docker.network.bridge.enable_ip_masquerade":"true","com.docker.network.bridge.host_binding_ipv4":"0.0.0.0","com.docker.network.bridge.name":"docker0","com.docker.network.driver.mtu":"1500"},"Labels":{}},{"Name":"none","Id":"4d89c194eb79cd2beb38458d10a1b98c74d6b8462af72afde29ae7aca53ed5ca","Scope":"local","Driver":"null","EnableIPv6":false,"IPAM":{"Driver":"default","Options":null,"Config":[]},"Internal":false,"Containers":{},"Options":{},"Labels":{}},{"Name":"host","Id":"fe042b0866671b5be4f097ba43830c0a02959c058702d18e18c14a24d88a357d","Scope":"local","Driver":"host","EnableIPv6":false,"IPAM":{"Driver":"default","Options":null,"Config":[]},"Internal":false,"Containers":{},"Options":{},"Labels":{}}][\n]"
02:44:24.025 [Test worker] DEBUG org.apache.http.headers - http-outgoing-1 << HTTP/1.1 200 OK
02:44:24.031 [Test worker] DEBUG org.apache.http.headers - http-outgoing-1 << Content-Type: application/json
02:44:24.031 [Test worker] DEBUG org.apache.http.headers - http-outgoing-1 << Server: Docker/1.12.1 (linux)
02:44:24.031 [Test worker] DEBUG org.apache.http.headers - http-outgoing-1 << Date: Tue, 18 Oct 2016 00:44:24 GMT
02:44:24.031 [Test worker] DEBUG org.apache.http.headers - http-outgoing-1 << Content-Length: 1100
02:44:24.031 [Test worker] DEBUG o.a.h.impl.execchain.MainClientExec - Connection can be kept alive indefinitely
02:44:24.031 [Test worker] DEBUG c.g.d.j.JerseyDockerCmdExecFactory - 2 * Client response received on thread Test worker
2 < 200
2 < Content-Length: 1100
2 < Content-Type: application/json
2 < Date: Tue, 18 Oct 2016 00:44:24 GMT
2 < Server: Docker/1.12.1 (linux)
[{"Name":"bridge","Id":"90941628611ab58d4fa4db6bcd1806afb9bf994c4562bea7ae3dc9153b373da5","Scope":"local","Driver":"bridge","EnableIPv6":false,"IPAM":{"Driver":"default","Options":null,"Config":[{"Subnet":"172.17.0.0/16","Gateway":"172.17.0.1"}]},"Internal":false,"Containers":{},"Options":{"com.docker.network.bridge.default_bridge":"true","com.docker.network.bridge.enable_icc":"true","com.docker.network.bridge.enable_ip_masquerade":"true","com.docker.network.bridge.host_binding_ipv4":"0.0.0.0","com.docker.network.bridge.name":"docker0","com.docker.network.driver.mtu":"1500"},"Labels":{}},{"Name":"none","Id":"4d89c194eb79cd2beb38458d10a1b98c74d6b8462af72afde29ae7aca53ed5ca","Scope":"local","Driver":"null","EnableIPv6":false,"IPAM":{"Driver":"default","Options":null,"Config":[]},"Internal":false,"Containers":{},"Options":{},"Labels":{}},{"Name":"host","Id":"fe042b0866671b5be4f097ba43830c0a02959c058702d18e18c14a24d88a357d","Scope":"local","Driver":"host","EnableIPv6":false,"IPAM":{"Driver":"default","Options":null,"Config":[]},"Internal":false,"Containers":{},"Options":{},"Labels":{}}]


02:44:24.037 [Test worker] DEBUG o.a.h.i.c.DefaultManagedHttpClientConnection - http-outgoing-1: Close connection
02:44:24.038 [Test worker] DEBUG o.a.h.impl.execchain.MainClientExec - Connection discarded
02:44:24.038 [Test worker] DEBUG c.g.d.j.JerseyDockerCmdExecFactory$1 - Connection released: [id: 1][route: {}->http://localhost:2375][total kept alive: 0; route allocated: 0 of 2; total allocated: 0 of 20]
02:44:24.038 [Test worker] DEBUG c.g.d.core.command.AbstrDockerCmd - Cmd: com.github.dockerjava.core.util.FiltersBuilder@0,com.github.dockerjava.jaxrs.ListVolumesCmdExec@22a2de19
02:44:24.066 [Test worker] DEBUG c.g.d.j.JerseyDockerCmdExecFactory - 1 * Sending client request on thread Test worker
1 > GET http://localhost:2375/volumes
1 > Accept: application/json

02:44:24.067 [Test worker] DEBUG o.a.h.c.protocol.RequestAddCookies - CookieSpec selected: default
02:44:24.067 [Test worker] DEBUG o.a.h.c.protocol.RequestAuthCache - Auth cache not set in the context
02:44:24.067 [Test worker] DEBUG c.g.d.j.JerseyDockerCmdExecFactory$1 - Connection request: [route: {}->http://localhost:2375][total kept alive: 0; route allocated: 0 of 2; total allocated: 0 of 20]
02:44:24.067 [Test worker] DEBUG c.g.d.j.JerseyDockerCmdExecFactory$1 - Connection leased: [id: 2][route: {}->http://localhost:2375][total kept alive: 0; route allocated: 1 of 2; total allocated: 1 of 20]
02:44:24.068 [Test worker] DEBUG o.a.h.impl.execchain.MainClientExec - Opening connection {}->http://localhost:2375
02:44:24.068 [Test worker] DEBUG o.a.h.i.c.DefaultHttpClientConnectionOperator - Connecting to localhost/127.0.0.1:2375
02:44:24.068 [Test worker] DEBUG o.a.h.i.c.DefaultHttpClientConnectionOperator - Connection established 127.0.0.1:57004<->127.0.0.1:2375
02:44:24.068 [Test worker] DEBUG o.a.h.impl.execchain.MainClientExec - Executing request GET /volumes HTTP/1.1
02:44:24.068 [Test worker] DEBUG o.a.h.impl.execchain.MainClientExec - Target auth state: UNCHALLENGED
02:44:24.068 [Test worker] DEBUG o.a.h.impl.execchain.MainClientExec - Proxy auth state: UNCHALLENGED
02:44:24.068 [Test worker] DEBUG org.apache.http.headers - http-outgoing-2 >> GET /volumes HTTP/1.1
02:44:24.068 [Test worker] DEBUG org.apache.http.headers - http-outgoing-2 >> Accept: application/json
02:44:24.068 [Test worker] DEBUG org.apache.http.headers - http-outgoing-2 >> User-Agent: Jersey/2.23.1 (Apache HttpClient 4.5.1)
02:44:24.069 [Test worker] DEBUG org.apache.http.headers - http-outgoing-2 >> Host: localhost:2375
02:44:24.069 [Test worker] DEBUG org.apache.http.headers - http-outgoing-2 >> Connection: Keep-Alive
02:44:24.069 [Test worker] DEBUG org.apache.http.headers - http-outgoing-2 >> Accept-Encoding: gzip,deflate
02:44:24.069 [Test worker] DEBUG org.apache.http.wire - http-outgoing-2 >> "GET /volumes HTTP/1.1[\r][\n]"
02:44:24.069 [Test worker] DEBUG org.apache.http.wire - http-outgoing-2 >> "Accept: application/json[\r][\n]"
02:44:24.069 [Test worker] DEBUG org.apache.http.wire - http-outgoing-2 >> "User-Agent: Jersey/2.23.1 (Apache HttpClient 4.5.1)[\r][\n]"
02:44:24.069 [Test worker] DEBUG org.apache.http.wire - http-outgoing-2 >> "Host: localhost:2375[\r][\n]"
02:44:24.069 [Test worker] DEBUG org.apache.http.wire - http-outgoing-2 >> "Connection: Keep-Alive[\r][\n]"
02:44:24.069 [Test worker] DEBUG org.apache.http.wire - http-outgoing-2 >> "Accept-Encoding: gzip,deflate[\r][\n]"
02:44:24.069 [Test worker] DEBUG org.apache.http.wire - http-outgoing-2 >> "[\r][\n]"
02:44:24.070 [Test worker] DEBUG org.apache.http.wire - http-outgoing-2 << "HTTP/1.1 200 OK[\r][\n]"
02:44:24.070 [Test worker] DEBUG org.apache.http.wire - http-outgoing-2 << "Content-Type: application/json[\r][\n]"
02:44:24.070 [Test worker] DEBUG org.apache.http.wire - http-outgoing-2 << "Server: Docker/1.12.1 (linux)[\r][\n]"
02:44:24.070 [Test worker] DEBUG org.apache.http.wire - http-outgoing-2 << "Date: Tue, 18 Oct 2016 00:44:24 GMT[\r][\n]"
02:44:24.070 [Test worker] DEBUG org.apache.http.wire - http-outgoing-2 << "Content-Length: 33[\r][\n]"
02:44:24.070 [Test worker] DEBUG org.apache.http.wire - http-outgoing-2 << "[\r][\n]"
02:44:24.070 [Test worker] DEBUG org.apache.http.wire - http-outgoing-2 << "{"Volumes":null,"Warnings":null}[\n]"
02:44:24.070 [Test worker] DEBUG org.apache.http.headers - http-outgoing-2 << HTTP/1.1 200 OK
02:44:24.070 [Test worker] DEBUG org.apache.http.headers - http-outgoing-2 << Content-Type: application/json
02:44:24.070 [Test worker] DEBUG org.apache.http.headers - http-outgoing-2 << Server: Docker/1.12.1 (linux)
02:44:24.071 [Test worker] DEBUG org.apache.http.headers - http-outgoing-2 << Date: Tue, 18 Oct 2016 00:44:24 GMT
02:44:24.071 [Test worker] DEBUG org.apache.http.headers - http-outgoing-2 << Content-Length: 33
02:44:24.071 [Test worker] DEBUG o.a.h.impl.execchain.MainClientExec - Connection can be kept alive indefinitely
02:44:24.071 [Test worker] DEBUG c.g.d.j.JerseyDockerCmdExecFactory - 2 * Client response received on thread Test worker
2 < 200
2 < Content-Length: 33
2 < Content-Type: application/json
2 < Date: Tue, 18 Oct 2016 00:44:24 GMT
2 < Server: Docker/1.12.1 (linux)
{"Volumes":null,"Warnings":null}


02:44:24.074 [Test worker] DEBUG o.a.h.i.c.DefaultManagedHttpClientConnection - http-outgoing-2: Close connection
02:44:24.074 [Test worker] DEBUG o.a.h.impl.execchain.MainClientExec - Connection discarded
02:44:24.074 [Test worker] DEBUG c.g.d.j.JerseyDockerCmdExecFactory$1 - Connection released: [id: 2][route: {}->http://localhost:2375][total kept alive: 0; route allocated: 0 of 2; total allocated: 0 of 20]
List of volumes: null
02:44:24.076 [Test worker] DEBUG c.g.d.core.command.AbstrDockerCmd - Cmd: MyNetwork,<null>,com.github.dockerjava.api.model.Network$Ipam@3c6a2757[driver=<null>,config=[com.github.dockerjava.api.model.Network$Ipam$Config@5d3cdfbd],options=<null>],{},true,<null>,<null>,com.github.dockerjava.jaxrs.CreateNetworkCmdExec@4785211d
02:44:24.118 [Test worker] DEBUG o.a.h.c.protocol.RequestAddCookies - CookieSpec selected: default
02:44:24.118 [Test worker] DEBUG o.a.h.c.protocol.RequestAuthCache - Auth cache not set in the context
02:44:24.119 [Test worker] DEBUG c.g.d.j.JerseyDockerCmdExecFactory$1 - Connection request: [route: {}->http://localhost:2375][total kept alive: 0; route allocated: 0 of 2; total allocated: 0 of 20]
02:44:24.119 [Test worker] DEBUG c.g.d.j.JerseyDockerCmdExecFactory$1 - Connection leased: [id: 3][route: {}->http://localhost:2375][total kept alive: 0; route allocated: 1 of 2; total allocated: 1 of 20]
02:44:24.119 [Test worker] DEBUG o.a.h.impl.execchain.MainClientExec - Opening connection {}->http://localhost:2375
02:44:24.119 [Test worker] DEBUG o.a.h.i.c.DefaultHttpClientConnectionOperator - Connecting to localhost/127.0.0.1:2375
02:44:24.119 [Test worker] DEBUG o.a.h.i.c.DefaultHttpClientConnectionOperator - Connection established 127.0.0.1:57006<->127.0.0.1:2375
02:44:24.120 [Test worker] DEBUG o.a.h.impl.execchain.MainClientExec - Executing request POST /networks/create HTTP/1.1
02:44:24.120 [Test worker] DEBUG o.a.h.impl.execchain.MainClientExec - Target auth state: UNCHALLENGED
02:44:24.120 [Test worker] DEBUG o.a.h.impl.execchain.MainClientExec - Proxy auth state: UNCHALLENGED
02:44:24.120 [Test worker] DEBUG org.apache.http.headers - http-outgoing-3 >> POST /networks/create HTTP/1.1
02:44:24.120 [Test worker] DEBUG org.apache.http.headers - http-outgoing-3 >> Accept: application/json
02:44:24.120 [Test worker] DEBUG org.apache.http.headers - http-outgoing-3 >> Content-Type: application/json
02:44:24.120 [Test worker] DEBUG org.apache.http.headers - http-outgoing-3 >> User-Agent: Jersey/2.23.1 (Apache HttpClient 4.5.1)
02:44:24.120 [Test worker] DEBUG org.apache.http.headers - http-outgoing-3 >> Transfer-Encoding: chunked
02:44:24.120 [Test worker] DEBUG org.apache.http.headers - http-outgoing-3 >> Host: localhost:2375
02:44:24.120 [Test worker] DEBUG org.apache.http.headers - http-outgoing-3 >> Connection: Keep-Alive
02:44:24.121 [Test worker] DEBUG org.apache.http.headers - http-outgoing-3 >> Accept-Encoding: gzip,deflate
02:44:24.141 [Test worker] DEBUG c.g.d.j.JerseyDockerCmdExecFactory - 1 * Sending client request on thread Test worker
1 > POST http://localhost:2375/networks/create
1 > Accept: application/json
1 > Content-Type: application/json
{"enableIPv6":null,"Name":"MyNetwork","Driver":null,"IPAM":{"Driver":null,"Config":[{"Subnet":"172.19.0.0/16","IPRange":null,"Gateway":"172.19.0.1"}],"Options":null},"Options":{},"CheckDuplicate":true,"Internal":null,"EnableIPv6":null}

02:44:24.142 [Test worker] DEBUG org.apache.http.wire - http-outgoing-3 >> "POST /networks/create HTTP/1.1[\r][\n]"
02:44:24.142 [Test worker] DEBUG org.apache.http.wire - http-outgoing-3 >> "Accept: application/json[\r][\n]"
02:44:24.142 [Test worker] DEBUG org.apache.http.wire - http-outgoing-3 >> "Content-Type: application/json[\r][\n]"
02:44:24.142 [Test worker] DEBUG org.apache.http.wire - http-outgoing-3 >> "User-Agent: Jersey/2.23.1 (Apache HttpClient 4.5.1)[\r][\n]"
02:44:24.142 [Test worker] DEBUG org.apache.http.wire - http-outgoing-3 >> "Transfer-Encoding: chunked[\r][\n]"
02:44:24.142 [Test worker] DEBUG org.apache.http.wire - http-outgoing-3 >> "Host: localhost:2375[\r][\n]"
02:44:24.142 [Test worker] DEBUG org.apache.http.wire - http-outgoing-3 >> "Connection: Keep-Alive[\r][\n]"
02:44:24.142 [Test worker] DEBUG org.apache.http.wire - http-outgoing-3 >> "Accept-Encoding: gzip,deflate[\r][\n]"
02:44:24.142 [Test worker] DEBUG org.apache.http.wire - http-outgoing-3 >> "[\r][\n]"
02:44:24.142 [Test worker] DEBUG org.apache.http.wire - http-outgoing-3 >> "eb[\r][\n]"
02:44:24.142 [Test worker] DEBUG org.apache.http.wire - http-outgoing-3 >> "{"enableIPv6":null,"Name":"MyNetwork","Driver":null,"IPAM":{"Driver":null,"Config":[{"Subnet":"172.19.0.0/16","IPRange":null,"Gateway":"172.19.0.1"}],"Options":null},"Options":{},"CheckDuplicate":true,"Internal":null,"EnableIPv6":null}[\r][\n]"
02:44:24.142 [Test worker] DEBUG org.apache.http.wire - http-outgoing-3 >> "0[\r][\n]"
02:44:24.143 [Test worker] DEBUG org.apache.http.wire - http-outgoing-3 >> "[\r][\n]"
02:44:24.202 [Test worker] DEBUG org.apache.http.wire - http-outgoing-3 << "HTTP/1.1 201 Created[\r][\n]"
02:44:24.202 [Test worker] DEBUG org.apache.http.wire - http-outgoing-3 << "Content-Type: application/json[\r][\n]"
02:44:24.202 [Test worker] DEBUG org.apache.http.wire - http-outgoing-3 << "Server: Docker/1.12.1 (linux)[\r][\n]"
02:44:24.202 [Test worker] DEBUG org.apache.http.wire - http-outgoing-3 << "Date: Tue, 18 Oct 2016 00:44:24 GMT[\r][\n]"
02:44:24.202 [Test worker] DEBUG org.apache.http.wire - http-outgoing-3 << "Content-Length: 87[\r][\n]"
02:44:24.202 [Test worker] DEBUG org.apache.http.wire - http-outgoing-3 << "[\r][\n]"
02:44:24.202 [Test worker] DEBUG org.apache.http.wire - http-outgoing-3 << "{"Id":"f592ec956923fae924ce3b22c6d5c00a839f41e1051d7a119547319432b5df73","Warning":""}[\n]"
02:44:24.202 [Test worker] DEBUG org.apache.http.headers - http-outgoing-3 << HTTP/1.1 201 Created
02:44:24.202 [Test worker] DEBUG org.apache.http.headers - http-outgoing-3 << Content-Type: application/json
02:44:24.202 [Test worker] DEBUG org.apache.http.headers - http-outgoing-3 << Server: Docker/1.12.1 (linux)
02:44:24.202 [Test worker] DEBUG org.apache.http.headers - http-outgoing-3 << Date: Tue, 18 Oct 2016 00:44:24 GMT
02:44:24.202 [Test worker] DEBUG org.apache.http.headers - http-outgoing-3 << Content-Length: 87
02:44:24.202 [Test worker] DEBUG o.a.h.impl.execchain.MainClientExec - Connection can be kept alive indefinitely
02:44:24.202 [Test worker] DEBUG c.g.d.j.JerseyDockerCmdExecFactory - 2 * Client response received on thread Test worker
2 < 201
2 < Content-Length: 87
2 < Content-Type: application/json
2 < Date: Tue, 18 Oct 2016 00:44:24 GMT
2 < Server: Docker/1.12.1 (linux)
{"Id":"f592ec956923fae924ce3b22c6d5c00a839f41e1051d7a119547319432b5df73","Warning":""}


02:44:24.203 [Test worker] DEBUG o.a.h.i.c.DefaultManagedHttpClientConnection - http-outgoing-3: Close connection
02:44:24.210 [Test worker] DEBUG o.a.h.impl.execchain.MainClientExec - Connection discarded
02:44:24.214 [Test worker] DEBUG c.g.d.j.JerseyDockerCmdExecFactory$1 - Connection released: [id: 3][route: {}->http://localhost:2375][total kept alive: 0; route allocated: 0 of 2; total allocated: 0 of 20]
02:44:24.215 [Test worker] DEBUG c.g.d.core.command.AbstrDockerCmd - Cmd: f592ec956923fae924ce3b22c6d5c00a839f41e1051d7a119547319432b5df73,com.github.dockerjava.jaxrs.InspectNetworkCmdExec@1254aea9
02:44:24.220 [Test worker] DEBUG c.g.d.jaxrs.ListNetworksCmdExec - GET: JerseyWebTarget { http://localhost:2375/networks/f592ec956923fae924ce3b22c6d5c00a839f41e1051d7a119547319432b5df73 }
02:44:24.228 [Test worker] DEBUG c.g.d.j.JerseyDockerCmdExecFactory - 3 * Sending client request on thread Test worker
3 > GET http://localhost:2375/networks/f592ec956923fae924ce3b22c6d5c00a839f41e1051d7a119547319432b5df73
3 > Accept: application/json

02:44:24.230 [Test worker] DEBUG o.a.h.c.protocol.RequestAddCookies - CookieSpec selected: default
02:44:24.231 [Test worker] DEBUG o.a.h.c.protocol.RequestAuthCache - Auth cache not set in the context
02:44:24.231 [Test worker] DEBUG c.g.d.j.JerseyDockerCmdExecFactory$1 - Connection request: [route: {}->http://localhost:2375][total kept alive: 0; route allocated: 0 of 2; total allocated: 0 of 20]
02:44:24.231 [Test worker] DEBUG c.g.d.j.JerseyDockerCmdExecFactory$1 - Connection leased: [id: 4][route: {}->http://localhost:2375][total kept alive: 0; route allocated: 1 of 2; total allocated: 1 of 20]
02:44:24.231 [Test worker] DEBUG o.a.h.impl.execchain.MainClientExec - Opening connection {}->http://localhost:2375
02:44:24.231 [Test worker] DEBUG o.a.h.i.c.DefaultHttpClientConnectionOperator - Connecting to localhost/127.0.0.1:2375
02:44:24.234 [Test worker] DEBUG o.a.h.i.c.DefaultHttpClientConnectionOperator - Connection established 127.0.0.1:57008<->127.0.0.1:2375
02:44:24.234 [Test worker] DEBUG o.a.h.impl.execchain.MainClientExec - Executing request GET /networks/f592ec956923fae924ce3b22c6d5c00a839f41e1051d7a119547319432b5df73 HTTP/1.1
02:44:24.234 [Test worker] DEBUG o.a.h.impl.execchain.MainClientExec - Target auth state: UNCHALLENGED
02:44:24.234 [Test worker] DEBUG o.a.h.impl.execchain.MainClientExec - Proxy auth state: UNCHALLENGED
02:44:24.234 [Test worker] DEBUG org.apache.http.headers - http-outgoing-4 >> GET /networks/f592ec956923fae924ce3b22c6d5c00a839f41e1051d7a119547319432b5df73 HTTP/1.1
02:44:24.235 [Test worker] DEBUG org.apache.http.headers - http-outgoing-4 >> Accept: application/json
02:44:24.235 [Test worker] DEBUG org.apache.http.headers - http-outgoing-4 >> User-Agent: Jersey/2.23.1 (Apache HttpClient 4.5.1)
02:44:24.235 [Test worker] DEBUG org.apache.http.headers - http-outgoing-4 >> Host: localhost:2375
02:44:24.235 [Test worker] DEBUG org.apache.http.headers - http-outgoing-4 >> Connection: Keep-Alive
02:44:24.235 [Test worker] DEBUG org.apache.http.headers - http-outgoing-4 >> Accept-Encoding: gzip,deflate
02:44:24.235 [Test worker] DEBUG org.apache.http.wire - http-outgoing-4 >> "GET /networks/f592ec956923fae924ce3b22c6d5c00a839f41e1051d7a119547319432b5df73 HTTP/1.1[\r][\n]"
02:44:24.235 [Test worker] DEBUG org.apache.http.wire - http-outgoing-4 >> "Accept: application/json[\r][\n]"
02:44:24.235 [Test worker] DEBUG org.apache.http.wire - http-outgoing-4 >> "User-Agent: Jersey/2.23.1 (Apache HttpClient 4.5.1)[\r][\n]"
02:44:24.235 [Test worker] DEBUG org.apache.http.wire - http-outgoing-4 >> "Host: localhost:2375[\r][\n]"
02:44:24.235 [Test worker] DEBUG org.apache.http.wire - http-outgoing-4 >> "Connection: Keep-Alive[\r][\n]"
02:44:24.235 [Test worker] DEBUG org.apache.http.wire - http-outgoing-4 >> "Accept-Encoding: gzip,deflate[\r][\n]"
02:44:24.235 [Test worker] DEBUG org.apache.http.wire - http-outgoing-4 >> "[\r][\n]"
02:44:24.237 [Test worker] DEBUG org.apache.http.wire - http-outgoing-4 << "HTTP/1.1 200 OK[\r][\n]"
02:44:24.237 [Test worker] DEBUG org.apache.http.wire - http-outgoing-4 << "Content-Type: application/json[\r][\n]"
02:44:24.239 [Test worker] DEBUG org.apache.http.wire - http-outgoing-4 << "Server: Docker/1.12.1 (linux)[\r][\n]"
02:44:24.239 [Test worker] DEBUG org.apache.http.wire - http-outgoing-4 << "Date: Tue, 18 Oct 2016 00:44:24 GMT[\r][\n]"
02:44:24.239 [Test worker] DEBUG org.apache.http.wire - http-outgoing-4 << "Content-Length: 308[\r][\n]"
02:44:24.239 [Test worker] DEBUG org.apache.http.wire - http-outgoing-4 << "[\r][\n]"
02:44:24.239 [Test worker] DEBUG org.apache.http.wire - http-outgoing-4 << "{"Name":"MyNetwork","Id":"f592ec956923fae924ce3b22c6d5c00a839f41e1051d7a119547319432b5df73","Scope":"local","Driver":"bridge","EnableIPv6":false,"IPAM":{"Driver":"default","Options":null,"Config":[{"Subnet":"172.19.0.0/16","Gateway":"172.19.0.1"}]},"Internal":false,"Containers":{},"Options":{},"Labels":{}}[\n]"
02:44:24.239 [Test worker] DEBUG org.apache.http.headers - http-outgoing-4 << HTTP/1.1 200 OK
02:44:24.239 [Test worker] DEBUG org.apache.http.headers - http-outgoing-4 << Content-Type: application/json
02:44:24.239 [Test worker] DEBUG org.apache.http.headers - http-outgoing-4 << Server: Docker/1.12.1 (linux)
02:44:24.241 [Test worker] DEBUG org.apache.http.headers - http-outgoing-4 << Date: Tue, 18 Oct 2016 00:44:24 GMT
02:44:24.242 [Test worker] DEBUG org.apache.http.headers - http-outgoing-4 << Content-Length: 308
02:44:24.242 [Test worker] DEBUG o.a.h.impl.execchain.MainClientExec - Connection can be kept alive indefinitely
02:44:24.242 [Test worker] DEBUG c.g.d.j.JerseyDockerCmdExecFactory - 4 * Client response received on thread Test worker
4 < 200
4 < Content-Length: 308
4 < Content-Type: application/json
4 < Date: Tue, 18 Oct 2016 00:44:24 GMT
4 < Server: Docker/1.12.1 (linux)
{"Name":"MyNetwork","Id":"f592ec956923fae924ce3b22c6d5c00a839f41e1051d7a119547319432b5df73","Scope":"local","Driver":"bridge","EnableIPv6":false,"IPAM":{"Driver":"default","Options":null,"Config":[{"Subnet":"172.19.0.0/16","Gateway":"172.19.0.1"}]},"Internal":false,"Containers":{},"Options":{},"Labels":{}}


02:44:24.249 [Test worker] DEBUG o.a.h.i.c.DefaultManagedHttpClientConnection - http-outgoing-4: Close connection
02:44:24.249 [Test worker] DEBUG o.a.h.impl.execchain.MainClientExec - Connection discarded
02:44:24.250 [Test worker] DEBUG c.g.d.j.JerseyDockerCmdExecFactory$1 - Connection released: [id: 4][route: {}->http://localhost:2375][total kept alive: 0; route allocated: 0 of 2; total allocated: 0 of 20]
02:44:24.250 [Test worker] DEBUG org.openbaton.docker.DockerVim - Network successfully created
02:44:24.252 [Test worker] DEBUG c.g.d.core.command.AbstrDockerCmd - Cmd: com.github.dockerjava.core.util.FiltersBuilder@0,com.github.dockerjava.jaxrs.ListNetworksCmdExec@52878389
02:44:24.280 [Test worker] DEBUG c.g.d.j.JerseyDockerCmdExecFactory - 1 * Sending client request on thread Test worker
1 > GET http://localhost:2375/networks
1 > Accept: application/json

02:44:24.281 [Test worker] DEBUG o.a.h.c.protocol.RequestAddCookies - CookieSpec selected: default
02:44:24.281 [Test worker] DEBUG o.a.h.c.protocol.RequestAuthCache - Auth cache not set in the context
02:44:24.281 [Test worker] DEBUG c.g.d.j.JerseyDockerCmdExecFactory$1 - Connection request: [route: {}->http://localhost:2375][total kept alive: 0; route allocated: 0 of 2; total allocated: 0 of 20]
02:44:24.281 [Test worker] DEBUG c.g.d.j.JerseyDockerCmdExecFactory$1 - Connection leased: [id: 5][route: {}->http://localhost:2375][total kept alive: 0; route allocated: 1 of 2; total allocated: 1 of 20]
02:44:24.281 [Test worker] DEBUG o.a.h.impl.execchain.MainClientExec - Opening connection {}->http://localhost:2375
02:44:24.281 [Test worker] DEBUG o.a.h.i.c.DefaultHttpClientConnectionOperator - Connecting to localhost/127.0.0.1:2375
02:44:24.282 [Test worker] DEBUG o.a.h.i.c.DefaultHttpClientConnectionOperator - Connection established 127.0.0.1:57010<->127.0.0.1:2375
02:44:24.282 [Test worker] DEBUG o.a.h.impl.execchain.MainClientExec - Executing request GET /networks HTTP/1.1
02:44:24.282 [Test worker] DEBUG o.a.h.impl.execchain.MainClientExec - Target auth state: UNCHALLENGED
02:44:24.282 [Test worker] DEBUG o.a.h.impl.execchain.MainClientExec - Proxy auth state: UNCHALLENGED
02:44:24.282 [Test worker] DEBUG org.apache.http.headers - http-outgoing-5 >> GET /networks HTTP/1.1
02:44:24.282 [Test worker] DEBUG org.apache.http.headers - http-outgoing-5 >> Accept: application/json
02:44:24.282 [Test worker] DEBUG org.apache.http.headers - http-outgoing-5 >> User-Agent: Jersey/2.23.1 (Apache HttpClient 4.5.1)
02:44:24.282 [Test worker] DEBUG org.apache.http.headers - http-outgoing-5 >> Host: localhost:2375
02:44:24.282 [Test worker] DEBUG org.apache.http.headers - http-outgoing-5 >> Connection: Keep-Alive
02:44:24.283 [Test worker] DEBUG org.apache.http.headers - http-outgoing-5 >> Accept-Encoding: gzip,deflate
02:44:24.283 [Test worker] DEBUG org.apache.http.wire - http-outgoing-5 >> "GET /networks HTTP/1.1[\r][\n]"
02:44:24.283 [Test worker] DEBUG org.apache.http.wire - http-outgoing-5 >> "Accept: application/json[\r][\n]"
02:44:24.283 [Test worker] DEBUG org.apache.http.wire - http-outgoing-5 >> "User-Agent: Jersey/2.23.1 (Apache HttpClient 4.5.1)[\r][\n]"
02:44:24.283 [Test worker] DEBUG org.apache.http.wire - http-outgoing-5 >> "Host: localhost:2375[\r][\n]"
02:44:24.283 [Test worker] DEBUG org.apache.http.wire - http-outgoing-5 >> "Connection: Keep-Alive[\r][\n]"
02:44:24.283 [Test worker] DEBUG org.apache.http.wire - http-outgoing-5 >> "Accept-Encoding: gzip,deflate[\r][\n]"
02:44:24.283 [Test worker] DEBUG org.apache.http.wire - http-outgoing-5 >> "[\r][\n]"
02:44:24.283 [Test worker] DEBUG org.apache.http.wire - http-outgoing-5 << "HTTP/1.1 200 OK[\r][\n]"
02:44:24.284 [Test worker] DEBUG org.apache.http.wire - http-outgoing-5 << "Content-Type: application/json[\r][\n]"
02:44:24.284 [Test worker] DEBUG org.apache.http.wire - http-outgoing-5 << "Server: Docker/1.12.1 (linux)[\r][\n]"
02:44:24.284 [Test worker] DEBUG org.apache.http.wire - http-outgoing-5 << "Date: Tue, 18 Oct 2016 00:44:24 GMT[\r][\n]"
02:44:24.284 [Test worker] DEBUG org.apache.http.wire - http-outgoing-5 << "Content-Length: 1408[\r][\n]"
02:44:24.284 [Test worker] DEBUG org.apache.http.wire - http-outgoing-5 << "[\r][\n]"
02:44:24.284 [Test worker] DEBUG org.apache.http.wire - http-outgoing-5 << "[{"Name":"bridge","Id":"90941628611ab58d4fa4db6bcd1806afb9bf994c4562bea7ae3dc9153b373da5","Scope":"local","Driver":"bridge","EnableIPv6":false,"IPAM":{"Driver":"default","Options":null,"Config":[{"Subnet":"172.17.0.0/16","Gateway":"172.17.0.1"}]},"Internal":false,"Containers":{},"Options":{"com.docker.network.bridge.default_bridge":"true","com.docker.network.bridge.enable_icc":"true","com.docker.network.bridge.enable_ip_masquerade":"true","com.docker.network.bridge.host_binding_ipv4":"0.0.0.0","com.docker.network.bridge.name":"docker0","com.docker.network.driver.mtu":"1500"},"Labels":{}},{"Name":"none","Id":"4d89c194eb79cd2beb38458d10a1b98c74d6b8462af72afde29ae7aca53ed5ca","Scope":"local","Driver":"null","EnableIPv6":false,"IPAM":{"Driver":"default","Options":null,"Config":[]},"Internal":false,"Containers":{},"Options":{},"Labels":{}},{"Name":"host","Id":"fe042b0866671b5be4f097ba43830c0a02959c058702d18e18c14a24d88a357d","Scope":"local","Driver":"host","EnableIPv6":false,"IPAM":{"Driver":"default","Options":null,"Config":[]},"Internal":false,"Containers":{},"Options":{},"Labels":{}},{"Name":"MyNetwork","Id":"f592ec956923fae924ce3b22c6d5c00a839f41e1051d7a119547319432b5df73","Scope":"local","Driver":"bridge","EnableIPv6":false,"IPAM":{"Driver":"default","Options":null,"Config":[{"Subnet":"172.19.0.0/16","Gateway":"172.19.0.1"}]},"Internal":false,"Containers":{},"Options":{},"Labels":{}}][\n]"
02:44:24.284 [Test worker] DEBUG org.apache.http.headers - http-outgoing-5 << HTTP/1.1 200 OK
02:44:24.284 [Test worker] DEBUG org.apache.http.headers - http-outgoing-5 << Content-Type: application/json
02:44:24.284 [Test worker] DEBUG org.apache.http.headers - http-outgoing-5 << Server: Docker/1.12.1 (linux)
02:44:24.285 [Test worker] DEBUG org.apache.http.headers - http-outgoing-5 << Date: Tue, 18 Oct 2016 00:44:24 GMT
02:44:24.285 [Test worker] DEBUG org.apache.http.headers - http-outgoing-5 << Content-Length: 1408
02:44:24.285 [Test worker] DEBUG o.a.h.impl.execchain.MainClientExec - Connection can be kept alive indefinitely
02:44:24.285 [Test worker] DEBUG c.g.d.j.JerseyDockerCmdExecFactory - 2 * Client response received on thread Test worker
2 < 200
2 < Content-Length: 1408
2 < Content-Type: application/json
2 < Date: Tue, 18 Oct 2016 00:44:24 GMT
2 < Server: Docker/1.12.1 (linux)
[{"Name":"bridge","Id":"90941628611ab58d4fa4db6bcd1806afb9bf994c4562bea7ae3dc9153b373da5","Scope":"local","Driver":"bridge","EnableIPv6":false,"IPAM":{"Driver":"default","Options":null,"Config":[{"Subnet":"172.17.0.0/16","Gateway":"172.17.0.1"}]},"Internal":false,"Containers":{},"Options":{"com.docker.network.bridge.default_bridge":"true","com.docker.network.bridge.enable_icc":"true","com.docker.network.bridge.enable_ip_masquerade":"true","com.docker.network.bridge.host_binding_ipv4":"0.0.0.0","com.docker.network.bridge.name":"docker0","com.docker.network.driver.mtu":"1500"},"Labels":{}},{"Name":"none","Id":"4d89c194eb79cd2beb38458d10a1b98c74d6b8462af72afde29ae7aca53ed5ca","Scope":"local","Driver":"null","EnableIPv6":false,"IPAM":{"Driver":"default","Options":null,"Config":[]},"Internal":false,"Containers":{},"Options":{},"Labels":{}},{"Name":"host","Id":"fe042b0866671b5be4f097ba43830c0a02959c058702d18e18c14a24d88a357d","Scope":"local","Driver":"host","EnableIPv6":false,"IPAM":{"Driver":"default","Options":null,"Config":[]},"Internal":false,"Containers":{},"Options":{},"Labels":{}},{"Name":"MyNetwork","Id":"f592ec956923fae924ce3b22c6d5c00a839f41e1051d7a119547319432b5df73","Scope":"local","Driver":"bridge","EnableIPv6":false,"IPAM":{"Driver":"default","Options":null,"Config":[{"Subnet":"172.19.0.0/16","Gateway":"172.19.0.1"}]},"Internal":false,"Containers":{},"Options":{},"Labels":{}}]


02:44:24.290 [Test worker] DEBUG o.a.h.i.c.DefaultManagedHttpClientConnection - http-outgoing-5: Close connection
02:44:24.290 [Test worker] DEBUG o.a.h.impl.execchain.MainClientExec - Connection discarded
02:44:24.290 [Test worker] DEBUG c.g.d.j.JerseyDockerCmdExecFactory$1 - Connection released: [id: 5][route: {}->http://localhost:2375][total kept alive: 0; route allocated: 0 of 2; total allocated: 0 of 20]
02:44:24.290 [Test worker] DEBUG org.openbaton.docker.DockerVim - Found a docker network, transformed into a NFV network Network{id='f592ec956923fae924ce3b22c6d5c00a839f41e1051d7a119547319432b5df73', name='MyNetwork', extId='null', external=false, shared=false, subnets=[Subnet{id='null', version=0, name='bridge', extId='null', networkId='172.19.0.0/16', cidr='null', gatewayIp='172.19.0.1'}]}
Num of networks : 1
02:44:24.292 [Test worker] DEBUG c.g.d.core.command.AbstrDockerCmd - Cmd: f592ec956923fae924ce3b22c6d5c00a839f41e1051d7a119547319432b5df73,com.github.dockerjava.jaxrs.RemoveNetworkCmdExec@3a0aac61
02:44:24.325 [Test worker] DEBUG c.g.d.j.JerseyDockerCmdExecFactory - 1 * Sending client request on thread Test worker
1 > DELETE http://localhost:2375/networks/f592ec956923fae924ce3b22c6d5c00a839f41e1051d7a119547319432b5df73
1 > Accept: application/json

02:44:24.333 [Test worker] DEBUG o.a.h.c.protocol.RequestAddCookies - CookieSpec selected: default
02:44:24.333 [Test worker] DEBUG o.a.h.c.protocol.RequestAuthCache - Auth cache not set in the context
02:44:24.334 [Test worker] DEBUG c.g.d.j.JerseyDockerCmdExecFactory$1 - Connection request: [route: {}->http://localhost:2375][total kept alive: 0; route allocated: 0 of 2; total allocated: 0 of 20]
02:44:24.334 [Test worker] DEBUG c.g.d.j.JerseyDockerCmdExecFactory$1 - Connection leased: [id: 6][route: {}->http://localhost:2375][total kept alive: 0; route allocated: 1 of 2; total allocated: 1 of 20]
02:44:24.334 [Test worker] DEBUG o.a.h.impl.execchain.MainClientExec - Opening connection {}->http://localhost:2375
02:44:24.334 [Test worker] DEBUG o.a.h.i.c.DefaultHttpClientConnectionOperator - Connecting to localhost/127.0.0.1:2375
02:44:24.335 [Test worker] DEBUG o.a.h.i.c.DefaultHttpClientConnectionOperator - Connection established 127.0.0.1:57012<->127.0.0.1:2375
02:44:24.335 [Test worker] DEBUG o.a.h.impl.execchain.MainClientExec - Executing request DELETE /networks/f592ec956923fae924ce3b22c6d5c00a839f41e1051d7a119547319432b5df73 HTTP/1.1
02:44:24.335 [Test worker] DEBUG o.a.h.impl.execchain.MainClientExec - Target auth state: UNCHALLENGED
02:44:24.335 [Test worker] DEBUG o.a.h.impl.execchain.MainClientExec - Proxy auth state: UNCHALLENGED
02:44:24.335 [Test worker] DEBUG org.apache.http.headers - http-outgoing-6 >> DELETE /networks/f592ec956923fae924ce3b22c6d5c00a839f41e1051d7a119547319432b5df73 HTTP/1.1
02:44:24.335 [Test worker] DEBUG org.apache.http.headers - http-outgoing-6 >> Accept: application/json
02:44:24.335 [Test worker] DEBUG org.apache.http.headers - http-outgoing-6 >> User-Agent: Jersey/2.23.1 (Apache HttpClient 4.5.1)
02:44:24.335 [Test worker] DEBUG org.apache.http.headers - http-outgoing-6 >> Host: localhost:2375
02:44:24.335 [Test worker] DEBUG org.apache.http.headers - http-outgoing-6 >> Connection: Keep-Alive
02:44:24.338 [Test worker] DEBUG org.apache.http.headers - http-outgoing-6 >> Accept-Encoding: gzip,deflate
02:44:24.338 [Test worker] DEBUG org.apache.http.wire - http-outgoing-6 >> "DELETE /networks/f592ec956923fae924ce3b22c6d5c00a839f41e1051d7a119547319432b5df73 HTTP/1.1[\r][\n]"
02:44:24.338 [Test worker] DEBUG org.apache.http.wire - http-outgoing-6 >> "Accept: application/json[\r][\n]"
02:44:24.338 [Test worker] DEBUG org.apache.http.wire - http-outgoing-6 >> "User-Agent: Jersey/2.23.1 (Apache HttpClient 4.5.1)[\r][\n]"
02:44:24.338 [Test worker] DEBUG org.apache.http.wire - http-outgoing-6 >> "Host: localhost:2375[\r][\n]"
02:44:24.338 [Test worker] DEBUG org.apache.http.wire - http-outgoing-6 >> "Connection: Keep-Alive[\r][\n]"
02:44:24.338 [Test worker] DEBUG org.apache.http.wire - http-outgoing-6 >> "Accept-Encoding: gzip,deflate[\r][\n]"
02:44:24.338 [Test worker] DEBUG org.apache.http.wire - http-outgoing-6 >> "[\r][\n]"
02:44:24.408 [Test worker] DEBUG org.apache.http.wire - http-outgoing-6 << "HTTP/1.1 204 No Content[\r][\n]"
02:44:24.408 [Test worker] DEBUG org.apache.http.wire - http-outgoing-6 << "Server: Docker/1.12.1 (linux)[\r][\n]"
02:44:24.408 [Test worker] DEBUG org.apache.http.wire - http-outgoing-6 << "Date: Tue, 18 Oct 2016 00:44:24 GMT[\r][\n]"
02:44:24.408 [Test worker] DEBUG org.apache.http.wire - http-outgoing-6 << "[\r][\n]"
02:44:24.408 [Test worker] DEBUG org.apache.http.headers - http-outgoing-6 << HTTP/1.1 204 No Content
02:44:24.408 [Test worker] DEBUG org.apache.http.headers - http-outgoing-6 << Server: Docker/1.12.1 (linux)
02:44:24.408 [Test worker] DEBUG org.apache.http.headers - http-outgoing-6 << Date: Tue, 18 Oct 2016 00:44:24 GMT
02:44:24.408 [Test worker] DEBUG o.a.h.impl.execchain.MainClientExec - Connection can be kept alive indefinitely
02:44:24.408 [Test worker] DEBUG c.g.d.j.JerseyDockerCmdExecFactory$1 - Connection [id: 6][route: {}->http://localhost:2375] can be kept alive indefinitely
02:44:24.408 [Test worker] DEBUG c.g.d.j.JerseyDockerCmdExecFactory$1 - Connection released: [id: 6][route: {}->http://localhost:2375][total kept alive: 1; route allocated: 1 of 2; total allocated: 1 of 20]
02:44:24.408 [Test worker] DEBUG c.g.d.j.JerseyDockerCmdExecFactory - 2 * Client response received on thread Test worker
2 < 204
2 < Date: Tue, 18 Oct 2016 00:44:24 GMT
2 < Server: Docker/1.12.1 (linux)

02:44:24.408 [Test worker] DEBUG org.openbaton.docker.DockerVim - Network deleted successfully
Network{id='f592ec956923fae924ce3b22c6d5c00a839f41e1051d7a119547319432b5df73', name='MyNetwork', extId='null', external=false, shared=false, subnets=[Subnet{id='null', version=0, name='bridge', extId='null', networkId='172.19.0.0/16', cidr='null', gatewayIp='172.19.0.1'}]}
02:44:24.412 [Test worker] DEBUG c.g.d.core.command.AbstrDockerCmd - Cmd: com.github.dockerjava.core.util.FiltersBuilder@0,com.github.dockerjava.jaxrs.ListNetworksCmdExec@2e412d4
02:44:24.468 [Test worker] DEBUG c.g.d.j.JerseyDockerCmdExecFactory - 1 * Sending client request on thread Test worker
1 > GET http://localhost:2375/networks
1 > Accept: application/json

02:44:24.471 [Test worker] DEBUG o.a.h.c.protocol.RequestAddCookies - CookieSpec selected: default
02:44:24.471 [Test worker] DEBUG o.a.h.c.protocol.RequestAuthCache - Auth cache not set in the context
02:44:24.471 [Test worker] DEBUG c.g.d.j.JerseyDockerCmdExecFactory$1 - Connection request: [route: {}->http://localhost:2375][total kept alive: 0; route allocated: 0 of 2; total allocated: 0 of 20]
02:44:24.471 [Test worker] DEBUG c.g.d.j.JerseyDockerCmdExecFactory$1 - Connection leased: [id: 7][route: {}->http://localhost:2375][total kept alive: 0; route allocated: 1 of 2; total allocated: 1 of 20]
02:44:24.471 [Test worker] DEBUG o.a.h.impl.execchain.MainClientExec - Opening connection {}->http://localhost:2375
02:44:24.472 [Test worker] DEBUG o.a.h.i.c.DefaultHttpClientConnectionOperator - Connecting to localhost/127.0.0.1:2375
02:44:24.472 [Test worker] DEBUG o.a.h.i.c.DefaultHttpClientConnectionOperator - Connection established 127.0.0.1:57014<->127.0.0.1:2375
02:44:24.472 [Test worker] DEBUG o.a.h.impl.execchain.MainClientExec - Executing request GET /networks HTTP/1.1
02:44:24.472 [Test worker] DEBUG o.a.h.impl.execchain.MainClientExec - Target auth state: UNCHALLENGED
02:44:24.472 [Test worker] DEBUG o.a.h.impl.execchain.MainClientExec - Proxy auth state: UNCHALLENGED
02:44:24.472 [Test worker] DEBUG org.apache.http.headers - http-outgoing-7 >> GET /networks HTTP/1.1
02:44:24.472 [Test worker] DEBUG org.apache.http.headers - http-outgoing-7 >> Accept: application/json
02:44:24.473 [Test worker] DEBUG org.apache.http.headers - http-outgoing-7 >> User-Agent: Jersey/2.23.1 (Apache HttpClient 4.5.1)
02:44:24.473 [Test worker] DEBUG org.apache.http.headers - http-outgoing-7 >> Host: localhost:2375
02:44:24.473 [Test worker] DEBUG org.apache.http.headers - http-outgoing-7 >> Connection: Keep-Alive
02:44:24.473 [Test worker] DEBUG org.apache.http.headers - http-outgoing-7 >> Accept-Encoding: gzip,deflate
02:44:24.473 [Test worker] DEBUG org.apache.http.wire - http-outgoing-7 >> "GET /networks HTTP/1.1[\r][\n]"
02:44:24.473 [Test worker] DEBUG org.apache.http.wire - http-outgoing-7 >> "Accept: application/json[\r][\n]"
02:44:24.473 [Test worker] DEBUG org.apache.http.wire - http-outgoing-7 >> "User-Agent: Jersey/2.23.1 (Apache HttpClient 4.5.1)[\r][\n]"
02:44:24.473 [Test worker] DEBUG org.apache.http.wire - http-outgoing-7 >> "Host: localhost:2375[\r][\n]"
02:44:24.473 [Test worker] DEBUG org.apache.http.wire - http-outgoing-7 >> "Connection: Keep-Alive[\r][\n]"
02:44:24.473 [Test worker] DEBUG org.apache.http.wire - http-outgoing-7 >> "Accept-Encoding: gzip,deflate[\r][\n]"
02:44:24.473 [Test worker] DEBUG org.apache.http.wire - http-outgoing-7 >> "[\r][\n]"
02:44:24.474 [Test worker] DEBUG org.apache.http.wire - http-outgoing-7 << "HTTP/1.1 200 OK[\r][\n]"
02:44:24.476 [Test worker] DEBUG org.apache.http.wire - http-outgoing-7 << "Content-Type: application/json[\r][\n]"
02:44:24.477 [Test worker] DEBUG org.apache.http.wire - http-outgoing-7 << "Server: Docker/1.12.1 (linux)[\r][\n]"
02:44:24.477 [Test worker] DEBUG org.apache.http.wire - http-outgoing-7 << "Date: Tue, 18 Oct 2016 00:44:24 GMT[\r][\n]"
02:44:24.477 [Test worker] DEBUG org.apache.http.wire - http-outgoing-7 << "Content-Length: 1100[\r][\n]"
02:44:24.477 [Test worker] DEBUG org.apache.http.wire - http-outgoing-7 << "[\r][\n]"
02:44:24.477 [Test worker] DEBUG org.apache.http.wire - http-outgoing-7 << "[{"Name":"bridge","Id":"90941628611ab58d4fa4db6bcd1806afb9bf994c4562bea7ae3dc9153b373da5","Scope":"local","Driver":"bridge","EnableIPv6":false,"IPAM":{"Driver":"default","Options":null,"Config":[{"Subnet":"172.17.0.0/16","Gateway":"172.17.0.1"}]},"Internal":false,"Containers":{},"Options":{"com.docker.network.bridge.default_bridge":"true","com.docker.network.bridge.enable_icc":"true","com.docker.network.bridge.enable_ip_masquerade":"true","com.docker.network.bridge.host_binding_ipv4":"0.0.0.0","com.docker.network.bridge.name":"docker0","com.docker.network.driver.mtu":"1500"},"Labels":{}},{"Name":"none","Id":"4d89c194eb79cd2beb38458d10a1b98c74d6b8462af72afde29ae7aca53ed5ca","Scope":"local","Driver":"null","EnableIPv6":false,"IPAM":{"Driver":"default","Options":null,"Config":[]},"Internal":false,"Containers":{},"Options":{},"Labels":{}},{"Name":"host","Id":"fe042b0866671b5be4f097ba43830c0a02959c058702d18e18c14a24d88a357d","Scope":"local","Driver":"host","EnableIPv6":false,"IPAM":{"Driver":"default","Options":null,"Config":[]},"Internal":false,"Containers":{},"Options":{},"Labels":{}}][\n]"
02:44:24.477 [Test worker] DEBUG org.apache.http.headers - http-outgoing-7 << HTTP/1.1 200 OK
02:44:24.477 [Test worker] DEBUG org.apache.http.headers - http-outgoing-7 << Content-Type: application/json
02:44:24.477 [Test worker] DEBUG org.apache.http.headers - http-outgoing-7 << Server: Docker/1.12.1 (linux)
02:44:24.477 [Test worker] DEBUG org.apache.http.headers - http-outgoing-7 << Date: Tue, 18 Oct 2016 00:44:24 GMT
02:44:24.477 [Test worker] DEBUG org.apache.http.headers - http-outgoing-7 << Content-Length: 1100
02:44:24.478 [Test worker] DEBUG o.a.h.impl.execchain.MainClientExec - Connection can be kept alive indefinitely
02:44:24.478 [Test worker] DEBUG c.g.d.j.JerseyDockerCmdExecFactory - 2 * Client response received on thread Test worker
2 < 200
2 < Content-Length: 1100
2 < Content-Type: application/json
2 < Date: Tue, 18 Oct 2016 00:44:24 GMT
2 < Server: Docker/1.12.1 (linux)
[{"Name":"bridge","Id":"90941628611ab58d4fa4db6bcd1806afb9bf994c4562bea7ae3dc9153b373da5","Scope":"local","Driver":"bridge","EnableIPv6":false,"IPAM":{"Driver":"default","Options":null,"Config":[{"Subnet":"172.17.0.0/16","Gateway":"172.17.0.1"}]},"Internal":false,"Containers":{},"Options":{"com.docker.network.bridge.default_bridge":"true","com.docker.network.bridge.enable_icc":"true","com.docker.network.bridge.enable_ip_masquerade":"true","com.docker.network.bridge.host_binding_ipv4":"0.0.0.0","com.docker.network.bridge.name":"docker0","com.docker.network.driver.mtu":"1500"},"Labels":{}},{"Name":"none","Id":"4d89c194eb79cd2beb38458d10a1b98c74d6b8462af72afde29ae7aca53ed5ca","Scope":"local","Driver":"null","EnableIPv6":false,"IPAM":{"Driver":"default","Options":null,"Config":[]},"Internal":false,"Containers":{},"Options":{},"Labels":{}},{"Name":"host","Id":"fe042b0866671b5be4f097ba43830c0a02959c058702d18e18c14a24d88a357d","Scope":"local","Driver":"host","EnableIPv6":false,"IPAM":{"Driver":"default","Options":null,"Config":[]},"Internal":false,"Containers":{},"Options":{},"Labels":{}}]


02:44:24.487 [Test worker] DEBUG o.a.h.i.c.DefaultManagedHttpClientConnection - http-outgoing-7: Close connection
02:44:24.487 [Test worker] DEBUG o.a.h.impl.execchain.MainClientExec - Connection discarded
02:44:24.487 [Test worker] DEBUG c.g.d.j.JerseyDockerCmdExecFactory$1 - Connection released: [id: 7][route: {}->http://localhost:2375][total kept alive: 0; route allocated: 0 of 2; total allocated: 0 of 20]
Num of networks After : 0
02:44:24.491 [Test worker] DEBUG c.g.d.core.command.AbstrDockerCmd - Cmd: com.github.dockerjava.core.util.FiltersBuilder@0,com.github.dockerjava.jaxrs.ListNetworksCmdExec@185d004
02:44:24.529 [Test worker] DEBUG c.g.d.j.JerseyDockerCmdExecFactory - 1 * Sending client request on thread Test worker
1 > GET http://localhost:2375/networks
1 > Accept: application/json

02:44:24.529 [Test worker] DEBUG o.a.h.c.protocol.RequestAddCookies - CookieSpec selected: default
02:44:24.530 [Test worker] DEBUG o.a.h.c.protocol.RequestAuthCache - Auth cache not set in the context
02:44:24.530 [Test worker] DEBUG c.g.d.j.JerseyDockerCmdExecFactory$1 - Connection request: [route: {}->http://localhost:2375][total kept alive: 0; route allocated: 0 of 2; total allocated: 0 of 20]
02:44:24.530 [Test worker] DEBUG c.g.d.j.JerseyDockerCmdExecFactory$1 - Connection leased: [id: 8][route: {}->http://localhost:2375][total kept alive: 0; route allocated: 1 of 2; total allocated: 1 of 20]
02:44:24.530 [Test worker] DEBUG o.a.h.impl.execchain.MainClientExec - Opening connection {}->http://localhost:2375
02:44:24.530 [Test worker] DEBUG o.a.h.i.c.DefaultHttpClientConnectionOperator - Connecting to localhost/127.0.0.1:2375
02:44:24.530 [Test worker] DEBUG o.a.h.i.c.DefaultHttpClientConnectionOperator - Connection established 127.0.0.1:57016<->127.0.0.1:2375
02:44:24.530 [Test worker] DEBUG o.a.h.impl.execchain.MainClientExec - Executing request GET /networks HTTP/1.1
02:44:24.531 [Test worker] DEBUG o.a.h.impl.execchain.MainClientExec - Target auth state: UNCHALLENGED
02:44:24.531 [Test worker] DEBUG o.a.h.impl.execchain.MainClientExec - Proxy auth state: UNCHALLENGED
02:44:24.531 [Test worker] DEBUG org.apache.http.headers - http-outgoing-8 >> GET /networks HTTP/1.1
02:44:24.531 [Test worker] DEBUG org.apache.http.headers - http-outgoing-8 >> Accept: application/json
02:44:24.531 [Test worker] DEBUG org.apache.http.headers - http-outgoing-8 >> User-Agent: Jersey/2.23.1 (Apache HttpClient 4.5.1)
02:44:24.531 [Test worker] DEBUG org.apache.http.headers - http-outgoing-8 >> Host: localhost:2375
02:44:24.531 [Test worker] DEBUG org.apache.http.headers - http-outgoing-8 >> Connection: Keep-Alive
02:44:24.531 [Test worker] DEBUG org.apache.http.headers - http-outgoing-8 >> Accept-Encoding: gzip,deflate
02:44:24.531 [Test worker] DEBUG org.apache.http.wire - http-outgoing-8 >> "GET /networks HTTP/1.1[\r][\n]"
02:44:24.531 [Test worker] DEBUG org.apache.http.wire - http-outgoing-8 >> "Accept: application/json[\r][\n]"
02:44:24.531 [Test worker] DEBUG org.apache.http.wire - http-outgoing-8 >> "User-Agent: Jersey/2.23.1 (Apache HttpClient 4.5.1)[\r][\n]"
02:44:24.532 [Test worker] DEBUG org.apache.http.wire - http-outgoing-8 >> "Host: localhost:2375[\r][\n]"
02:44:24.532 [Test worker] DEBUG org.apache.http.wire - http-outgoing-8 >> "Connection: Keep-Alive[\r][\n]"
02:44:24.532 [Test worker] DEBUG org.apache.http.wire - http-outgoing-8 >> "Accept-Encoding: gzip,deflate[\r][\n]"
02:44:24.532 [Test worker] DEBUG org.apache.http.wire - http-outgoing-8 >> "[\r][\n]"
02:44:24.532 [Test worker] DEBUG org.apache.http.wire - http-outgoing-8 << "HTTP/1.1 200 OK[\r][\n]"
02:44:24.532 [Test worker] DEBUG org.apache.http.wire - http-outgoing-8 << "Content-Type: application/json[\r][\n]"
02:44:24.532 [Test worker] DEBUG org.apache.http.wire - http-outgoing-8 << "Server: Docker/1.12.1 (linux)[\r][\n]"
02:44:24.533 [Test worker] DEBUG org.apache.http.wire - http-outgoing-8 << "Date: Tue, 18 Oct 2016 00:44:24 GMT[\r][\n]"
02:44:24.533 [Test worker] DEBUG org.apache.http.wire - http-outgoing-8 << "Content-Length: 1100[\r][\n]"
02:44:24.533 [Test worker] DEBUG org.apache.http.wire - http-outgoing-8 << "[\r][\n]"
02:44:24.533 [Test worker] DEBUG org.apache.http.wire - http-outgoing-8 << "[{"Name":"bridge","Id":"90941628611ab58d4fa4db6bcd1806afb9bf994c4562bea7ae3dc9153b373da5","Scope":"local","Driver":"bridge","EnableIPv6":false,"IPAM":{"Driver":"default","Options":null,"Config":[{"Subnet":"172.17.0.0/16","Gateway":"172.17.0.1"}]},"Internal":false,"Containers":{},"Options":{"com.docker.network.bridge.default_bridge":"true","com.docker.network.bridge.enable_icc":"true","com.docker.network.bridge.enable_ip_masquerade":"true","com.docker.network.bridge.host_binding_ipv4":"0.0.0.0","com.docker.network.bridge.name":"docker0","com.docker.network.driver.mtu":"1500"},"Labels":{}},{"Name":"none","Id":"4d89c194eb79cd2beb38458d10a1b98c74d6b8462af72afde29ae7aca53ed5ca","Scope":"local","Driver":"null","EnableIPv6":false,"IPAM":{"Driver":"default","Options":null,"Config":[]},"Internal":false,"Containers":{},"Options":{},"Labels":{}},{"Name":"host","Id":"fe042b0866671b5be4f097ba43830c0a02959c058702d18e18c14a24d88a357d","Scope":"local","Driver":"host","EnableIPv6":false,"IPAM":{"Driver":"default","Options":null,"Config":[]},"Internal":false,"Containers":{},"Options":{},"Labels":{}}][\n]"
02:44:24.533 [Test worker] DEBUG org.apache.http.headers - http-outgoing-8 << HTTP/1.1 200 OK
02:44:24.533 [Test worker] DEBUG org.apache.http.headers - http-outgoing-8 << Content-Type: application/json
02:44:24.533 [Test worker] DEBUG org.apache.http.headers - http-outgoing-8 << Server: Docker/1.12.1 (linux)
02:44:24.533 [Test worker] DEBUG org.apache.http.headers - http-outgoing-8 << Date: Tue, 18 Oct 2016 00:44:24 GMT
02:44:24.533 [Test worker] DEBUG org.apache.http.headers - http-outgoing-8 << Content-Length: 1100
02:44:24.534 [Test worker] DEBUG o.a.h.impl.execchain.MainClientExec - Connection can be kept alive indefinitely
02:44:24.534 [Test worker] DEBUG c.g.d.j.JerseyDockerCmdExecFactory - 2 * Client response received on thread Test worker
2 < 200
2 < Content-Length: 1100
2 < Content-Type: application/json
2 < Date: Tue, 18 Oct 2016 00:44:24 GMT
2 < Server: Docker/1.12.1 (linux)
[{"Name":"bridge","Id":"90941628611ab58d4fa4db6bcd1806afb9bf994c4562bea7ae3dc9153b373da5","Scope":"local","Driver":"bridge","EnableIPv6":false,"IPAM":{"Driver":"default","Options":null,"Config":[{"Subnet":"172.17.0.0/16","Gateway":"172.17.0.1"}]},"Internal":false,"Containers":{},"Options":{"com.docker.network.bridge.default_bridge":"true","com.docker.network.bridge.enable_icc":"true","com.docker.network.bridge.enable_ip_masquerade":"true","com.docker.network.bridge.host_binding_ipv4":"0.0.0.0","com.docker.network.bridge.name":"docker0","com.docker.network.driver.mtu":"1500"},"Labels":{}},{"Name":"none","Id":"4d89c194eb79cd2beb38458d10a1b98c74d6b8462af72afde29ae7aca53ed5ca","Scope":"local","Driver":"null","EnableIPv6":false,"IPAM":{"Driver":"default","Options":null,"Config":[]},"Internal":false,"Containers":{},"Options":{},"Labels":{}},{"Name":"host","Id":"fe042b0866671b5be4f097ba43830c0a02959c058702d18e18c14a24d88a357d","Scope":"local","Driver":"host","EnableIPv6":false,"IPAM":{"Driver":"default","Options":null,"Config":[]},"Internal":false,"Containers":{},"Options":{},"Labels":{}}]


02:44:24.539 [Test worker] DEBUG o.a.h.i.c.DefaultManagedHttpClientConnection - http-outgoing-8: Close connection
02:44:24.539 [Test worker] DEBUG o.a.h.impl.execchain.MainClientExec - Connection discarded
02:44:24.539 [Test worker] DEBUG c.g.d.j.JerseyDockerCmdExecFactory$1 - Connection released: [id: 8][route: {}->http://localhost:2375][total kept alive: 0; route allocated: 0 of 2; total allocated: 0 of 20]
02:44:24.541 [Test worker] DEBUG c.g.d.core.command.AbstrDockerCmd - Cmd: -1,<null>,true,<null>,<null>,com.github.dockerjava.core.util.FiltersBuilder@0,com.github.dockerjava.jaxrs.ListContainersCmdExec@2ff7a57c
02:44:24.571 [Test worker] DEBUG c.g.d.j.JerseyDockerCmdExecFactory - 1 * Sending client request on thread Test worker
1 > GET http://localhost:2375/containers/json?all=true
1 > Accept: application/json

02:44:24.574 [Test worker] DEBUG o.a.h.c.protocol.RequestAddCookies - CookieSpec selected: default
02:44:24.574 [Test worker] DEBUG o.a.h.c.protocol.RequestAuthCache - Auth cache not set in the context
02:44:24.574 [Test worker] DEBUG c.g.d.j.JerseyDockerCmdExecFactory$1 - Connection request: [route: {}->http://localhost:2375][total kept alive: 0; route allocated: 0 of 2; total allocated: 0 of 20]
02:44:24.574 [Test worker] DEBUG c.g.d.j.JerseyDockerCmdExecFactory$1 - Connection leased: [id: 9][route: {}->http://localhost:2375][total kept alive: 0; route allocated: 1 of 2; total allocated: 1 of 20]
02:44:24.575 [Test worker] DEBUG o.a.h.impl.execchain.MainClientExec - Opening connection {}->http://localhost:2375
02:44:24.575 [Test worker] DEBUG o.a.h.i.c.DefaultHttpClientConnectionOperator - Connecting to localhost/127.0.0.1:2375
02:44:24.575 [Test worker] DEBUG o.a.h.i.c.DefaultHttpClientConnectionOperator - Connection established 127.0.0.1:57018<->127.0.0.1:2375
02:44:24.575 [Test worker] DEBUG o.a.h.impl.execchain.MainClientExec - Executing request GET /containers/json?all=true HTTP/1.1
02:44:24.575 [Test worker] DEBUG o.a.h.impl.execchain.MainClientExec - Target auth state: UNCHALLENGED
02:44:24.575 [Test worker] DEBUG o.a.h.impl.execchain.MainClientExec - Proxy auth state: UNCHALLENGED
02:44:24.575 [Test worker] DEBUG org.apache.http.headers - http-outgoing-9 >> GET /containers/json?all=true HTTP/1.1
02:44:24.576 [Test worker] DEBUG org.apache.http.headers - http-outgoing-9 >> Accept: application/json
02:44:24.576 [Test worker] DEBUG org.apache.http.headers - http-outgoing-9 >> User-Agent: Jersey/2.23.1 (Apache HttpClient 4.5.1)
02:44:24.576 [Test worker] DEBUG org.apache.http.headers - http-outgoing-9 >> Host: localhost:2375
02:44:24.576 [Test worker] DEBUG org.apache.http.headers - http-outgoing-9 >> Connection: Keep-Alive
02:44:24.576 [Test worker] DEBUG org.apache.http.headers - http-outgoing-9 >> Accept-Encoding: gzip,deflate
02:44:24.576 [Test worker] DEBUG org.apache.http.wire - http-outgoing-9 >> "GET /containers/json?all=true HTTP/1.1[\r][\n]"
02:44:24.576 [Test worker] DEBUG org.apache.http.wire - http-outgoing-9 >> "Accept: application/json[\r][\n]"
02:44:24.576 [Test worker] DEBUG org.apache.http.wire - http-outgoing-9 >> "User-Agent: Jersey/2.23.1 (Apache HttpClient 4.5.1)[\r][\n]"
02:44:24.576 [Test worker] DEBUG org.apache.http.wire - http-outgoing-9 >> "Host: localhost:2375[\r][\n]"
02:44:24.576 [Test worker] DEBUG org.apache.http.wire - http-outgoing-9 >> "Connection: Keep-Alive[\r][\n]"
02:44:24.576 [Test worker] DEBUG org.apache.http.wire - http-outgoing-9 >> "Accept-Encoding: gzip,deflate[\r][\n]"
02:44:24.578 [Test worker] DEBUG org.apache.http.wire - http-outgoing-9 >> "[\r][\n]"
02:44:24.579 [Test worker] DEBUG org.apache.http.wire - http-outgoing-9 << "HTTP/1.1 200 OK[\r][\n]"
02:44:24.579 [Test worker] DEBUG org.apache.http.wire - http-outgoing-9 << "Content-Type: application/json[\r][\n]"
02:44:24.579 [Test worker] DEBUG org.apache.http.wire - http-outgoing-9 << "Server: Docker/1.12.1 (linux)[\r][\n]"
02:44:24.579 [Test worker] DEBUG org.apache.http.wire - http-outgoing-9 << "Date: Tue, 18 Oct 2016 00:44:24 GMT[\r][\n]"
02:44:24.579 [Test worker] DEBUG org.apache.http.wire - http-outgoing-9 << "Content-Length: 3[\r][\n]"
02:44:24.581 [Test worker] DEBUG org.apache.http.wire - http-outgoing-9 << "[\r][\n]"
02:44:24.581 [Test worker] DEBUG org.apache.http.wire - http-outgoing-9 << "[][\n]"
02:44:24.581 [Test worker] DEBUG org.apache.http.headers - http-outgoing-9 << HTTP/1.1 200 OK
02:44:24.581 [Test worker] DEBUG org.apache.http.headers - http-outgoing-9 << Content-Type: application/json
02:44:24.581 [Test worker] DEBUG org.apache.http.headers - http-outgoing-9 << Server: Docker/1.12.1 (linux)
02:44:24.581 [Test worker] DEBUG org.apache.http.headers - http-outgoing-9 << Date: Tue, 18 Oct 2016 00:44:24 GMT
02:44:24.581 [Test worker] DEBUG org.apache.http.headers - http-outgoing-9 << Content-Length: 3
02:44:24.581 [Test worker] DEBUG o.a.h.impl.execchain.MainClientExec - Connection can be kept alive indefinitely
02:44:24.582 [Test worker] DEBUG c.g.d.j.JerseyDockerCmdExecFactory - 2 * Client response received on thread Test worker
2 < 200
2 < Content-Length: 3
2 < Content-Type: application/json
2 < Date: Tue, 18 Oct 2016 00:44:24 GMT
2 < Server: Docker/1.12.1 (linux)
[]


02:44:24.583 [Test worker] DEBUG c.g.d.j.JerseyDockerCmdExecFactory$1 - Connection [id: 9][route: {}->http://localhost:2375] can be kept alive indefinitely
02:44:24.583 [Test worker] DEBUG c.g.d.j.JerseyDockerCmdExecFactory$1 - Connection released: [id: 9][route: {}->http://localhost:2375][total kept alive: 1; route allocated: 1 of 2; total allocated: 1 of 20]
02:44:24.612 [Test worker] DEBUG c.g.d.core.command.AbstrDockerCmd - Cmd: com.github.dockerjava.core.util.FiltersBuilder@0,com.github.dockerjava.jaxrs.ListNetworksCmdExec@5976f013
02:44:24.650 [Test worker] DEBUG c.g.d.j.JerseyDockerCmdExecFactory - 1 * Sending client request on thread Test worker
1 > GET http://localhost:2375/networks
1 > Accept: application/json

02:44:24.651 [Test worker] DEBUG o.a.h.c.protocol.RequestAddCookies - CookieSpec selected: default
02:44:24.652 [Test worker] DEBUG o.a.h.c.protocol.RequestAuthCache - Auth cache not set in the context
02:44:24.652 [Test worker] DEBUG c.g.d.j.JerseyDockerCmdExecFactory$1 - Connection request: [route: {}->http://localhost:2375][total kept alive: 0; route allocated: 0 of 2; total allocated: 0 of 20]
02:44:24.652 [Test worker] DEBUG c.g.d.j.JerseyDockerCmdExecFactory$1 - Connection leased: [id: 10][route: {}->http://localhost:2375][total kept alive: 0; route allocated: 1 of 2; total allocated: 1 of 20]
02:44:24.652 [Test worker] DEBUG o.a.h.impl.execchain.MainClientExec - Opening connection {}->http://localhost:2375
02:44:24.652 [Test worker] DEBUG o.a.h.i.c.DefaultHttpClientConnectionOperator - Connecting to localhost/127.0.0.1:2375
02:44:24.652 [Test worker] DEBUG o.a.h.i.c.DefaultHttpClientConnectionOperator - Connection established 127.0.0.1:57020<->127.0.0.1:2375
02:44:24.652 [Test worker] DEBUG o.a.h.impl.execchain.MainClientExec - Executing request GET /networks HTTP/1.1
02:44:24.653 [Test worker] DEBUG o.a.h.impl.execchain.MainClientExec - Target auth state: UNCHALLENGED
02:44:24.653 [Test worker] DEBUG o.a.h.impl.execchain.MainClientExec - Proxy auth state: UNCHALLENGED
02:44:24.653 [Test worker] DEBUG org.apache.http.headers - http-outgoing-10 >> GET /networks HTTP/1.1
02:44:24.653 [Test worker] DEBUG org.apache.http.headers - http-outgoing-10 >> Accept: application/json
02:44:24.653 [Test worker] DEBUG org.apache.http.headers - http-outgoing-10 >> User-Agent: Jersey/2.23.1 (Apache HttpClient 4.5.1)
02:44:24.653 [Test worker] DEBUG org.apache.http.headers - http-outgoing-10 >> Host: localhost:2375
02:44:24.653 [Test worker] DEBUG org.apache.http.headers - http-outgoing-10 >> Connection: Keep-Alive
02:44:24.653 [Test worker] DEBUG org.apache.http.headers - http-outgoing-10 >> Accept-Encoding: gzip,deflate
02:44:24.653 [Test worker] DEBUG org.apache.http.wire - http-outgoing-10 >> "GET /networks HTTP/1.1[\r][\n]"
02:44:24.653 [Test worker] DEBUG org.apache.http.wire - http-outgoing-10 >> "Accept: application/json[\r][\n]"
02:44:24.653 [Test worker] DEBUG org.apache.http.wire - http-outgoing-10 >> "User-Agent: Jersey/2.23.1 (Apache HttpClient 4.5.1)[\r][\n]"
02:44:24.654 [Test worker] DEBUG org.apache.http.wire - http-outgoing-10 >> "Host: localhost:2375[\r][\n]"
02:44:24.654 [Test worker] DEBUG org.apache.http.wire - http-outgoing-10 >> "Connection: Keep-Alive[\r][\n]"
02:44:24.654 [Test worker] DEBUG org.apache.http.wire - http-outgoing-10 >> "Accept-Encoding: gzip,deflate[\r][\n]"
02:44:24.654 [Test worker] DEBUG org.apache.http.wire - http-outgoing-10 >> "[\r][\n]"
02:44:24.654 [Test worker] DEBUG org.apache.http.wire - http-outgoing-10 << "HTTP/1.1 200 OK[\r][\n]"
02:44:24.654 [Test worker] DEBUG org.apache.http.wire - http-outgoing-10 << "Content-Type: application/json[\r][\n]"
02:44:24.655 [Test worker] DEBUG org.apache.http.wire - http-outgoing-10 << "Server: Docker/1.12.1 (linux)[\r][\n]"
02:44:24.655 [Test worker] DEBUG org.apache.http.wire - http-outgoing-10 << "Date: Tue, 18 Oct 2016 00:44:24 GMT[\r][\n]"
02:44:24.655 [Test worker] DEBUG org.apache.http.wire - http-outgoing-10 << "Content-Length: 1100[\r][\n]"
02:44:24.655 [Test worker] DEBUG org.apache.http.wire - http-outgoing-10 << "[\r][\n]"
02:44:24.655 [Test worker] DEBUG org.apache.http.wire - http-outgoing-10 << "[{"Name":"bridge","Id":"90941628611ab58d4fa4db6bcd1806afb9bf994c4562bea7ae3dc9153b373da5","Scope":"local","Driver":"bridge","EnableIPv6":false,"IPAM":{"Driver":"default","Options":null,"Config":[{"Subnet":"172.17.0.0/16","Gateway":"172.17.0.1"}]},"Internal":false,"Containers":{},"Options":{"com.docker.network.bridge.default_bridge":"true","com.docker.network.bridge.enable_icc":"true","com.docker.network.bridge.enable_ip_masquerade":"true","com.docker.network.bridge.host_binding_ipv4":"0.0.0.0","com.docker.network.bridge.name":"docker0","com.docker.network.driver.mtu":"1500"},"Labels":{}},{"Name":"none","Id":"4d89c194eb79cd2beb38458d10a1b98c74d6b8462af72afde29ae7aca53ed5ca","Scope":"local","Driver":"null","EnableIPv6":false,"IPAM":{"Driver":"default","Options":null,"Config":[]},"Internal":false,"Containers":{},"Options":{},"Labels":{}},{"Name":"host","Id":"fe042b0866671b5be4f097ba43830c0a02959c058702d18e18c14a24d88a357d","Scope":"local","Driver":"host","EnableIPv6":false,"IPAM":{"Driver":"default","Options":null,"Config":[]},"Internal":false,"Containers":{},"Options":{},"Labels":{}}][\n]"
02:44:24.655 [Test worker] DEBUG org.apache.http.headers - http-outgoing-10 << HTTP/1.1 200 OK
02:44:24.655 [Test worker] DEBUG org.apache.http.headers - http-outgoing-10 << Content-Type: application/json
02:44:24.655 [Test worker] DEBUG org.apache.http.headers - http-outgoing-10 << Server: Docker/1.12.1 (linux)
02:44:24.655 [Test worker] DEBUG org.apache.http.headers - http-outgoing-10 << Date: Tue, 18 Oct 2016 00:44:24 GMT
02:44:24.655 [Test worker] DEBUG org.apache.http.headers - http-outgoing-10 << Content-Length: 1100
02:44:24.655 [Test worker] DEBUG o.a.h.impl.execchain.MainClientExec - Connection can be kept alive indefinitely
02:44:24.656 [Test worker] DEBUG c.g.d.j.JerseyDockerCmdExecFactory - 2 * Client response received on thread Test worker
2 < 200
2 < Content-Length: 1100
2 < Content-Type: application/json
2 < Date: Tue, 18 Oct 2016 00:44:24 GMT
2 < Server: Docker/1.12.1 (linux)
[{"Name":"bridge","Id":"90941628611ab58d4fa4db6bcd1806afb9bf994c4562bea7ae3dc9153b373da5","Scope":"local","Driver":"bridge","EnableIPv6":false,"IPAM":{"Driver":"default","Options":null,"Config":[{"Subnet":"172.17.0.0/16","Gateway":"172.17.0.1"}]},"Internal":false,"Containers":{},"Options":{"com.docker.network.bridge.default_bridge":"true","com.docker.network.bridge.enable_icc":"true","com.docker.network.bridge.enable_ip_masquerade":"true","com.docker.network.bridge.host_binding_ipv4":"0.0.0.0","com.docker.network.bridge.name":"docker0","com.docker.network.driver.mtu":"1500"},"Labels":{}},{"Name":"none","Id":"4d89c194eb79cd2beb38458d10a1b98c74d6b8462af72afde29ae7aca53ed5ca","Scope":"local","Driver":"null","EnableIPv6":false,"IPAM":{"Driver":"default","Options":null,"Config":[]},"Internal":false,"Containers":{},"Options":{},"Labels":{}},{"Name":"host","Id":"fe042b0866671b5be4f097ba43830c0a02959c058702d18e18c14a24d88a357d","Scope":"local","Driver":"host","EnableIPv6":false,"IPAM":{"Driver":"default","Options":null,"Config":[]},"Internal":false,"Containers":{},"Options":{},"Labels":{}}]


02:44:24.661 [Test worker] DEBUG o.a.h.i.c.DefaultManagedHttpClientConnection - http-outgoing-10: Close connection
02:44:24.662 [Test worker] DEBUG o.a.h.impl.execchain.MainClientExec - Connection discarded
02:44:24.662 [Test worker] DEBUG c.g.d.j.JerseyDockerCmdExecFactory$1 - Connection released: [id: 10][route: {}->http://localhost:2375][total kept alive: 0; route allocated: 0 of 2; total allocated: 0 of 20]
02:44:24.662 [Test worker] DEBUG c.g.d.core.command.AbstrDockerCmd - Cmd: com.github.dockerjava.core.util.FiltersBuilder@0,com.github.dockerjava.jaxrs.ListVolumesCmdExec@4f03738b
02:44:24.662 [Test worker] DEBUG c.g.d.j.JerseyDockerCmdExecFactory - 3 * Sending client request on thread Test worker
3 > GET http://localhost:2375/volumes
3 > Accept: application/json

02:44:24.663 [Test worker] DEBUG o.a.h.c.protocol.RequestAddCookies - CookieSpec selected: default
02:44:24.663 [Test worker] DEBUG o.a.h.c.protocol.RequestAuthCache - Auth cache not set in the context
02:44:24.663 [Test worker] DEBUG c.g.d.j.JerseyDockerCmdExecFactory$1 - Connection request: [route: {}->http://localhost:2375][total kept alive: 0; route allocated: 0 of 2; total allocated: 0 of 20]
02:44:24.663 [Test worker] DEBUG c.g.d.j.JerseyDockerCmdExecFactory$1 - Connection leased: [id: 11][route: {}->http://localhost:2375][total kept alive: 0; route allocated: 1 of 2; total allocated: 1 of 20]
02:44:24.663 [Test worker] DEBUG o.a.h.impl.execchain.MainClientExec - Opening connection {}->http://localhost:2375
02:44:24.663 [Test worker] DEBUG o.a.h.i.c.DefaultHttpClientConnectionOperator - Connecting to localhost/127.0.0.1:2375
02:44:24.664 [Test worker] DEBUG o.a.h.i.c.DefaultHttpClientConnectionOperator - Connection established 127.0.0.1:57022<->127.0.0.1:2375
02:44:24.664 [Test worker] DEBUG o.a.h.impl.execchain.MainClientExec - Executing request GET /volumes HTTP/1.1
02:44:24.664 [Test worker] DEBUG o.a.h.impl.execchain.MainClientExec - Target auth state: UNCHALLENGED
02:44:24.664 [Test worker] DEBUG o.a.h.impl.execchain.MainClientExec - Proxy auth state: UNCHALLENGED
02:44:24.664 [Test worker] DEBUG org.apache.http.headers - http-outgoing-11 >> GET /volumes HTTP/1.1
02:44:24.664 [Test worker] DEBUG org.apache.http.headers - http-outgoing-11 >> Accept: application/json
02:44:24.664 [Test worker] DEBUG org.apache.http.headers - http-outgoing-11 >> User-Agent: Jersey/2.23.1 (Apache HttpClient 4.5.1)
02:44:24.664 [Test worker] DEBUG org.apache.http.headers - http-outgoing-11 >> Host: localhost:2375
02:44:24.664 [Test worker] DEBUG org.apache.http.headers - http-outgoing-11 >> Connection: Keep-Alive
02:44:24.664 [Test worker] DEBUG org.apache.http.headers - http-outgoing-11 >> Accept-Encoding: gzip,deflate
02:44:24.669 [Test worker] DEBUG org.apache.http.wire - http-outgoing-11 >> "GET /volumes HTTP/1.1[\r][\n]"
02:44:24.669 [Test worker] DEBUG org.apache.http.wire - http-outgoing-11 >> "Accept: application/json[\r][\n]"
02:44:24.669 [Test worker] DEBUG org.apache.http.wire - http-outgoing-11 >> "User-Agent: Jersey/2.23.1 (Apache HttpClient 4.5.1)[\r][\n]"
02:44:24.669 [Test worker] DEBUG org.apache.http.wire - http-outgoing-11 >> "Host: localhost:2375[\r][\n]"
02:44:24.669 [Test worker] DEBUG org.apache.http.wire - http-outgoing-11 >> "Connection: Keep-Alive[\r][\n]"
02:44:24.669 [Test worker] DEBUG org.apache.http.wire - http-outgoing-11 >> "Accept-Encoding: gzip,deflate[\r][\n]"
02:44:24.669 [Test worker] DEBUG org.apache.http.wire - http-outgoing-11 >> "[\r][\n]"
02:44:24.670 [Test worker] DEBUG org.apache.http.wire - http-outgoing-11 << "HTTP/1.1 200 OK[\r][\n]"
02:44:24.670 [Test worker] DEBUG org.apache.http.wire - http-outgoing-11 << "Content-Type: application/json[\r][\n]"
02:44:24.670 [Test worker] DEBUG org.apache.http.wire - http-outgoing-11 << "Server: Docker/1.12.1 (linux)[\r][\n]"
02:44:24.670 [Test worker] DEBUG org.apache.http.wire - http-outgoing-11 << "Date: Tue, 18 Oct 2016 00:44:24 GMT[\r][\n]"
02:44:24.670 [Test worker] DEBUG org.apache.http.wire - http-outgoing-11 << "Content-Length: 33[\r][\n]"
02:44:24.670 [Test worker] DEBUG org.apache.http.wire - http-outgoing-11 << "[\r][\n]"
02:44:24.670 [Test worker] DEBUG org.apache.http.wire - http-outgoing-11 << "{"Volumes":null,"Warnings":null}[\n]"
02:44:24.670 [Test worker] DEBUG org.apache.http.headers - http-outgoing-11 << HTTP/1.1 200 OK
02:44:24.671 [Test worker] DEBUG org.apache.http.headers - http-outgoing-11 << Content-Type: application/json
02:44:24.671 [Test worker] DEBUG org.apache.http.headers - http-outgoing-11 << Server: Docker/1.12.1 (linux)
02:44:24.671 [Test worker] DEBUG org.apache.http.headers - http-outgoing-11 << Date: Tue, 18 Oct 2016 00:44:24 GMT
02:44:24.671 [Test worker] DEBUG org.apache.http.headers - http-outgoing-11 << Content-Length: 33
02:44:24.671 [Test worker] DEBUG o.a.h.impl.execchain.MainClientExec - Connection can be kept alive indefinitely
02:44:24.671 [Test worker] DEBUG c.g.d.j.JerseyDockerCmdExecFactory - 4 * Client response received on thread Test worker
4 < 200
4 < Content-Length: 33
4 < Content-Type: application/json
4 < Date: Tue, 18 Oct 2016 00:44:24 GMT
4 < Server: Docker/1.12.1 (linux)
{"Volumes":null,"Warnings":null}


02:44:24.672 [Test worker] DEBUG o.a.h.i.c.DefaultManagedHttpClientConnection - http-outgoing-11: Close connection
02:44:24.674 [Test worker] DEBUG o.a.h.impl.execchain.MainClientExec - Connection discarded
02:44:24.674 [Test worker] DEBUG c.g.d.j.JerseyDockerCmdExecFactory$1 - Connection released: [id: 11][route: {}->http://localhost:2375][total kept alive: 0; route allocated: 0 of 2; total allocated: 0 of 20]
02:44:24.676 [Test worker] DEBUG org.openbaton.docker.DockerVim - Loading properties
02:44:24.676 [Test worker] DEBUG org.openbaton.docker.DockerVim - Loaded properties: {type=docker}
02:44:24.682 [Test worker] DEBUG c.g.d.core.command.AbstrDockerCmd - Cmd: -1,<null>,true,<null>,<null>,com.github.dockerjava.core.util.FiltersBuilder@0,com.github.dockerjava.jaxrs.ListContainersCmdExec@265a1699
02:44:24.707 [Test worker] DEBUG c.g.d.j.JerseyDockerCmdExecFactory - 1 * Sending client request on thread Test worker
1 > GET http://localhost:2375/containers/json?all=true
1 > Accept: application/json

02:44:24.708 [Test worker] DEBUG o.a.h.c.protocol.RequestAddCookies - CookieSpec selected: default
02:44:24.708 [Test worker] DEBUG o.a.h.c.protocol.RequestAuthCache - Auth cache not set in the context
02:44:24.708 [Test worker] DEBUG c.g.d.j.JerseyDockerCmdExecFactory$1 - Connection request: [route: {}->http://localhost:2375][total kept alive: 0; route allocated: 0 of 2; total allocated: 0 of 20]
02:44:24.708 [Test worker] DEBUG c.g.d.j.JerseyDockerCmdExecFactory$1 - Connection leased: [id: 12][route: {}->http://localhost:2375][total kept alive: 0; route allocated: 1 of 2; total allocated: 1 of 20]
02:44:24.708 [Test worker] DEBUG o.a.h.impl.execchain.MainClientExec - Opening connection {}->http://localhost:2375
[...]
02:44:43.700 [Test worker] DEBUG org.apache.http.wire - http-outgoing-142 << "Date: Tue, 18 Oct 2016 00:44:43 GMT[\r][\n]"
02:44:43.700 [Test worker] DEBUG org.apache.http.wire - http-outgoing-142 << "[\r][\n]"
02:44:43.700 [Test worker] DEBUG org.apache.http.headers - http-outgoing-142 << HTTP/1.1 204 No Content
02:44:43.700 [Test worker] DEBUG org.apache.http.headers - http-outgoing-142 << Server: Docker/1.12.1 (linux)
02:44:43.700 [Test worker] DEBUG org.apache.http.headers - http-outgoing-142 << Date: Tue, 18 Oct 2016 00:44:43 GMT
02:44:43.700 [Test worker] DEBUG o.a.h.impl.execchain.MainClientExec - Connection can be kept alive indefinitely
02:44:43.700 [Test worker] DEBUG c.g.d.j.JerseyDockerCmdExecFactory$1 - Connection [id: 142][route: {}->http://localhost:2375] can be kept alive indefinitely
02:44:43.700 [Test worker] DEBUG c.g.d.j.JerseyDockerCmdExecFactory$1 - Connection released: [id: 142][route: {}->http://localhost:2375][total kept alive: 1; route allocated: 1 of 2; total allocated: 1 of 20]
02:44:43.700 [Test worker] DEBUG c.g.d.j.JerseyDockerCmdExecFactory - 4 * Client response received on thread Test worker
4 < 204
4 < Date: Tue, 18 Oct 2016 00:44:43 GMT
4 < Server: Docker/1.12.1 (linux)

02:44:43.701 [Test worker] DEBUG org.openbaton.docker.DockerVim - Server deleted successfully
02:44:43.702 [Test worker] DEBUG c.g.d.core.command.AbstrDockerCmd - Cmd: com.github.dockerjava.core.util.FiltersBuilder@0,com.github.dockerjava.jaxrs.ListNetworksCmdExec@68d110c3
02:44:43.725 [Test worker] DEBUG c.g.d.j.JerseyDockerCmdExecFactory - 1 * Sending client request on thread Test worker
1 > GET http://localhost:2375/networks
1 > Accept: application/json

02:44:43.725 [Test worker] DEBUG o.a.h.c.protocol.RequestAddCookies - CookieSpec selected: default
02:44:43.725 [Test worker] DEBUG o.a.h.c.protocol.RequestAuthCache - Auth cache not set in the context
02:44:43.725 [Test worker] DEBUG c.g.d.j.JerseyDockerCmdExecFactory$1 - Connection request: [route: {}->http://localhost:2375][total kept alive: 0; route allocated: 0 of 2; total allocated: 0 of 20]
02:44:43.726 [Test worker] DEBUG c.g.d.j.JerseyDockerCmdExecFactory$1 - Connection leased: [id: 143][route: {}->http://localhost:2375][total kept alive: 0; route allocated: 1 of 2; total allocated: 1 of 20]
02:44:43.726 [Test worker] DEBUG o.a.h.impl.execchain.MainClientExec - Opening connection {}->http://localhost:2375
02:44:43.726 [Test worker] DEBUG o.a.h.i.c.DefaultHttpClientConnectionOperator - Connecting to localhost/127.0.0.1:2375
02:44:43.726 [Test worker] DEBUG o.a.h.i.c.DefaultHttpClientConnectionOperator - Connection established 127.0.0.1:57302<->127.0.0.1:2375
02:44:43.726 [Test worker] DEBUG o.a.h.impl.execchain.MainClientExec - Executing request GET /networks HTTP/1.1
02:44:43.726 [Test worker] DEBUG o.a.h.impl.execchain.MainClientExec - Target auth state: UNCHALLENGED
02:44:43.726 [Test worker] DEBUG o.a.h.impl.execchain.MainClientExec - Proxy auth state: UNCHALLENGED
02:44:43.726 [Test worker] DEBUG org.apache.http.headers - http-outgoing-143 >> GET /networks HTTP/1.1
02:44:43.726 [Test worker] DEBUG org.apache.http.headers - http-outgoing-143 >> Accept: application/json
02:44:43.726 [Test worker] DEBUG org.apache.http.headers - http-outgoing-143 >> User-Agent: Jersey/2.23.1 (Apache HttpClient 4.5.1)
02:44:43.726 [Test worker] DEBUG org.apache.http.headers - http-outgoing-143 >> Host: localhost:2375
02:44:43.726 [Test worker] DEBUG org.apache.http.headers - http-outgoing-143 >> Connection: Keep-Alive
02:44:43.726 [Test worker] DEBUG org.apache.http.headers - http-outgoing-143 >> Accept-Encoding: gzip,deflate
02:44:43.726 [Test worker] DEBUG org.apache.http.wire - http-outgoing-143 >> "GET /networks HTTP/1.1[\r][\n]"
02:44:43.726 [Test worker] DEBUG org.apache.http.wire - http-outgoing-143 >> "Accept: application/json[\r][\n]"
02:44:43.727 [Test worker] DEBUG org.apache.http.wire - http-outgoing-143 >> "User-Agent: Jersey/2.23.1 (Apache HttpClient 4.5.1)[\r][\n]"
02:44:43.727 [Test worker] DEBUG org.apache.http.wire - http-outgoing-143 >> "Host: localhost:2375[\r][\n]"
02:44:43.727 [Test worker] DEBUG org.apache.http.wire - http-outgoing-143 >> "Connection: Keep-Alive[\r][\n]"
02:44:43.727 [Test worker] DEBUG org.apache.http.wire - http-outgoing-143 >> "Accept-Encoding: gzip,deflate[\r][\n]"
02:44:43.727 [Test worker] DEBUG org.apache.http.wire - http-outgoing-143 >> "[\r][\n]"
02:44:43.727 [Test worker] DEBUG org.apache.http.wire - http-outgoing-143 << "HTTP/1.1 200 OK[\r][\n]"
02:44:43.727 [Test worker] DEBUG org.apache.http.wire - http-outgoing-143 << "Content-Type: application/json[\r][\n]"
02:44:43.727 [Test worker] DEBUG org.apache.http.wire - http-outgoing-143 << "Server: Docker/1.12.1 (linux)[\r][\n]"
02:44:43.727 [Test worker] DEBUG org.apache.http.wire - http-outgoing-143 << "Date: Tue, 18 Oct 2016 00:44:43 GMT[\r][\n]"
02:44:43.727 [Test worker] DEBUG org.apache.http.wire - http-outgoing-143 << "Content-Length: 1408[\r][\n]"
02:44:43.727 [Test worker] DEBUG org.apache.http.wire - http-outgoing-143 << "[\r][\n]"
02:44:43.727 [Test worker] DEBUG org.apache.http.wire - http-outgoing-143 << "[{"Name":"host","Id":"fe042b0866671b5be4f097ba43830c0a02959c058702d18e18c14a24d88a357d","Scope":"local","Driver":"host","EnableIPv6":false,"IPAM":{"Driver":"default","Options":null,"Config":[]},"Internal":false,"Containers":{},"Options":{},"Labels":{}},{"Name":"MyNetwork","Id":"e2e412f23b56b375635e4296ee694b700334ab3114ce58672dac6b78d526468f","Scope":"local","Driver":"bridge","EnableIPv6":false,"IPAM":{"Driver":"default","Options":null,"Config":[{"Subnet":"172.19.0.0/16","Gateway":"172.19.0.1"}]},"Internal":false,"Containers":{},"Options":{},"Labels":{}},{"Name":"bridge","Id":"90941628611ab58d4fa4db6bcd1806afb9bf994c4562bea7ae3dc9153b373da5","Scope":"local","Driver":"bridge","EnableIPv6":false,"IPAM":{"Driver":"default","Options":null,"Config":[{"Subnet":"172.17.0.0/16","Gateway":"172.17.0.1"}]},"Internal":false,"Containers":{},"Options":{"com.docker.network.bridge.default_bridge":"true","com.docker.network.bridge.enable_icc":"true","com.docker.network.bridge.enable_ip_masquerade":"true","com.docker.network.bridge.host_binding_ipv4":"0.0.0.0","com.docker.network.bridge.name":"docker0","com.docker.network.driver.mtu":"1500"},"Labels":{}},{"Name":"none","Id":"4d89c194eb79cd2beb38458d10a1b98c74d6b8462af72afde29ae7aca53ed5ca","Scope":"local","Driver":"null","EnableIPv6":false,"IPAM":{"Driver":"default","Options":null,"Config":[]},"Internal":false,"Containers":{},"Options":{},"Labels":{}}][\n]"
02:44:43.727 [Test worker] DEBUG org.apache.http.headers - http-outgoing-143 << HTTP/1.1 200 OK
02:44:43.727 [Test worker] DEBUG org.apache.http.headers - http-outgoing-143 << Content-Type: application/json
02:44:43.728 [Test worker] DEBUG org.apache.http.headers - http-outgoing-143 << Server: Docker/1.12.1 (linux)
02:44:43.728 [Test worker] DEBUG org.apache.http.headers - http-outgoing-143 << Date: Tue, 18 Oct 2016 00:44:43 GMT
02:44:43.728 [Test worker] DEBUG org.apache.http.headers - http-outgoing-143 << Content-Length: 1408
02:44:43.728 [Test worker] DEBUG o.a.h.impl.execchain.MainClientExec - Connection can be kept alive indefinitely
02:44:43.728 [Test worker] DEBUG c.g.d.j.JerseyDockerCmdExecFactory - 2 * Client response received on thread Test worker
2 < 200
2 < Content-Length: 1408
2 < Content-Type: application/json
2 < Date: Tue, 18 Oct 2016 00:44:43 GMT
2 < Server: Docker/1.12.1 (linux)
[{"Name":"host","Id":"fe042b0866671b5be4f097ba43830c0a02959c058702d18e18c14a24d88a357d","Scope":"local","Driver":"host","EnableIPv6":false,"IPAM":{"Driver":"default","Options":null,"Config":[]},"Internal":false,"Containers":{},"Options":{},"Labels":{}},{"Name":"MyNetwork","Id":"e2e412f23b56b375635e4296ee694b700334ab3114ce58672dac6b78d526468f","Scope":"local","Driver":"bridge","EnableIPv6":false,"IPAM":{"Driver":"default","Options":null,"Config":[{"Subnet":"172.19.0.0/16","Gateway":"172.19.0.1"}]},"Internal":false,"Containers":{},"Options":{},"Labels":{}},{"Name":"bridge","Id":"90941628611ab58d4fa4db6bcd1806afb9bf994c4562bea7ae3dc9153b373da5","Scope":"local","Driver":"bridge","EnableIPv6":false,"IPAM":{"Driver":"default","Options":null,"Config":[{"Subnet":"172.17.0.0/16","Gateway":"172.17.0.1"}]},"Internal":false,"Containers":{},"Options":{"com.docker.network.bridge.default_bridge":"true","com.docker.network.bridge.enable_icc":"true","com.docker.network.bridge.enable_ip_masquerade":"true","com.docker.network.bridge.host_binding_ipv4":"0.0.0.0","com.docker.network.bridge.name":"docker0","com.docker.network.driver.mtu":"1500"},"Labels":{}},{"Name":"none","Id":"4d89c194eb79cd2beb38458d10a1b98c74d6b8462af72afde29ae7aca53ed5ca","Scope":"local","Driver":"null","EnableIPv6":false,"IPAM":{"Driver":"default","Options":null,"Config":[]},"Internal":false,"Containers":{},"Options":{},"Labels":{}}]


02:44:43.731 [Test worker] DEBUG o.a.h.i.c.DefaultManagedHttpClientConnection - http-outgoing-143: Close connection
02:44:43.731 [Test worker] DEBUG o.a.h.impl.execchain.MainClientExec - Connection discarded
02:44:43.731 [Test worker] DEBUG c.g.d.j.JerseyDockerCmdExecFactory$1 - Connection released: [id: 143][route: {}->http://localhost:2375][total kept alive: 0; route allocated: 0 of 2; total allocated: 0 of 20]
02:44:43.731 [Test worker] DEBUG org.openbaton.docker.DockerVim - Found a docker network, transformed into a NFV network Network{id='e2e412f23b56b375635e4296ee694b700334ab3114ce58672dac6b78d526468f', name='MyNetwork', extId='null', external=false, shared=false, subnets=[Subnet{id='null', version=0, name='bridge', extId='null', networkId='172.19.0.0/16', cidr='null', gatewayIp='172.19.0.1'}]}
02:44:43.732 [Test worker] DEBUG c.g.d.core.command.AbstrDockerCmd - Cmd: e2e412f23b56b375635e4296ee694b700334ab3114ce58672dac6b78d526468f,com.github.dockerjava.jaxrs.RemoveNetworkCmdExec@70095013
02:44:43.742 [Test worker] DEBUG c.g.d.j.JerseyDockerCmdExecFactory - 1 * Sending client request on thread Test worker
1 > DELETE http://localhost:2375/networks/e2e412f23b56b375635e4296ee694b700334ab3114ce58672dac6b78d526468f
1 > Accept: application/json

02:44:43.743 [Test worker] DEBUG o.a.h.c.protocol.RequestAddCookies - CookieSpec selected: default
02:44:43.743 [Test worker] DEBUG o.a.h.c.protocol.RequestAuthCache - Auth cache not set in the context
02:44:43.743 [Test worker] DEBUG c.g.d.j.JerseyDockerCmdExecFactory$1 - Connection request: [route: {}->http://localhost:2375][total kept alive: 0; route allocated: 0 of 2; total allocated: 0 of 20]
02:44:43.743 [Test worker] DEBUG c.g.d.j.JerseyDockerCmdExecFactory$1 - Connection leased: [id: 144][route: {}->http://localhost:2375][total kept alive: 0; route allocated: 1 of 2; total allocated: 1 of 20]
02:44:43.743 [Test worker] DEBUG o.a.h.impl.execchain.MainClientExec - Opening connection {}->http://localhost:2375
02:44:43.743 [Test worker] DEBUG o.a.h.i.c.DefaultHttpClientConnectionOperator - Connecting to localhost/127.0.0.1:2375
02:44:43.743 [Test worker] DEBUG o.a.h.i.c.DefaultHttpClientConnectionOperator - Connection established 127.0.0.1:57304<->127.0.0.1:2375
02:44:43.743 [Test worker] DEBUG o.a.h.impl.execchain.MainClientExec - Executing request DELETE /networks/e2e412f23b56b375635e4296ee694b700334ab3114ce58672dac6b78d526468f HTTP/1.1
02:44:43.743 [Test worker] DEBUG o.a.h.impl.execchain.MainClientExec - Target auth state: UNCHALLENGED
02:44:43.744 [Test worker] DEBUG o.a.h.impl.execchain.MainClientExec - Proxy auth state: UNCHALLENGED
02:44:43.744 [Test worker] DEBUG org.apache.http.headers - http-outgoing-144 >> DELETE /networks/e2e412f23b56b375635e4296ee694b700334ab3114ce58672dac6b78d526468f HTTP/1.1
02:44:43.744 [Test worker] DEBUG org.apache.http.headers - http-outgoing-144 >> Accept: application/json
02:44:43.744 [Test worker] DEBUG org.apache.http.headers - http-outgoing-144 >> User-Agent: Jersey/2.23.1 (Apache HttpClient 4.5.1)
02:44:43.744 [Test worker] DEBUG org.apache.http.headers - http-outgoing-144 >> Host: localhost:2375
02:44:43.744 [Test worker] DEBUG org.apache.http.headers - http-outgoing-144 >> Connection: Keep-Alive
02:44:43.744 [Test worker] DEBUG org.apache.http.headers - http-outgoing-144 >> Accept-Encoding: gzip,deflate
02:44:43.744 [Test worker] DEBUG org.apache.http.wire - http-outgoing-144 >> "DELETE /networks/e2e412f23b56b375635e4296ee694b700334ab3114ce58672dac6b78d526468f HTTP/1.1[\r][\n]"
02:44:43.744 [Test worker] DEBUG org.apache.http.wire - http-outgoing-144 >> "Accept: application/json[\r][\n]"
02:44:43.744 [Test worker] DEBUG org.apache.http.wire - http-outgoing-144 >> "User-Agent: Jersey/2.23.1 (Apache HttpClient 4.5.1)[\r][\n]"
02:44:43.744 [Test worker] DEBUG org.apache.http.wire - http-outgoing-144 >> "Host: localhost:2375[\r][\n]"
02:44:43.744 [Test worker] DEBUG org.apache.http.wire - http-outgoing-144 >> "Connection: Keep-Alive[\r][\n]"
02:44:43.744 [Test worker] DEBUG org.apache.http.wire - http-outgoing-144 >> "Accept-Encoding: gzip,deflate[\r][\n]"
02:44:43.744 [Test worker] DEBUG org.apache.http.wire - http-outgoing-144 >> "[\r][\n]"
02:44:43.784 [Test worker] DEBUG org.apache.http.wire - http-outgoing-144 << "HTTP/1.1 204 No Content[\r][\n]"
02:44:43.785 [Test worker] DEBUG org.apache.http.wire - http-outgoing-144 << "Server: Docker/1.12.1 (linux)[\r][\n]"
02:44:43.786 [Test worker] DEBUG org.apache.http.wire - http-outgoing-144 << "Date: Tue, 18 Oct 2016 00:44:43 GMT[\r][\n]"
02:44:43.786 [Test worker] DEBUG org.apache.http.wire - http-outgoing-144 << "[\r][\n]"
02:44:43.786 [Test worker] DEBUG org.apache.http.headers - http-outgoing-144 << HTTP/1.1 204 No Content
02:44:43.786 [Test worker] DEBUG org.apache.http.headers - http-outgoing-144 << Server: Docker/1.12.1 (linux)
02:44:43.786 [Test worker] DEBUG org.apache.http.headers - http-outgoing-144 << Date: Tue, 18 Oct 2016 00:44:43 GMT
02:44:43.786 [Test worker] DEBUG o.a.h.impl.execchain.MainClientExec - Connection can be kept alive indefinitely
02:44:43.786 [Test worker] DEBUG c.g.d.j.JerseyDockerCmdExecFactory$1 - Connection [id: 144][route: {}->http://localhost:2375] can be kept alive indefinitely
02:44:43.786 [Test worker] DEBUG c.g.d.j.JerseyDockerCmdExecFactory$1 - Connection released: [id: 144][route: {}->http://localhost:2375][total kept alive: 1; route allocated: 1 of 2; total allocated: 1 of 20]
02:44:43.786 [Test worker] DEBUG c.g.d.j.JerseyDockerCmdExecFactory - 2 * Client response received on thread Test worker
2 < 204
2 < Date: Tue, 18 Oct 2016 00:44:43 GMT
2 < Server: Docker/1.12.1 (linux)

02:44:43.786 [Test worker] DEBUG org.openbaton.docker.DockerVim - Network deleted successfully
02:44:43.786 [Test worker] DEBUG c.g.d.core.command.AbstrDockerCmd - Cmd: com.github.dockerjava.core.util.FiltersBuilder@0,com.github.dockerjava.jaxrs.ListVolumesCmdExec@4b177e75
02:44:43.787 [Test worker] DEBUG c.g.d.j.JerseyDockerCmdExecFactory - 8 * Sending client request on thread Test worker
8 > GET http://localhost:2375/volumes
8 > Accept: application/json

02:44:43.787 [Test worker] DEBUG o.a.h.c.protocol.RequestAddCookies - CookieSpec selected: default
02:44:43.787 [Test worker] DEBUG o.a.h.c.protocol.RequestAuthCache - Auth cache not set in the context
02:44:43.787 [Test worker] DEBUG c.g.d.j.JerseyDockerCmdExecFactory$1 - Connection request: [route: {}->http://localhost:2375][total kept alive: 0; route allocated: 0 of 2; total allocated: 0 of 20]
02:44:43.787 [Test worker] DEBUG c.g.d.j.JerseyDockerCmdExecFactory$1 - Connection leased: [id: 145][route: {}->http://localhost:2375][total kept alive: 0; route allocated: 1 of 2; total allocated: 1 of 20]
02:44:43.787 [Test worker] DEBUG o.a.h.impl.execchain.MainClientExec - Opening connection {}->http://localhost:2375
02:44:43.787 [Test worker] DEBUG o.a.h.i.c.DefaultHttpClientConnectionOperator - Connecting to localhost/127.0.0.1:2375
02:44:43.788 [Test worker] DEBUG o.a.h.i.c.DefaultHttpClientConnectionOperator - Connection established 127.0.0.1:57306<->127.0.0.1:2375
02:44:43.788 [Test worker] DEBUG o.a.h.impl.execchain.MainClientExec - Executing request GET /volumes HTTP/1.1
02:44:43.788 [Test worker] DEBUG o.a.h.impl.execchain.MainClientExec - Target auth state: UNCHALLENGED
02:44:43.788 [Test worker] DEBUG o.a.h.impl.execchain.MainClientExec - Proxy auth state: UNCHALLENGED
02:44:43.788 [Test worker] DEBUG org.apache.http.headers - http-outgoing-145 >> GET /volumes HTTP/1.1
02:44:43.788 [Test worker] DEBUG org.apache.http.headers - http-outgoing-145 >> Accept: application/json
02:44:43.788 [Test worker] DEBUG org.apache.http.headers - http-outgoing-145 >> User-Agent: Jersey/2.23.1 (Apache HttpClient 4.5.1)
02:44:43.788 [Test worker] DEBUG org.apache.http.headers - http-outgoing-145 >> Host: localhost:2375
02:44:43.788 [Test worker] DEBUG org.apache.http.headers - http-outgoing-145 >> Connection: Keep-Alive
02:44:43.788 [Test worker] DEBUG org.apache.http.headers - http-outgoing-145 >> Accept-Encoding: gzip,deflate
02:44:43.788 [Test worker] DEBUG org.apache.http.wire - http-outgoing-145 >> "GET /volumes HTTP/1.1[\r][\n]"
02:44:43.788 [Test worker] DEBUG org.apache.http.wire - http-outgoing-145 >> "Accept: application/json[\r][\n]"
02:44:43.788 [Test worker] DEBUG org.apache.http.wire - http-outgoing-145 >> "User-Agent: Jersey/2.23.1 (Apache HttpClient 4.5.1)[\r][\n]"
02:44:43.788 [Test worker] DEBUG org.apache.http.wire - http-outgoing-145 >> "Host: localhost:2375[\r][\n]"
02:44:43.789 [Test worker] DEBUG org.apache.http.wire - http-outgoing-145 >> "Connection: Keep-Alive[\r][\n]"
02:44:43.789 [Test worker] DEBUG org.apache.http.wire - http-outgoing-145 >> "Accept-Encoding: gzip,deflate[\r][\n]"
02:44:43.789 [Test worker] DEBUG org.apache.http.wire - http-outgoing-145 >> "[\r][\n]"
02:44:43.789 [Test worker] DEBUG org.apache.http.wire - http-outgoing-145 << "HTTP/1.1 200 OK[\r][\n]"
02:44:43.789 [Test worker] DEBUG org.apache.http.wire - http-outgoing-145 << "Content-Type: application/json[\r][\n]"
02:44:43.789 [Test worker] DEBUG org.apache.http.wire - http-outgoing-145 << "Server: Docker/1.12.1 (linux)[\r][\n]"
02:44:43.789 [Test worker] DEBUG org.apache.http.wire - http-outgoing-145 << "Date: Tue, 18 Oct 2016 00:44:43 GMT[\r][\n]"
02:44:43.789 [Test worker] DEBUG org.apache.http.wire - http-outgoing-145 << "Content-Length: 33[\r][\n]"
02:44:43.789 [Test worker] DEBUG org.apache.http.wire - http-outgoing-145 << "[\r][\n]"
02:44:43.789 [Test worker] DEBUG org.apache.http.wire - http-outgoing-145 << "{"Volumes":null,"Warnings":null}[\n]"
02:44:43.789 [Test worker] DEBUG org.apache.http.headers - http-outgoing-145 << HTTP/1.1 200 OK
02:44:43.789 [Test worker] DEBUG org.apache.http.headers - http-outgoing-145 << Content-Type: application/json
02:44:43.789 [Test worker] DEBUG org.apache.http.headers - http-outgoing-145 << Server: Docker/1.12.1 (linux)
02:44:43.789 [Test worker] DEBUG org.apache.http.headers - http-outgoing-145 << Date: Tue, 18 Oct 2016 00:44:43 GMT
02:44:43.790 [Test worker] DEBUG org.apache.http.headers - http-outgoing-145 << Content-Length: 33
02:44:43.790 [Test worker] DEBUG o.a.h.impl.execchain.MainClientExec - Connection can be kept alive indefinitely
02:44:43.790 [Test worker] DEBUG c.g.d.j.JerseyDockerCmdExecFactory - 9 * Client response received on thread Test worker
9 < 200
9 < Content-Length: 33
9 < Content-Type: application/json
9 < Date: Tue, 18 Oct 2016 00:44:43 GMT
9 < Server: Docker/1.12.1 (linux)
{"Volumes":null,"Warnings":null}


02:44:43.790 [Test worker] DEBUG o.a.h.i.c.DefaultManagedHttpClientConnection - http-outgoing-145: Close connection
02:44:43.790 [Test worker] DEBUG o.a.h.impl.execchain.MainClientExec - Connection discarded
02:44:43.790 [Test worker] DEBUG c.g.d.j.JerseyDockerCmdExecFactory$1 - Connection released: [id: 145][route: {}->http://localhost:2375][total kept alive: 0; route allocated: 0 of 2; total allocated: 0 of 20]
]]></system-out>
  <system-err><![CDATA[]]></system-err>
</testsuite>
